#-----------------------------------------------------------
# Vivado v2018.3 (64-bit)
# SW Build 2405991 on Thu Dec  6 23:36:41 MST 2018
# IP Build 2404404 on Fri Dec  7 01:43:56 MST 2018
# Start of session at: Thu Mar 28 05:35:05 2019
# Process ID: 4670
# Current directory: /home/petr/Projects/fpga/zedboard/wrk/ps_freertos_lwip/rtl/vivado
# Command line: vivado
# Log file: /home/petr/Projects/fpga/zedboard/wrk/ps_freertos_lwip/rtl/vivado/vivado.log
# Journal file: /home/petr/Projects/fpga/zedboard/wrk/ps_freertos_lwip/rtl/vivado/vivado.jou
#-----------------------------------------------------------
start_gui
create_project ps_basic_led . -part xc7z020clg484-1
INFO: [IP_Flow 19-234] Refreshing IP repositories
INFO: [IP_Flow 19-1704] No user IP repositories specified
INFO: [IP_Flow 19-2313] Loaded Vivado IP repository '/opt/Xilinx/Vivado/2018.3/data/ip'.
create_project: Time (s): cpu = 00:00:11 ; elapsed = 00:00:07 . Memory (MB): peak = 6549.953 ; gain = 70.098 ; free physical = 2444 ; free virtual = 6967
set_property board_part digilentinc.com:zedboard:part0:1.0 [current_project]
set_property target_language VHDL [current_project]
WARNING: [IP_Flow 19-3899] Cannot get the environment domain name variable for the component vendor name. Setting the vendor name to 'user.org'.
create_bd_design -dir {/home/petr/Projects/fpga/zedboard/wrk/ps_freertos_lwip/rtl/src/ip} "ps_system"
Wrote  : </home/petr/Projects/fpga/zedboard/wrk/ps_freertos_lwip/rtl/src/ip/ps_system/ps_system.bd> 
create_bd_design: Time (s): cpu = 00:00:07 ; elapsed = 00:00:06 . Memory (MB): peak = 6666.309 ; gain = 74.070 ; free physical = 2364 ; free virtual = 6944
update_compile_order -fileset sources_1
startgroup
create_bd_cell -type ip -vlnv xilinx.com:ip:processing_system7:5.5 processing_system7_0
endgroup
WARNING: [IP_Flow 19-474] Invalid Parameter 'Component_Name'
CRITICAL WARNING: [PS7-6]  LVCMOS33 (3.3V) is not supported for RGMII interface in Ethernet0. Recommendation is to use 1.8/2.5V IO.
CRITICAL WARNING: [PS7-6]  LVCMOS33 (3.3V) is not supported for RGMII interface in Ethernet0. Recommendation is to use 1.8/2.5V IO.
CRITICAL WARNING: [PS7-6]  LVCMOS33 (3.3V) is not supported for RGMII interface in Ethernet0. Recommendation is to use 1.8/2.5V IO.
set_property -dict [list CONFIG.PCW_ENET0_PERIPHERAL_ENABLE {1} CONFIG.PCW_ENET0_ENET0_IO {MIO 16 .. 27} CONFIG.PCW_USB1_PERIPHERAL_ENABLE {1} CONFIG.PCW_USB1_USB1_IO {MIO 40 .. 51}] [get_bd_cells processing_system7_0]
CRITICAL WARNING: [PS7-6]  LVCMOS33 (3.3V) is not supported for RGMII interface in Ethernet0. Recommendation is to use 1.8/2.5V IO.
startgroup
create_bd_cell -type ip -vlnv xilinx.com:ip:axi_gpio:2.0 axi_gpio_0
endgroup
set_property location {2.5 890 -265} [get_bd_cells axi_gpio_0]
startgroup
create_bd_cell -type ip -vlnv xilinx.com:ip:axi_gpio:2.0 axi_gpio_1
endgroup
set_property location {3 936 -77} [get_bd_cells axi_gpio_1]
set_property -dict [list CONFIG.C_GPIO_WIDTH {8} CONFIG.C_GPIO2_WIDTH {8} CONFIG.C_IS_DUAL {1} CONFIG.C_ALL_INPUTS_2 {1} CONFIG.C_ALL_OUTPUTS {1} CONFIG.C_ALL_OUTPUTS_2 {0}] [get_bd_cells axi_gpio_0]
set_property -dict [list CONFIG.C_GPIO_WIDTH {5} CONFIG.C_ALL_INPUTS {1}] [get_bd_cells axi_gpio_1]
set_property -dict [list CONFIG.GPIO_BOARD_INTERFACE {leds_8bits} CONFIG.GPIO2_BOARD_INTERFACE {sws_8bits} CONFIG.C_ALL_OUTPUTS {0}] [get_bd_cells axi_gpio_0]
set_property -dict [list CONFIG.GPIO_BOARD_INTERFACE {btns_5bits}] [get_bd_cells axi_gpio_1]
apply_bd_automation -rule xilinx.com:bd_rule:processing_system7 -config {make_external "FIXED_IO, DDR" apply_board_preset "1" Master "Disable" Slave "Disable" }  [get_bd_cells processing_system7_0]
startgroup
apply_bd_automation -rule xilinx.com:bd_rule:axi4 -config { Clk_master {Auto} Clk_slave {Auto} Clk_xbar {Auto} Master {/processing_system7_0/M_AXI_GP0} Slave {/axi_gpio_0/S_AXI} intc_ip {New AXI Interconnect} master_apm {0}}  [get_bd_intf_pins axi_gpio_0/S_AXI]
INFO: [Ipptcl 7-1463] No Compatible Board Interface found. Board Tab not created in customize GUI
</axi_gpio_0/S_AXI/Reg> is being mapped into </processing_system7_0/Data> at <0x41200000 [ 64K ]>
apply_bd_automation -rule xilinx.com:bd_rule:board -config { Board_Interface {leds_8bits ( LED ) } Manual_Source {Auto}}  [get_bd_intf_pins axi_gpio_0/GPIO]
INFO: [board_rule 100-100] set_property CONFIG.USE_BOARD_FLOW true [get_bd_cells /axi_gpio_0]
INFO: [board_rule 100-100] set_property CONFIG.GPIO_BOARD_INTERFACE leds_8bits [get_bd_cells /axi_gpio_0]
INFO: [board_rule 100-100] create_bd_intf_port -mode Master -vlnv xilinx.com:interface:gpio_rtl:1.0 leds_8bits
INFO: [board_rule 100-100] connect_bd_intf_net /leds_8bits /axi_gpio_0/GPIO
apply_bd_automation -rule xilinx.com:bd_rule:board -config { Board_Interface {sws_8bits ( DIP switches ) } Manual_Source {Auto}}  [get_bd_intf_pins axi_gpio_0/GPIO2]
INFO: [board_rule 100-100] set_property CONFIG.GPIO2_BOARD_INTERFACE sws_8bits [get_bd_cells /axi_gpio_0]
INFO: [board_rule 100-100] create_bd_intf_port -mode Master -vlnv xilinx.com:interface:gpio_rtl:1.0 sws_8bits
INFO: [board_rule 100-100] connect_bd_intf_net /sws_8bits /axi_gpio_0/GPIO2
apply_bd_automation -rule xilinx.com:bd_rule:axi4 -config { Clk_master {Auto} Clk_slave {Auto} Clk_xbar {Auto} Master {/processing_system7_0/M_AXI_GP0} Slave {/axi_gpio_1/S_AXI} intc_ip {New AXI Interconnect} master_apm {0}}  [get_bd_intf_pins axi_gpio_1/S_AXI]
</axi_gpio_1/S_AXI/Reg> is being mapped into </processing_system7_0/Data> at <0x41210000 [ 64K ]>
apply_bd_automation -rule xilinx.com:bd_rule:board -config { Board_Interface {btns_5bits ( Push buttons ) } Manual_Source {Auto}}  [get_bd_intf_pins axi_gpio_1/GPIO]
INFO: [board_rule 100-100] set_property CONFIG.USE_BOARD_FLOW true [get_bd_cells /axi_gpio_1]
INFO: [board_rule 100-100] set_property CONFIG.GPIO_BOARD_INTERFACE btns_5bits [get_bd_cells /axi_gpio_1]
INFO: [board_rule 100-100] create_bd_intf_port -mode Master -vlnv xilinx.com:interface:gpio_rtl:1.0 btns_5bits
INFO: [board_rule 100-100] connect_bd_intf_net /btns_5bits /axi_gpio_1/GPIO
endgroup
regenerate_bd_layout -routing
regenerate_bd_layout
regenerate_bd_layout -routing
save_bd_design
Wrote  : </home/petr/Projects/fpga/zedboard/wrk/ps_freertos_lwip/rtl/src/ip/ps_system/ps_system.bd> 
Wrote  : </home/petr/Projects/fpga/zedboard/wrk/ps_freertos_lwip/rtl/src/ip/ps_system/ui/bd_acb4fdab.ui> 
validate_bd_design
save_bd_design
Wrote  : </home/petr/Projects/fpga/zedboard/wrk/ps_freertos_lwip/rtl/src/ip/ps_system/ps_system.bd> 
Wrote  : </home/petr/Projects/fpga/zedboard/wrk/ps_freertos_lwip/rtl/src/ip/ps_system/ui/bd_acb4fdab.ui> 
generate_target all [get_files  /home/petr/Projects/fpga/zedboard/wrk/ps_freertos_lwip/rtl/src/ip/ps_system/ps_system.bd]
INFO: [BD 41-1662] The design 'ps_system.bd' is already validated. Therefore parameter propagation will not be re-run.
VHDL Output written to : /home/petr/Projects/fpga/zedboard/wrk/ps_freertos_lwip/rtl/src/ip/ps_system/synth/ps_system.vhd
VHDL Output written to : /home/petr/Projects/fpga/zedboard/wrk/ps_freertos_lwip/rtl/src/ip/ps_system/sim/ps_system.vhd
VHDL Output written to : /home/petr/Projects/fpga/zedboard/wrk/ps_freertos_lwip/rtl/src/ip/ps_system/hdl/ps_system_wrapper.vhd
INFO: [BD 41-1029] Generation completed for the IP Integrator block processing_system7_0 .
INFO: [BD 41-1029] Generation completed for the IP Integrator block axi_gpio_0 .
INFO: [BD 41-1029] Generation completed for the IP Integrator block axi_gpio_1 .
INFO: [BD 41-1029] Generation completed for the IP Integrator block ps7_0_axi_periph/xbar .
INFO: [BD 41-1029] Generation completed for the IP Integrator block rst_ps7_0_100M .
WARNING: [IP_Flow 19-4994] Overwriting existing constraint file '/home/petr/Projects/fpga/zedboard/wrk/ps_freertos_lwip/rtl/src/ip/ps_system/ip/ps_system_auto_pc_0/ps_system_auto_pc_0_ooc.xdc'
INFO: [BD 41-1029] Generation completed for the IP Integrator block ps7_0_axi_periph/s00_couplers/auto_pc .
Exporting to file /home/petr/Projects/fpga/zedboard/wrk/ps_freertos_lwip/rtl/src/ip/ps_system/hw_handoff/ps_system.hwh
Generated Block Design Tcl file /home/petr/Projects/fpga/zedboard/wrk/ps_freertos_lwip/rtl/src/ip/ps_system/hw_handoff/ps_system_bd.tcl
Generated Hardware Definition File /home/petr/Projects/fpga/zedboard/wrk/ps_freertos_lwip/rtl/src/ip/ps_system/synth/ps_system.hwdef
generate_target: Time (s): cpu = 00:00:16 ; elapsed = 00:00:16 . Memory (MB): peak = 7039.793 ; gain = 91.906 ; free physical = 1905 ; free virtual = 6598
catch { config_ip_cache -export [get_ips -all ps_system_processing_system7_0_0] }
catch { config_ip_cache -export [get_ips -all ps_system_axi_gpio_0_0] }
catch { config_ip_cache -export [get_ips -all ps_system_axi_gpio_1_0] }
catch { config_ip_cache -export [get_ips -all ps_system_xbar_0] }
catch { config_ip_cache -export [get_ips -all ps_system_rst_ps7_0_100M_0] }
catch { config_ip_cache -export [get_ips -all ps_system_auto_pc_0] }
export_ip_user_files -of_objects [get_files /home/petr/Projects/fpga/zedboard/wrk/ps_freertos_lwip/rtl/src/ip/ps_system/ps_system.bd] -no_script -sync -force -quiet
create_ip_run [get_files -of_objects [get_fileset sources_1] /home/petr/Projects/fpga/zedboard/wrk/ps_freertos_lwip/rtl/src/ip/ps_system/ps_system.bd]
launch_runs -jobs 4 {ps_system_processing_system7_0_0_synth_1 ps_system_axi_gpio_0_0_synth_1 ps_system_axi_gpio_1_0_synth_1 ps_system_xbar_0_synth_1 ps_system_rst_ps7_0_100M_0_synth_1 ps_system_auto_pc_0_synth_1}
[Thu Mar 28 05:50:02 2019] Launched ps_system_processing_system7_0_0_synth_1, ps_system_axi_gpio_0_0_synth_1, ps_system_axi_gpio_1_0_synth_1, ps_system_xbar_0_synth_1, ps_system_rst_ps7_0_100M_0_synth_1, ps_system_auto_pc_0_synth_1...
Run output will be captured here:
ps_system_processing_system7_0_0_synth_1: /home/petr/Projects/fpga/zedboard/wrk/ps_freertos_lwip/rtl/vivado/ps_basic_led.runs/ps_system_processing_system7_0_0_synth_1/runme.log
ps_system_axi_gpio_0_0_synth_1: /home/petr/Projects/fpga/zedboard/wrk/ps_freertos_lwip/rtl/vivado/ps_basic_led.runs/ps_system_axi_gpio_0_0_synth_1/runme.log
ps_system_axi_gpio_1_0_synth_1: /home/petr/Projects/fpga/zedboard/wrk/ps_freertos_lwip/rtl/vivado/ps_basic_led.runs/ps_system_axi_gpio_1_0_synth_1/runme.log
ps_system_xbar_0_synth_1: /home/petr/Projects/fpga/zedboard/wrk/ps_freertos_lwip/rtl/vivado/ps_basic_led.runs/ps_system_xbar_0_synth_1/runme.log
ps_system_rst_ps7_0_100M_0_synth_1: /home/petr/Projects/fpga/zedboard/wrk/ps_freertos_lwip/rtl/vivado/ps_basic_led.runs/ps_system_rst_ps7_0_100M_0_synth_1/runme.log
ps_system_auto_pc_0_synth_1: /home/petr/Projects/fpga/zedboard/wrk/ps_freertos_lwip/rtl/vivado/ps_basic_led.runs/ps_system_auto_pc_0_synth_1/runme.log
export_simulation -of_objects [get_files /home/petr/Projects/fpga/zedboard/wrk/ps_freertos_lwip/rtl/src/ip/ps_system/ps_system.bd] -directory /home/petr/Projects/fpga/zedboard/wrk/ps_freertos_lwip/rtl/vivado/ps_basic_led.ip_user_files/sim_scripts -ip_user_files_dir /home/petr/Projects/fpga/zedboard/wrk/ps_freertos_lwip/rtl/vivado/ps_basic_led.ip_user_files -ipstatic_source_dir /home/petr/Projects/fpga/zedboard/wrk/ps_freertos_lwip/rtl/vivado/ps_basic_led.ip_user_files/ipstatic -lib_map_path [list {modelsim=/home/petr/Projects/fpga/zedboard/wrk/ps_freertos_lwip/rtl/vivado/ps_basic_led.cache/compile_simlib/modelsim} {questa=/home/petr/Projects/fpga/zedboard/wrk/ps_freertos_lwip/rtl/vivado/ps_basic_led.cache/compile_simlib/questa} {ies=/home/petr/Projects/fpga/zedboard/wrk/ps_freertos_lwip/rtl/vivado/ps_basic_led.cache/compile_simlib/ies} {xcelium=/home/petr/Projects/fpga/zedboard/wrk/ps_freertos_lwip/rtl/vivado/ps_basic_led.cache/compile_simlib/xcelium} {vcs=/home/petr/Projects/fpga/zedboard/wrk/ps_freertos_lwip/rtl/vivado/ps_basic_led.cache/compile_simlib/vcs} {riviera=/home/petr/Projects/fpga/zedboard/wrk/ps_freertos_lwip/rtl/vivado/ps_basic_led.cache/compile_simlib/riviera}] -use_ip_compiled_libs -force -quiet
make_wrapper -files [get_files /home/petr/Projects/fpga/zedboard/wrk/ps_freertos_lwip/rtl/src/ip/ps_system/ps_system.bd] -top
add_files -norecurse /home/petr/Projects/fpga/zedboard/wrk/ps_freertos_lwip/rtl/src/ip/ps_system/hdl/ps_system_wrapper.vhd
add_files -norecurse {/home/petr/Projects/fpga/zedboard/wrk/ps_freertos_lwip/rtl/src/hdl/top_module.vhd /home/petr/Projects/fpga/zedboard/wrk/ps_freertos_lwip/rtl/src/hdl/lib/system_pck.vhd}
update_compile_order -fileset sources_1
update_compile_order -fileset sources_1
launch_runs synth_1 -jobs 4
[Thu Mar 28 06:01:24 2019] Launched synth_1...
Run output will be captured here: /home/petr/Projects/fpga/zedboard/wrk/ps_freertos_lwip/rtl/vivado/ps_basic_led.runs/synth_1/runme.log
launch_runs impl_1 -jobs 4
[Thu Mar 28 06:02:03 2019] Launched impl_1...
Run output will be captured here: /home/petr/Projects/fpga/zedboard/wrk/ps_freertos_lwip/rtl/vivado/ps_basic_led.runs/impl_1/runme.log
open_run impl_1
INFO: [Netlist 29-17] Analyzing 26 Unisim elements for replacement
INFO: [Netlist 29-28] Unisim Transformation completed in 0 CPU seconds
INFO: [Project 1-479] Netlist was created with Vivado 2018.3
INFO: [Device 21-403] Loading part xc7z020clg484-1
INFO: [Project 1-570] Preparing netlist for logic optimization
INFO: [Timing 38-478] Restoring timing data from binary archive.
INFO: [Timing 38-479] Binary timing data restore complete.
INFO: [Project 1-856] Restoring constraints from binary archive.
INFO: [Project 1-853] Binary constraint restore complete.
Reading XDEF placement.
Reading placer database...
Reading XDEF routing.
Read XDEF File: Time (s): cpu = 00:00:00.20 ; elapsed = 00:00:00.23 . Memory (MB): peak = 7885.980 ; gain = 0.000 ; free physical = 1913 ; free virtual = 5833
Restored from archive | CPU: 0.220000 secs | Memory: 1.979309 MB |
Finished XDEF File Restore: Time (s): cpu = 00:00:00.20 ; elapsed = 00:00:00.23 . Memory (MB): peak = 7885.980 ; gain = 0.000 ; free physical = 1913 ; free virtual = 5833
Netlist sorting complete. Time (s): cpu = 00:00:00 ; elapsed = 00:00:00 . Memory (MB): peak = 7885.980 ; gain = 0.000 ; free physical = 1914 ; free virtual = 5833
INFO: [Project 1-111] Unisim Transformation Summary:
  A total of 8 instances were transformed.
  IOBUF => IOBUF (IBUF, OBUFT): 8 instances

WARNING: [Designutils 20-3303] unexpected site type 'IOPAD' in HDPYFinalizeIO
WARNING: [Designutils 20-3303] unexpected site type 'IOPAD' in HDPYFinalizeIO
WARNING: [Designutils 20-3303] unexpected site type 'IOPAD' in HDPYFinalizeIO
WARNING: [Designutils 20-3303] unexpected site type 'IOPAD' in HDPYFinalizeIO
WARNING: [Designutils 20-3303] unexpected site type 'IOPAD' in HDPYFinalizeIO
WARNING: [Designutils 20-3303] unexpected site type 'IOPAD' in HDPYFinalizeIO
WARNING: [Designutils 20-3303] unexpected site type 'IOPAD' in HDPYFinalizeIO
WARNING: [Designutils 20-3303] unexpected site type 'IOPAD' in HDPYFinalizeIO
WARNING: [Designutils 20-3303] unexpected site type 'IOPAD' in HDPYFinalizeIO
WARNING: [Designutils 20-3303] unexpected site type 'IOPAD' in HDPYFinalizeIO
WARNING: [Designutils 20-3303] unexpected site type 'IOPAD' in HDPYFinalizeIO
WARNING: [Designutils 20-3303] unexpected site type 'IOPAD' in HDPYFinalizeIO
WARNING: [Designutils 20-3303] unexpected site type 'IOPAD' in HDPYFinalizeIO
WARNING: [Designutils 20-3303] unexpected site type 'IOPAD' in HDPYFinalizeIO
WARNING: [Designutils 20-3303] unexpected site type 'IOPAD' in HDPYFinalizeIO
WARNING: [Designutils 20-3303] unexpected site type 'IOPAD' in HDPYFinalizeIO
WARNING: [Designutils 20-3303] unexpected site type 'IOPAD' in HDPYFinalizeIO
WARNING: [Designutils 20-3303] unexpected site type 'IOPAD' in HDPYFinalizeIO
WARNING: [Designutils 20-3303] unexpected site type 'IOPAD' in HDPYFinalizeIO
WARNING: [Designutils 20-3303] unexpected site type 'IOPAD' in HDPYFinalizeIO
WARNING: [Designutils 20-3303] unexpected site type 'IOPAD' in HDPYFinalizeIO
WARNING: [Designutils 20-3303] unexpected site type 'IOPAD' in HDPYFinalizeIO
WARNING: [Designutils 20-3303] unexpected site type 'IOPAD' in HDPYFinalizeIO
WARNING: [Designutils 20-3303] unexpected site type 'IOPAD' in HDPYFinalizeIO
WARNING: [Designutils 20-3303] unexpected site type 'IOPAD' in HDPYFinalizeIO
WARNING: [Designutils 20-3303] unexpected site type 'IOPAD' in HDPYFinalizeIO
WARNING: [Designutils 20-3303] unexpected site type 'IOPAD' in HDPYFinalizeIO
WARNING: [Designutils 20-3303] unexpected site type 'IOPAD' in HDPYFinalizeIO
WARNING: [Designutils 20-3303] unexpected site type 'IOPAD' in HDPYFinalizeIO
WARNING: [Designutils 20-3303] unexpected site type 'IOPAD' in HDPYFinalizeIO
WARNING: [Designutils 20-3303] unexpected site type 'IOPAD' in HDPYFinalizeIO
WARNING: [Designutils 20-3303] unexpected site type 'IOPAD' in HDPYFinalizeIO
WARNING: [Designutils 20-3303] unexpected site type 'IOPAD' in HDPYFinalizeIO
WARNING: [Designutils 20-3303] unexpected site type 'IOPAD' in HDPYFinalizeIO
WARNING: [Designutils 20-3303] unexpected site type 'IOPAD' in HDPYFinalizeIO
WARNING: [Designutils 20-3303] unexpected site type 'IOPAD' in HDPYFinalizeIO
WARNING: [Designutils 20-3303] unexpected site type 'IOPAD' in HDPYFinalizeIO
WARNING: [Designutils 20-3303] unexpected site type 'IOPAD' in HDPYFinalizeIO
WARNING: [Designutils 20-3303] unexpected site type 'IOPAD' in HDPYFinalizeIO
WARNING: [Designutils 20-3303] unexpected site type 'IOPAD' in HDPYFinalizeIO
WARNING: [Designutils 20-3303] unexpected site type 'IOPAD' in HDPYFinalizeIO
WARNING: [Designutils 20-3303] unexpected site type 'IOPAD' in HDPYFinalizeIO
WARNING: [Designutils 20-3303] unexpected site type 'IOPAD' in HDPYFinalizeIO
WARNING: [Designutils 20-3303] unexpected site type 'IOPAD' in HDPYFinalizeIO
WARNING: [Designutils 20-3303] unexpected site type 'IOPAD' in HDPYFinalizeIO
WARNING: [Designutils 20-3303] unexpected site type 'IOPAD' in HDPYFinalizeIO
WARNING: [Designutils 20-3303] unexpected site type 'IOPAD' in HDPYFinalizeIO
WARNING: [Designutils 20-3303] unexpected site type 'IOPAD' in HDPYFinalizeIO
WARNING: [Designutils 20-3303] unexpected site type 'IOPAD' in HDPYFinalizeIO
WARNING: [Designutils 20-3303] unexpected site type 'IOPAD' in HDPYFinalizeIO
WARNING: [Designutils 20-3303] unexpected site type 'IOPAD' in HDPYFinalizeIO
WARNING: [Designutils 20-3303] unexpected site type 'IOPAD' in HDPYFinalizeIO
WARNING: [Designutils 20-3303] unexpected site type 'IOPAD' in HDPYFinalizeIO
WARNING: [Designutils 20-3303] unexpected site type 'IOPAD' in HDPYFinalizeIO
WARNING: [Designutils 20-3303] unexpected site type 'IOPAD' in HDPYFinalizeIO
WARNING: [Designutils 20-3303] unexpected site type 'IOPAD' in HDPYFinalizeIO
WARNING: [Designutils 20-3303] unexpected site type 'IOPAD' in HDPYFinalizeIO
WARNING: [Designutils 20-3303] unexpected site type 'IOPAD' in HDPYFinalizeIO
WARNING: [Designutils 20-3303] unexpected site type 'IOPAD' in HDPYFinalizeIO
WARNING: [Designutils 20-3303] unexpected site type 'IOPAD' in HDPYFinalizeIO
WARNING: [Designutils 20-3303] unexpected site type 'IOPAD' in HDPYFinalizeIO
WARNING: [Designutils 20-3303] unexpected site type 'IOPAD' in HDPYFinalizeIO
WARNING: [Designutils 20-3303] unexpected site type 'IOPAD' in HDPYFinalizeIO
WARNING: [Designutils 20-3303] unexpected site type 'IOPAD' in HDPYFinalizeIO
WARNING: [Designutils 20-3303] unexpected site type 'IOPAD' in HDPYFinalizeIO
WARNING: [Designutils 20-3303] unexpected site type 'IOPAD' in HDPYFinalizeIO
WARNING: [Designutils 20-3303] unexpected site type 'IOPAD' in HDPYFinalizeIO
WARNING: [Designutils 20-3303] unexpected site type 'IOPAD' in HDPYFinalizeIO
WARNING: [Designutils 20-3303] unexpected site type 'IOPAD' in HDPYFinalizeIO
WARNING: [Designutils 20-3303] unexpected site type 'IOPAD' in HDPYFinalizeIO
WARNING: [Designutils 20-3303] unexpected site type 'IOPAD' in HDPYFinalizeIO
WARNING: [Designutils 20-3303] unexpected site type 'IOPAD' in HDPYFinalizeIO
WARNING: [Designutils 20-3303] unexpected site type 'IOPAD' in HDPYFinalizeIO
WARNING: [Designutils 20-3303] unexpected site type 'IOPAD' in HDPYFinalizeIO
WARNING: [Designutils 20-3303] unexpected site type 'IOPAD' in HDPYFinalizeIO
WARNING: [Designutils 20-3303] unexpected site type 'IOPAD' in HDPYFinalizeIO
WARNING: [Designutils 20-3303] unexpected site type 'IOPAD' in HDPYFinalizeIO
WARNING: [Designutils 20-3303] unexpected site type 'IOPAD' in HDPYFinalizeIO
WARNING: [Designutils 20-3303] unexpected site type 'IOPAD' in HDPYFinalizeIO
WARNING: [Designutils 20-3303] unexpected site type 'IOPAD' in HDPYFinalizeIO
WARNING: [Designutils 20-3303] unexpected site type 'IOPAD' in HDPYFinalizeIO
WARNING: [Designutils 20-3303] unexpected site type 'IOPAD' in HDPYFinalizeIO
WARNING: [Designutils 20-3303] unexpected site type 'IOPAD' in HDPYFinalizeIO
WARNING: [Designutils 20-3303] unexpected site type 'IOPAD' in HDPYFinalizeIO
WARNING: [Designutils 20-3303] unexpected site type 'IOPAD' in HDPYFinalizeIO
WARNING: [Designutils 20-3303] unexpected site type 'IOPAD' in HDPYFinalizeIO
WARNING: [Designutils 20-3303] unexpected site type 'IOPAD' in HDPYFinalizeIO
WARNING: [Designutils 20-3303] unexpected site type 'IOPAD' in HDPYFinalizeIO
WARNING: [Designutils 20-3303] unexpected site type 'IOPAD' in HDPYFinalizeIO
WARNING: [Designutils 20-3303] unexpected site type 'IOPAD' in HDPYFinalizeIO
WARNING: [Designutils 20-3303] unexpected site type 'IOPAD' in HDPYFinalizeIO
WARNING: [Designutils 20-3303] unexpected site type 'IOPAD' in HDPYFinalizeIO
WARNING: [Designutils 20-3303] unexpected site type 'IOPAD' in HDPYFinalizeIO
WARNING: [Designutils 20-3303] unexpected site type 'IOPAD' in HDPYFinalizeIO
WARNING: [Designutils 20-3303] unexpected site type 'IOPAD' in HDPYFinalizeIO
WARNING: [Designutils 20-3303] unexpected site type 'IOPAD' in HDPYFinalizeIO
WARNING: [Designutils 20-3303] unexpected site type 'IOPAD' in HDPYFinalizeIO
WARNING: [Designutils 20-3303] unexpected site type 'IOPAD' in HDPYFinalizeIO
WARNING: [Designutils 20-3303] unexpected site type 'IOPAD' in HDPYFinalizeIO
WARNING: [Designutils 20-3303] unexpected site type 'IOPAD' in HDPYFinalizeIO
INFO: [Common 17-14] Message 'Designutils 20-3303' appears 100 times and further instances of the messages will be disabled. Use the Tcl command set_msg_config to change the current settings.
open_run: Time (s): cpu = 00:00:20 ; elapsed = 00:00:16 . Memory (MB): peak = 8068.488 ; gain = 758.570 ; free physical = 1813 ; free virtual = 5738
write_xdc -force /home/petr/Projects/fpga/zedboard/wrk/ps_freertos_lwip/rtl/src/constr/constrs_1.xdc
Netlist sorting complete. Time (s): cpu = 00:00:00 ; elapsed = 00:00:00 . Memory (MB): peak = 8102.547 ; gain = 0.000 ; free physical = 1099 ; free virtual = 5664
launch_runs impl_1 -to_step write_bitstream -jobs 4
[Thu Mar 28 06:09:15 2019] Launched impl_1...
Run output will be captured here: /home/petr/Projects/fpga/zedboard/wrk/ps_freertos_lwip/rtl/vivado/ps_basic_led.runs/impl_1/runme.log
file mkdir /home/petr/Projects/fpga/zedboard/wrk/ps_freertos_lwip/rtl/vivado/ps_basic_led.sdk
file copy -force /home/petr/Projects/fpga/zedboard/wrk/ps_freertos_lwip/rtl/vivado/ps_basic_led.runs/impl_1/top_module.sysdef /home/petr/Projects/fpga/zedboard/wrk/ps_freertos_lwip/sdk/top_module.hdf

launch_sdk -workspace /home/petr/Projects/fpga/zedboard/wrk/ps_freertos_lwip/sdk -hwspec /home/petr/Projects/fpga/zedboard/wrk/ps_freertos_lwip/sdk/top_module.hdf
INFO: [Vivado 12-393] Launching SDK...
INFO: [Vivado 12-417] Running xsdk -workspace /home/petr/Projects/fpga/zedboard/wrk/ps_freertos_lwip/sdk -hwspec /home/petr/Projects/fpga/zedboard/wrk/ps_freertos_lwip/sdk/top_module.hdf
INFO: [Vivado 12-3157] SDK launch initiated. Please check console for any further messages.
launch_sdk -workspace /home/petr/Projects/fpga/zedboard/wrk/ps_freertos_lwip/sdk -hwspec /home/petr/Projects/fpga/zedboard/wrk/ps_freertos_lwip/sdk/top_module.hdf
INFO: [Vivado 12-393] Launching SDK...
INFO: [Vivado 12-417] Running xsdk -workspace /home/petr/Projects/fpga/zedboard/wrk/ps_freertos_lwip/sdk -hwspec /home/petr/Projects/fpga/zedboard/wrk/ps_freertos_lwip/sdk/top_module.hdf
INFO: [Vivado 12-3157] SDK launch initiated. Please check console for any further messages.
file copy -force /home/petr/Projects/fpga/zedboard/wrk/ps_freertos_lwip/rtl/vivado/ps_basic_led.runs/impl_1/top_module.sysdef /home/petr/Projects/fpga/zedboard/wrk/ps_freertos_lwip/sdk/top_module.hdf

launch_sdk -workspace /home/petr/Projects/fpga/zedboard/wrk/ps_freertos_lwip/sdk -hwspec /home/petr/Projects/fpga/zedboard/wrk/ps_freertos_lwip/sdk/top_module.hdf
INFO: [Vivado 12-393] Launching SDK...
INFO: [Vivado 12-417] Running xsdk -workspace /home/petr/Projects/fpga/zedboard/wrk/ps_freertos_lwip/sdk -hwspec /home/petr/Projects/fpga/zedboard/wrk/ps_freertos_lwip/sdk/top_module.hdf
INFO: [Vivado 12-3157] SDK launch initiated. Please check console for any further messages.
exit
INFO: [Common 17-206] Exiting Vivado at Thu Mar 28 14:41:00 2019...
