#-----------------------------------------------------------
# Webtalk v2015.1 (64-bit)
# SW Build 1215546 on Mon Apr 27 19:37:43 MDT 2015
# 
# Start of session at: Wed May 06 10:46:38 2015
# Process ID: 880
# Log file: C:/cases/ZC702/2015_1/AR51786/2015_1/project_1/project_1.sdk/webtalk/webtalk.log
# Journal file: C:/cases/ZC702/2015_1/AR51786/2015_1/project_1/project_1.sdk/webtalk\webtalk.jou
#-----------------------------------------------------------
source sdk_webtalk.tcl
# webtalk_init -webtalk_dir C:\\cases\\ZC702\\2015_1\\AR51786\\2015_1\\project_1\\project_1.sdk\\webtalk
# webtalk_register_client -client project
# webtalk_add_data -client project -key date_generated -value "Wed May 6 10:46:37 2015" -context "software_version_and_target_device"
# webtalk_add_data -client project -key product_version -value "SDK v2015.1" -context "software_version_and_target_device"
# webtalk_add_data -client project -key build_version -value "2015.1" -context "software_version_and_target_device"
# webtalk_add_data -client project -key os_platform -value "amd64" -context "software_version_and_target_device"
# webtalk_add_data -client project -key registration_id -value "" -context "software_version_and_target_device"
# webtalk_add_data -client project -key tool_flow -value "SDK" -context "software_version_and_target_device"
# webtalk_add_data -client project -key beta -value "false" -context "software_version_and_target_device"
# webtalk_add_data -client project -key route_design -value "NA" -context "software_version_and_target_device"
# webtalk_add_data -client project -key target_family -value "NA" -context "software_version_and_target_device"
# webtalk_add_data -client project -key target_device -value "NA" -context "software_version_and_target_device"
# webtalk_add_data -client project -key target_package -value "NA" -context "software_version_and_target_device"
# webtalk_add_data -client project -key target_speed -value "NA" -context "software_version_and_target_device"
# webtalk_add_data -client project -key random_id -value "8hq6n2785eqem81fdaohoqb51e" -context "software_version_and_target_device"
# webtalk_add_data -client project -key project_id -value "2015.1_1" -context "software_version_and_target_device"
# webtalk_add_data -client project -key project_iteration -value "1" -context "software_version_and_target_device"
# webtalk_add_data -client project -key os_name -value "" -context "user_environment"
# webtalk_add_data -client project -key os_release -value "" -context "user_environment"
# webtalk_add_data -client project -key cpu_name -value "" -context "user_environment"
# webtalk_add_data -client project -key cpu_speed -value "" -context "user_environment"
# webtalk_add_data -client project -key total_processors -value "" -context "user_environment"
# webtalk_add_data -client project -key system_ram -value "" -context "user_environment"
# webtalk_register_client -client sdk
# webtalk_add_data -client sdk -key uid -value "1430927802434" -context "sdk\\\\hardware/1430927802434"
# webtalk_add_data -client sdk -key isZynq -value "true" -context "sdk\\\\hardware/1430927802434"
# webtalk_add_data -client sdk -key Processors -value "2" -context "sdk\\\\hardware/1430927802434"
# webtalk_add_data -client sdk -key VivadoVersion -value "2015.1" -context "sdk\\\\hardware/1430927802434"
# webtalk_add_data -client sdk -key Arch -value "zynq" -context "sdk\\\\hardware/1430927802434"
# webtalk_add_data -client sdk -key Device -value "7z020" -context "sdk\\\\hardware/1430927802434"
# webtalk_add_data -client sdk -key IsHandoff -value "true" -context "sdk\\\\hardware/1430927802434"
# webtalk_add_data -client sdk -key uid -value "1430927855454" -context "sdk\\\\bsp/1430927855454"
# webtalk_add_data -client sdk -key hwid -value "1430927802434" -context "sdk\\\\bsp/1430927855454"
# webtalk_add_data -client sdk -key os -value "standalone" -context "sdk\\\\bsp/1430927855454"
# webtalk_add_data -client sdk -key apptemplate -value "null" -context "sdk\\\\bsp/1430927855454"
# webtalk_add_data -client sdk -key uid -value "1430928019382" -context "sdk\\\\application/1430928019382"
# webtalk_add_data -client sdk -key hwid -value "1430927802434" -context "sdk\\\\application/1430928019382"
# webtalk_add_data -client sdk -key bspid -value "1430927855454" -context "sdk\\\\application/1430928019382"
# webtalk_add_data -client sdk -key newbsp -value "false" -context "sdk\\\\application/1430928019382"
# webtalk_add_data -client sdk -key os -value "standalone" -context "sdk\\\\application/1430928019382"
# webtalk_add_data -client sdk -key apptemplate -value "zynq_fsbl" -context "sdk\\\\application/1430928019382"
# webtalk_add_data -client sdk -key uid -value "1430928045401" -context "sdk\\\\application/1430928045401"
# webtalk_add_data -client sdk -key hwid -value "1430927802434" -context "sdk\\\\application/1430928045401"
# webtalk_add_data -client sdk -key bspid -value "1430927855454" -context "sdk\\\\application/1430928045401"
# webtalk_add_data -client sdk -key newbsp -value "false" -context "sdk\\\\application/1430928045401"
# webtalk_add_data -client sdk -key os -value "standalone" -context "sdk\\\\application/1430928045401"
# webtalk_add_data -client sdk -key apptemplate -value "hello_world" -context "sdk\\\\application/1430928045401"
# webtalk_transmit -clientid 2113458186 -regid "" -xml C:\\cases\\ZC702\\2015_1\\AR51786\\2015_1\\project_1\\project_1.sdk\\webtalk\\usage_statistics_ext_sdk.xml -html C:\\cases\\ZC702\\2015_1\\AR51786\\2015_1\\project_1\\project_1.sdk\\webtalk\\usage_statistics_ext_sdk.html -wdm C:\\cases\\ZC702\\2015_1\\AR51786\\2015_1\\project_1\\project_1.sdk\\webtalk\\sdk_webtalk.wdm -intro "<H3>SDK Usage Report</H3><BR>"
INFO: [Common 17-186] 'C:\cases\ZC702\2015_1\AR51786\2015_1\project_1\project_1.sdk\webtalk\usage_statistics_ext_sdk.xml' has been successfully sent to Xilinx on Wed May 06 10:47:03 2015. For additional details about this file, please refer to the WebTalk help file at C:/Xilinx/SDK/2015.1/doc/webtalk_introduction.html.
webtalk_transmit: Time (s): cpu = 00:00:00 ; elapsed = 00:00:23 . Memory (MB): peak = 66.426 ; gain = 0.059
# webtalk_terminate
INFO: [Common 17-206] Exiting Webtalk at Wed May 06 10:47:03 2015...
