19:22:00 **** Incremental Build of configuration Debug for project simple_led_net ****
make pre-build main-build 
a9-linaro-pre-build-step
 
Building target: simple_led_net.elf
Invoking: ARM v7 gcc linker
arm-none-eabi-gcc -mcpu=cortex-a9 -mfpu=vfpv3 -mfloat-abi=hard -Wl,-build-id=none -specs=Xilinx.spec -Wl,-T -Wl,../src/lscript.ld -L../../simple_led_net_bsp/ps7_cortexa9_0/lib -o "simple_led_net.elf"  ./src/freertos_hello_world.o ./src/hr_gettime.o  ./include/FreeRTOS_asm_vectors.o ./include/FreeRTOS_tick_config.o  ./FreeRTOSPlus/TraceMacros/DemoIPTrace.o  ./FreeRTOSPlus/FreeRTOS_TCP/portable/NetworkInterface/Zynq/NetworkInterface.o ./FreeRTOSPlus/FreeRTOS_TCP/portable/NetworkInterface/Zynq/x_emacpsif_dma.o ./FreeRTOSPlus/FreeRTOS_TCP/portable/NetworkInterface/Zynq/x_emacpsif_hw.o ./FreeRTOSPlus/FreeRTOS_TCP/portable/NetworkInterface/Zynq/x_emacpsif_physpeed.o  ./FreeRTOSPlus/FreeRTOS_TCP/portable/NetworkInterface/uncached_memory.o  ./FreeRTOSPlus/FreeRTOS_TCP/portable/BufferManagement/BufferAllocation_2.o  ./FreeRTOSPlus/FreeRTOS_TCP/FreeRTOS_ARP.o ./FreeRTOSPlus/FreeRTOS_TCP/FreeRTOS_DHCP.o ./FreeRTOSPlus/FreeRTOS_TCP/FreeRTOS_DNS.o ./FreeRTOSPlus/FreeRTOS_TCP/FreeRTOS_IP.o ./FreeRTOSPlus/FreeRTOS_TCP/FreeRTOS_Sockets.o ./FreeRTOSPlus/FreeRTOS_TCP/FreeRTOS_Stream_Buffer.o ./FreeRTOSPlus/FreeRTOS_TCP/FreeRTOS_TCP_IP.o ./FreeRTOSPlus/FreeRTOS_TCP/FreeRTOS_TCP_WIN.o ./FreeRTOSPlus/FreeRTOS_TCP/FreeRTOS_UDP_IP.o  ./FreeRTOSPlus/FreeRTOS_FAT/portable/common/ff_ramdisk.o  ./FreeRTOSPlus/FreeRTOS_FAT/portable/Zynq/ff_sddisk.o ./FreeRTOSPlus/FreeRTOS_FAT/portable/Zynq/xsdps.o ./FreeRTOSPlus/FreeRTOS_FAT/portable/Zynq/xsdps_g.o ./FreeRTOSPlus/FreeRTOS_FAT/portable/Zynq/xsdps_info.o ./FreeRTOSPlus/FreeRTOS_FAT/portable/Zynq/xsdps_options.o ./FreeRTOSPlus/FreeRTOS_FAT/portable/Zynq/xsdps_sinit.o  ./FreeRTOSPlus/FreeRTOS_FAT/ff_crc.o ./FreeRTOSPlus/FreeRTOS_FAT/ff_dir.o ./FreeRTOSPlus/FreeRTOS_FAT/ff_error.o ./FreeRTOSPlus/FreeRTOS_FAT/ff_fat.o ./FreeRTOSPlus/FreeRTOS_FAT/ff_file.o ./FreeRTOSPlus/FreeRTOS_FAT/ff_format.o ./FreeRTOSPlus/FreeRTOS_FAT/ff_ioman.o ./FreeRTOSPlus/FreeRTOS_FAT/ff_locking.o ./FreeRTOSPlus/FreeRTOS_FAT/ff_memory.o ./FreeRTOSPlus/FreeRTOS_FAT/ff_stdio.o ./FreeRTOSPlus/FreeRTOS_FAT/ff_string.o ./FreeRTOSPlus/FreeRTOS_FAT/ff_sys.o ./FreeRTOSPlus/FreeRTOS_FAT/ff_time.o  ./FreeRTOSPlus/FreeRTOS_CLI/FreeRTOS_CLI.o   -Wl,--start-group,-lxil,-lfreertos,-lgcc,-lc,--end-group
../../simple_led_net_bsp/ps7_cortexa9_0/lib/libfreertos.a(port_asm_vectors.o): In function `_vector_table':
(.vectors+0x0): multiple definition of `_freertos_vector_table'
./include/FreeRTOS_asm_vectors.o:(.freertos_vectors+0x0): first defined here
../../simple_led_net_bsp/ps7_cortexa9_0/lib/libfreertos.a(port_asm_vectors.o): In function `vPortInstallFreeRTOSVectorTable':
(.vectors+0x90): multiple definition of `vPortInstallFreeRTOSVectorTable'
./include/FreeRTOS_asm_vectors.o:(.freertos_vectors+0x90): first defined here
../../simple_led_net_bsp/ps7_cortexa9_0/lib/libfreertos.a(portZynq7000.o): In function `vApplicationIRQHandler':
/home/petr/Projects/fpga_edu/zedboard/wrk/ps_freertos_w_net/sw/simple_led_net_bsp/ps7_cortexa9_0/libsrc/freertos10_xilinx_v1_2/src/portZynq7000.c:131: multiple definition of `vApplicationIRQHandler'
./include/FreeRTOS_tick_config.o:/home/petr/Projects/fpga_edu/zedboard/wrk/ps_freertos_w_net/sw/simple_led_net/Debug/../include/FreeRTOS_tick_config.c:151: first defined here
./FreeRTOSPlus/FreeRTOS_TCP/portable/NetworkInterface/Zynq/NetworkInterface.o: In function `xNetworkInterfaceInitialise':
/home/petr/Projects/fpga_edu/zedboard/wrk/ps_freertos_w_net/sw/simple_led_net/Debug/../FreeRTOSPlus/FreeRTOS_TCP/portable/NetworkInterface/Zynq/NetworkInterface.c:186: undefined reference to `lUDPLoggingPrintf'
/home/petr/Projects/fpga_edu/zedboard/wrk/ps_freertos_w_net/sw/simple_led_net/Debug/../FreeRTOSPlus/FreeRTOS_TCP/portable/NetworkInterface/Zynq/NetworkInterface.c:190: undefined reference to `ucMACAddress'
/home/petr/Projects/fpga_edu/zedboard/wrk/ps_freertos_w_net/sw/simple_led_net/Debug/../FreeRTOSPlus/FreeRTOS_TCP/portable/NetworkInterface/Zynq/NetworkInterface.c:190: undefined reference to `ucMACAddress'
./FreeRTOSPlus/FreeRTOS_TCP/portable/NetworkInterface/Zynq/NetworkInterface.o: In function `prvEMACHandlerTask':
/home/petr/Projects/fpga_edu/zedboard/wrk/ps_freertos_w_net/sw/simple_led_net/Debug/../FreeRTOSPlus/FreeRTOS_TCP/portable/NetworkInterface/Zynq/NetworkInterface.c:357: undefined reference to `lUDPLoggingPrintf'
/home/petr/Projects/fpga_edu/zedboard/wrk/ps_freertos_w_net/sw/simple_led_net/Debug/../FreeRTOSPlus/FreeRTOS_TCP/portable/NetworkInterface/Zynq/NetworkInterface.c:415: undefined reference to `lUDPLoggingPrintf'
./FreeRTOSPlus/FreeRTOS_TCP/portable/NetworkInterface/Zynq/x_emacpsif_dma.o: In function `emacps_send_message':
/home/petr/Projects/fpga_edu/zedboard/wrk/ps_freertos_w_net/sw/simple_led_net/Debug/../FreeRTOSPlus/FreeRTOS_TCP/portable/NetworkInterface/Zynq/x_emacpsif_dma.c:312: undefined reference to `lUDPLoggingPrintf'
/home/petr/Projects/fpga_edu/zedboard/wrk/ps_freertos_w_net/sw/simple_led_net/Debug/../FreeRTOSPlus/FreeRTOS_TCP/portable/NetworkInterface/Zynq/x_emacpsif_dma.c:318: undefined reference to `lUDPLoggingPrintf'
/home/petr/Projects/fpga_edu/zedboard/wrk/ps_freertos_w_net/sw/simple_led_net/Debug/../FreeRTOSPlus/FreeRTOS_TCP/portable/NetworkInterface/Zynq/x_emacpsif_dma.c:333: undefined reference to `lUDPLoggingPrintf'
./FreeRTOSPlus/FreeRTOS_TCP/portable/NetworkInterface/Zynq/x_emacpsif_dma.o:/home/petr/Projects/fpga_edu/zedboard/wrk/ps_freertos_w_net/sw/simple_led_net/Debug/../FreeRTOSPlus/FreeRTOS_TCP/portable/NetworkInterface/Zynq/x_emacpsif_dma.c:405: more undefined references to `lUDPLoggingPrintf' follow
./FreeRTOSPlus/FreeRTOS_TCP/FreeRTOS_DHCP.o: In function `vDHCPProcess':
/home/petr/Projects/fpga_edu/zedboard/wrk/ps_freertos_w_net/sw/simple_led_net/Debug/../FreeRTOSPlus/FreeRTOS_TCP/FreeRTOS_DHCP.c:362: undefined reference to `uxRand'
./FreeRTOSPlus/FreeRTOS_TCP/FreeRTOS_DHCP.o: In function `prvInitialiseDHCP':
/home/petr/Projects/fpga_edu/zedboard/wrk/ps_freertos_w_net/sw/simple_led_net/Debug/../FreeRTOSPlus/FreeRTOS_TCP/FreeRTOS_DHCP.c:597: undefined reference to `uxRand'
./FreeRTOSPlus/FreeRTOS_TCP/FreeRTOS_DHCP.o: In function `prvProcessDHCPReplies':
/home/petr/Projects/fpga_edu/zedboard/wrk/ps_freertos_w_net/sw/simple_led_net/Debug/../FreeRTOSPlus/FreeRTOS_TCP/FreeRTOS_DHCP.c:813: undefined reference to `lUDPLoggingPrintf'
./FreeRTOSPlus/FreeRTOS_TCP/FreeRTOS_DHCP.o: In function `prvCreatePartDHCPMessage':
/home/petr/Projects/fpga_edu/zedboard/wrk/ps_freertos_w_net/sw/simple_led_net/Debug/../FreeRTOSPlus/FreeRTOS_TCP/FreeRTOS_DHCP.c:833: undefined reference to `pcApplicationHostnameHook'
./FreeRTOSPlus/FreeRTOS_TCP/FreeRTOS_DNS.o: In function `FreeRTOS_gethostbyname_a':
/home/petr/Projects/fpga_edu/zedboard/wrk/ps_freertos_w_net/sw/simple_led_net/Debug/../FreeRTOSPlus/FreeRTOS_TCP/FreeRTOS_DNS.c:449: undefined reference to `uxRand'
./FreeRTOSPlus/FreeRTOS_TCP/FreeRTOS_DNS.o: In function `prvParseDNSReply':
/home/petr/Projects/fpga_edu/zedboard/wrk/ps_freertos_w_net/sw/simple_led_net/Debug/../FreeRTOSPlus/FreeRTOS_TCP/FreeRTOS_DNS.c:1049: undefined reference to `xApplicationDNSQueryHook'
./FreeRTOSPlus/FreeRTOS_TCP/FreeRTOS_DNS.o: In function `prvTreatNBNS':
/home/petr/Projects/fpga_edu/zedboard/wrk/ps_freertos_w_net/sw/simple_led_net/Debug/../FreeRTOSPlus/FreeRTOS_TCP/FreeRTOS_DNS.c:1195: undefined reference to `xApplicationDNSQueryHook'
./FreeRTOSPlus/FreeRTOS_TCP/FreeRTOS_IP.o: In function `prvProcessNetworkDownEvent':
/home/petr/Projects/fpga_edu/zedboard/wrk/ps_freertos_w_net/sw/simple_led_net/Debug/../FreeRTOSPlus/FreeRTOS_TCP/FreeRTOS_IP.c:1285: undefined reference to `vApplicationIPNetworkEventHook'
./FreeRTOSPlus/FreeRTOS_TCP/FreeRTOS_IP.o: In function `vIPNetworkUpCalls':
/home/petr/Projects/fpga_edu/zedboard/wrk/ps_freertos_w_net/sw/simple_led_net/Debug/../FreeRTOSPlus/FreeRTOS_TCP/FreeRTOS_IP.c:1332: undefined reference to `vApplicationIPNetworkEventHook'
./FreeRTOSPlus/FreeRTOS_TCP/FreeRTOS_IP.o: In function `prvProcessICMPEchoReply':
/home/petr/Projects/fpga_edu/zedboard/wrk/ps_freertos_w_net/sw/simple_led_net/Debug/../FreeRTOSPlus/FreeRTOS_TCP/FreeRTOS_IP.c:1708: undefined reference to `vApplicationPingReplyHook'
./FreeRTOSPlus/FreeRTOS_TCP/FreeRTOS_Sockets.o: In function `prvGetPrivatePortNumber':
/home/petr/Projects/fpga_edu/zedboard/wrk/ps_freertos_w_net/sw/simple_led_net/Debug/../FreeRTOSPlus/FreeRTOS_TCP/FreeRTOS_Sockets.c:1640: undefined reference to `uxRand'
./FreeRTOSPlus/FreeRTOS_TCP/FreeRTOS_Sockets.o: In function `vTCPNetStat':
/home/petr/Projects/fpga_edu/zedboard/wrk/ps_freertos_w_net/sw/simple_led_net/Debug/../FreeRTOSPlus/FreeRTOS_TCP/FreeRTOS_Sockets.c:3338: undefined reference to `lUDPLoggingPrintf'
/home/petr/Projects/fpga_edu/zedboard/wrk/ps_freertos_w_net/sw/simple_led_net/Debug/../FreeRTOSPlus/FreeRTOS_TCP/FreeRTOS_Sockets.c:3342: undefined reference to `lUDPLoggingPrintf'
/home/petr/Projects/fpga_edu/zedboard/wrk/ps_freertos_w_net/sw/simple_led_net/Debug/../FreeRTOSPlus/FreeRTOS_TCP/FreeRTOS_Sockets.c:3368: undefined reference to `lUDPLoggingPrintf'
/home/petr/Projects/fpga_edu/zedboard/wrk/ps_freertos_w_net/sw/simple_led_net/Debug/../FreeRTOSPlus/FreeRTOS_TCP/FreeRTOS_Sockets.c:3388: undefined reference to `lUDPLoggingPrintf'
/home/petr/Projects/fpga_edu/zedboard/wrk/ps_freertos_w_net/sw/simple_led_net/Debug/../FreeRTOSPlus/FreeRTOS_TCP/FreeRTOS_Sockets.c:3393: undefined reference to `lUDPLoggingPrintf'
./FreeRTOSPlus/FreeRTOS_TCP/FreeRTOS_TCP_IP.o: In function `prvTCPPrepareConnect':
/home/petr/Projects/fpga_edu/zedboard/wrk/ps_freertos_w_net/sw/simple_led_net/Debug/../FreeRTOSPlus/FreeRTOS_TCP/FreeRTOS_TCP_IP.c:1028: undefined reference to `ulApplicationGetNextSequenceNumber'
./FreeRTOSPlus/FreeRTOS_TCP/FreeRTOS_TCP_IP.o: In function `prvHandleListen':
/home/petr/Projects/fpga_edu/zedboard/wrk/ps_freertos_w_net/sw/simple_led_net/Debug/../FreeRTOSPlus/FreeRTOS_TCP/FreeRTOS_TCP_IP.c:3086: undefined reference to `ulApplicationGetNextSequenceNumber'
/home/petr/Projects/fpga_edu/zedboard/wrk/ps_freertos_w_net/sw/simple_led_net/Debug/../FreeRTOSPlus/FreeRTOS_TCP/FreeRTOS_TCP_IP.c:3111: undefined reference to `lUDPLoggingPrintf'
./FreeRTOSPlus/FreeRTOS_FAT/portable/common/ff_ramdisk.o: In function `FF_RAMDiskInit':
/home/petr/Projects/fpga_edu/zedboard/wrk/ps_freertos_w_net/sw/simple_led_net/Debug/../FreeRTOSPlus/FreeRTOS_FAT/portable/common/ff_ramdisk.c:185: undefined reference to `lUDPLoggingPrintf'
/home/petr/Projects/fpga_edu/zedboard/wrk/ps_freertos_w_net/sw/simple_led_net/Debug/../FreeRTOSPlus/FreeRTOS_FAT/portable/common/ff_ramdisk.c:198: undefined reference to `lUDPLoggingPrintf'
/home/petr/Projects/fpga_edu/zedboard/wrk/ps_freertos_w_net/sw/simple_led_net/Debug/../FreeRTOSPlus/FreeRTOS_FAT/portable/common/ff_ramdisk.c:208: undefined reference to `lUDPLoggingPrintf'
./FreeRTOSPlus/FreeRTOS_FAT/portable/common/ff_ramdisk.o: In function `prvPartitionAndFormatDisk':
/home/petr/Projects/fpga_edu/zedboard/wrk/ps_freertos_w_net/sw/simple_led_net/Debug/../FreeRTOSPlus/FreeRTOS_FAT/portable/common/ff_ramdisk.c:355: undefined reference to `lUDPLoggingPrintf'
./FreeRTOSPlus/FreeRTOS_FAT/portable/common/ff_ramdisk.o:/home/petr/Projects/fpga_edu/zedboard/wrk/ps_freertos_w_net/sw/simple_led_net/Debug/../FreeRTOSPlus/FreeRTOS_FAT/portable/common/ff_ramdisk.c:361: more undefined references to `lUDPLoggingPrintf' follow
./FreeRTOSPlus/FreeRTOS_FAT/ff_stdio.o: In function `stdioSET_ERRNO':
/home/petr/Projects/fpga_edu/zedboard/wrk/ps_freertos_w_net/sw/simple_led_net/Debug/../FreeRTOSPlus/FreeRTOS_FAT/include/ff_stdio.h:154: undefined reference to `vTaskSetThreadLocalStoragePointer'
./FreeRTOSPlus/FreeRTOS_FAT/ff_stdio.o: In function `stdioGET_ERRNO':
/home/petr/Projects/fpga_edu/zedboard/wrk/ps_freertos_w_net/sw/simple_led_net/Debug/../FreeRTOSPlus/FreeRTOS_FAT/include/ff_stdio.h:161: undefined reference to `pvTaskGetThreadLocalStoragePointer'
./FreeRTOSPlus/FreeRTOS_FAT/ff_stdio.o: In function `stdioSET_FF_ERROR':
/home/petr/Projects/fpga_edu/zedboard/wrk/ps_freertos_w_net/sw/simple_led_net/Debug/../FreeRTOSPlus/FreeRTOS_FAT/include/ff_stdio.h:174: undefined reference to `vTaskSetThreadLocalStoragePointer'
./FreeRTOSPlus/FreeRTOS_FAT/ff_stdio.o: In function `ff_findnext':
/home/petr/Projects/fpga_edu/zedboard/wrk/ps_freertos_w_net/sw/simple_led_net/Debug/../FreeRTOSPlus/FreeRTOS_FAT/ff_stdio.c:1344: undefined reference to `lUDPLoggingPrintf'
/home/petr/Projects/fpga_edu/zedboard/wrk/ps_freertos_w_net/sw/simple_led_net/Debug/../FreeRTOSPlus/FreeRTOS_FAT/ff_stdio.c:1473: undefined reference to `FreeRTOS_time'
./FreeRTOSPlus/FreeRTOS_FAT/ff_stdio.o: In function `ff_deltree':
/home/petr/Projects/fpga_edu/zedboard/wrk/ps_freertos_w_net/sw/simple_led_net/Debug/../FreeRTOSPlus/FreeRTOS_FAT/ff_stdio.c:1635: undefined reference to `lUDPLoggingPrintf'
./FreeRTOSPlus/FreeRTOS_FAT/ff_stdio.o: In function `ff_deltree_recurse':
/home/petr/Projects/fpga_edu/zedboard/wrk/ps_freertos_w_net/sw/simple_led_net/Debug/../FreeRTOSPlus/FreeRTOS_FAT/ff_stdio.c:1712: undefined reference to `lUDPLoggingPrintf'
/home/petr/Projects/fpga_edu/zedboard/wrk/ps_freertos_w_net/sw/simple_led_net/Debug/../FreeRTOSPlus/FreeRTOS_FAT/ff_stdio.c:1737: undefined reference to `lUDPLoggingPrintf'
/home/petr/Projects/fpga_edu/zedboard/wrk/ps_freertos_w_net/sw/simple_led_net/Debug/../FreeRTOSPlus/FreeRTOS_FAT/ff_stdio.c:1757: undefined reference to `lUDPLoggingPrintf'
./FreeRTOSPlus/FreeRTOS_FAT/ff_stdio.o: In function `pxFindCWD':
/home/petr/Projects/fpga_edu/zedboard/wrk/ps_freertos_w_net/sw/simple_led_net/Debug/../FreeRTOSPlus/FreeRTOS_FAT/ff_stdio.c:1862: undefined reference to `pvTaskGetThreadLocalStoragePointer'
/home/petr/Projects/fpga_edu/zedboard/wrk/ps_freertos_w_net/sw/simple_led_net/Debug/../FreeRTOSPlus/FreeRTOS_FAT/ff_stdio.c:1873: undefined reference to `vTaskSetThreadLocalStoragePointer'
./FreeRTOSPlus/FreeRTOS_FAT/ff_sys.o: In function `FF_FS_Add':
/home/petr/Projects/fpga_edu/zedboard/wrk/ps_freertos_w_net/sw/simple_led_net/Debug/../FreeRTOSPlus/FreeRTOS_FAT/ff_sys.c:106: undefined reference to `lUDPLoggingPrintf'
/home/petr/Projects/fpga_edu/zedboard/wrk/ps_freertos_w_net/sw/simple_led_net/Debug/../FreeRTOSPlus/FreeRTOS_FAT/ff_sys.c:171: undefined reference to `lUDPLoggingPrintf'
./FreeRTOSPlus/FreeRTOS_FAT/ff_time.o: In function `FF_GetSystemTime':
/home/petr/Projects/fpga_edu/zedboard/wrk/ps_freertos_w_net/sw/simple_led_net/Debug/../FreeRTOSPlus/FreeRTOS_FAT/ff_time.c:88: undefined reference to `FreeRTOS_time'
collect2: error: ld returned 1 exit status
make: *** [simple_led_net.elf] Error 1
