Copyright 1986-2019 Xilinx, Inc. All Rights Reserved.
----------------------------------------------------------------------------------------------------------
| Tool Version : Vivado v.2019.1 (lin64) Build 2552052 Fri May 24 14:47:09 MDT 2019
| Date         : Thu Aug  1 15:06:51 2019
| Host         : localhost.localdomain running 64-bit Red Hat Enterprise Linux Server release 7.6 (Maipo)
| Command      : report_control_sets -verbose -file top_module_control_sets_placed.rpt
| Design       : top_module
| Device       : xc7z020
----------------------------------------------------------------------------------------------------------

Control Set Information

Table of Contents
-----------------
1. Summary
2. Histogram
3. Flip-Flop Distribution
4. Detailed Control Set Information

1. Summary
----------

+----------------------------------------------------------+-------+
|                          Status                          | Count |
+----------------------------------------------------------+-------+
| Total control sets                                       |    48 |
|    Minimum number of control sets                        |    48 |
|    Addition due to synthesis replication                 |     0 |
|    Addition due to physical synthesis replication        |     0 |
| Unused register locations in slices containing registers |   123 |
+----------------------------------------------------------+-------+
* Control sets can be merged at opt_design using control_set_merge or merge_equivalent_drivers
** Run report_qor_suggestions for automated merging and remapping suggestions


2. Histogram
------------

+--------------------+-------+
|       Fanout       | Count |
+--------------------+-------+
| Total control sets |    48 |
| >= 0 to < 4        |     1 |
| >= 4 to < 6        |    11 |
| >= 6 to < 8        |     2 |
| >= 8 to < 10       |     3 |
| >= 10 to < 12      |     2 |
| >= 12 to < 14      |     5 |
| >= 14 to < 16      |     2 |
| >= 16              |    22 |
+--------------------+-------+
* Control sets can be remapped at either synth_design or opt_design


3. Flip-Flop Distribution
-------------------------

+--------------+-----------------------+------------------------+-----------------+--------------+
| Clock Enable | Synchronous Set/Reset | Asynchronous Set/Reset | Total Registers | Total Slices |
+--------------+-----------------------+------------------------+-----------------+--------------+
| No           | No                    | No                     |             208 |           75 |
| No           | No                    | Yes                    |               0 |            0 |
| No           | Yes                   | No                     |             241 |           68 |
| Yes          | No                    | No                     |             439 |          102 |
| Yes          | No                    | Yes                    |               0 |            0 |
| Yes          | Yes                   | No                     |             165 |           54 |
+--------------+-----------------------+------------------------+-----------------+--------------+


4. Detailed Control Set Information
-----------------------------------

+-------------------------------------------------------------------+----------------------------------------------------------------------------------------------------------------------------------------------------------------------------------+-------------------------------------------------------------------------------------------------------------------------------------------------------------------------+------------------+----------------+
|                            Clock Signal                           |                                                                                   Enable Signal                                                                                  |                                                                             Set/Reset Signal                                                                            | Slice Load Count | Bel Load Count |
+-------------------------------------------------------------------+----------------------------------------------------------------------------------------------------------------------------------------------------------------------------------+-------------------------------------------------------------------------------------------------------------------------------------------------------------------------+------------------+----------------+
|  p_system_inst/bd_processor_i/processing_system7_0/inst/FCLK_CLK0 | p_system_inst/bd_processor_i/ps7_0_axi_periph/s00_couplers/auto_pc/inst/gen_axilite.gen_b2s_conv.axilite_b2s/WR.b_channel_0/bid_fifo_0/bresp_push                                |                                                                                                                                                                         |                1 |              2 |
|  p_system_inst/bd_processor_i/processing_system7_0/inst/FCLK_CLK0 |                                                                                                                                                                                  | p_system_inst/bd_processor_i/rst_ps7_0_100M/U0/EXT_LPF/lpf_int                                                                                                          |                3 |              4 |
|  p_system_inst/bd_processor_i/processing_system7_0/inst/FCLK_CLK0 |                                                                                                                                                                                  | p_system_inst/bd_processor_i/axi_gpio_0/U0/AXI_LITE_IPIF_I/I_SLAVE_ATTACHMENT/clear                                                                                     |                1 |              4 |
|  p_system_inst/bd_processor_i/processing_system7_0/inst/FCLK_CLK0 | p_system_inst/bd_processor_i/xadc_wiz_0/U0/AXI_XADC_CORE_I/D[6]                                                                                                                  | p_system_inst/bd_processor_i/xadc_wiz_0/U0/AXI_LITE_IPIF_I/I_SLAVE_ATTACHMENT/reset2ip_reset                                                                            |                1 |              4 |
|  p_system_inst/bd_processor_i/processing_system7_0/inst/FCLK_CLK0 | p_system_inst/bd_processor_i/axi_gpio_0/U0/AXI_LITE_IPIF_I/I_SLAVE_ATTACHMENT/bus2ip_addr_i[8]_i_1_n_0                                                                           | p_system_inst/bd_processor_i/axi_gpio_0/U0/AXI_LITE_IPIF_I/I_SLAVE_ATTACHMENT/SR[0]                                                                                     |                1 |              4 |
|  p_system_inst/bd_processor_i/processing_system7_0/inst/FCLK_CLK0 |                                                                                                                                                                                  | p_system_inst/bd_processor_i/ps7_0_axi_periph/s00_couplers/auto_pc/inst/gen_axilite.gen_b2s_conv.axilite_b2s/SI_REG/ar.ar_pipe/aresetn_d_reg[1]_inv_0                   |                1 |              4 |
|  p_system_inst/bd_processor_i/processing_system7_0/inst/FCLK_CLK0 |                                                                                                                                                                                  | p_system_inst/bd_processor_i/ps7_0_axi_periph/s00_couplers/auto_pc/inst/gen_axilite.gen_b2s_conv.axilite_b2s/SI_REG/aw.aw_pipe/aresetn_d_reg[0]_0                       |                2 |              4 |
|  p_system_inst/bd_processor_i/processing_system7_0/inst/FCLK_CLK0 | p_system_inst/bd_processor_i/axi_gpio_0/U0/AXI_LITE_IPIF_I/I_SLAVE_ATTACHMENT/start2                                                                                             | p_system_inst/bd_processor_i/axi_gpio_0/U0/AXI_LITE_IPIF_I/I_SLAVE_ATTACHMENT/I_DECODER/cs_ce_clr                                                                       |                1 |              4 |
|  p_system_inst/bd_processor_i/processing_system7_0/inst/FCLK_CLK0 | p_system_inst/bd_processor_i/ps7_0_axi_periph/s00_couplers/auto_pc/inst/gen_axilite.gen_b2s_conv.axilite_b2s/WR.aw_channel_0/aw_cmd_fsm_0/m_valid_i_reg_0                        | p_system_inst/bd_processor_i/ps7_0_axi_periph/s00_couplers/auto_pc/inst/gen_axilite.gen_b2s_conv.axilite_b2s/WR.aw_channel_0/aw_cmd_fsm_0/m_valid_i_reg                 |                2 |              5 |
|  p_system_inst/bd_processor_i/processing_system7_0/inst/FCLK_CLK0 | p_system_inst/bd_processor_i/ps7_0_axi_periph/s00_couplers/auto_pc/inst/gen_axilite.gen_b2s_conv.axilite_b2s/RD.r_channel_0/transaction_fifo_0/E[0]                              | p_system_inst/bd_processor_i/ps7_0_axi_periph/s00_couplers/auto_pc/inst/gen_axilite.gen_b2s_conv.axilite_b2s/areset_d1                                                  |                2 |              5 |
|  p_system_inst/bd_processor_i/processing_system7_0/inst/FCLK_CLK0 | p_system_inst/bd_processor_i/ps7_0_axi_periph/s00_couplers/auto_pc/inst/gen_axilite.gen_b2s_conv.axilite_b2s/RD.r_channel_0/transaction_fifo_0/cnt_read[4]_i_1__0_n_0            | p_system_inst/bd_processor_i/ps7_0_axi_periph/s00_couplers/auto_pc/inst/gen_axilite.gen_b2s_conv.axilite_b2s/areset_d1                                                  |                2 |              5 |
|  p_system_inst/bd_processor_i/processing_system7_0/inst/FCLK_CLK0 | p_system_inst/bd_processor_i/ps7_0_axi_periph/s00_couplers/auto_pc/inst/gen_axilite.gen_b2s_conv.axilite_b2s/RD.ar_channel_0/ar_cmd_fsm_0/m_axi_arready_0                        | p_system_inst/bd_processor_i/ps7_0_axi_periph/s00_couplers/auto_pc/inst/gen_axilite.gen_b2s_conv.axilite_b2s/RD.ar_channel_0/ar_cmd_fsm_0/FSM_sequential_state_reg[1]_0 |                3 |              5 |
|  p_system_inst/bd_processor_i/processing_system7_0/inst/FCLK_CLK0 | p_system_inst/bd_processor_i/rst_ps7_0_100M/U0/SEQ/seq_cnt_en                                                                                                                    | p_system_inst/bd_processor_i/rst_ps7_0_100M/U0/SEQ/SEQ_COUNTER/clear                                                                                                    |                1 |              6 |
|  p_system_inst/bd_processor_i/processing_system7_0/inst/FCLK_CLK0 |                                                                                                                                                                                  | p_system_inst/bd_processor_i/xadc_wiz_0/U0/AXI_LITE_IPIF_I/I_SLAVE_ATTACHMENT/p_2_out                                                                                   |                2 |              7 |
|  p_system_inst/bd_processor_i/processing_system7_0/inst/FCLK_CLK0 | p_system_inst/bd_processor_i/ps7_0_axi_periph/s00_couplers/auto_pc/inst/gen_axilite.gen_b2s_conv.axilite_b2s/WR.b_channel_0/mhandshake_r                                         | p_system_inst/bd_processor_i/ps7_0_axi_periph/s00_couplers/auto_pc/inst/gen_axilite.gen_b2s_conv.axilite_b2s/WR.b_channel_0/bid_fifo_0/SR[0]                            |                2 |              8 |
|  p_system_inst/bd_processor_i/processing_system7_0/inst/FCLK_CLK0 | p_system_inst/bd_processor_i/axi_gpio_0/U0/AXI_LITE_IPIF_I/I_SLAVE_ATTACHMENT/I_DECODER/bus2ip_rnw_i_reg[0]                                                                      | p_system_inst/bd_processor_i/axi_gpio_0/U0/AXI_LITE_IPIF_I/I_SLAVE_ATTACHMENT/SR[0]                                                                                     |                1 |              8 |
|  p_system_inst/bd_processor_i/processing_system7_0/inst/FCLK_CLK0 | p_system_inst/bd_processor_i/axi_gpio_0/U0/AXI_LITE_IPIF_I/I_SLAVE_ATTACHMENT/s_axi_rresp_i                                                                                      | p_system_inst/bd_processor_i/axi_gpio_0/U0/AXI_LITE_IPIF_I/I_SLAVE_ATTACHMENT/SR[0]                                                                                     |                2 |              9 |
|  p_system_inst/bd_processor_i/processing_system7_0/inst/FCLK_CLK0 |                                                                                                                                                                                  | p_system_inst/bd_processor_i/ps7_0_axi_periph/s00_couplers/auto_pc/inst/gen_axilite.gen_b2s_conv.axilite_b2s/areset_d1                                                  |                4 |             10 |
|  p_system_inst/bd_processor_i/processing_system7_0/inst/FCLK_CLK0 |                                                                                                                                                                                  | p_system_inst/bd_processor_i/ps7_0_axi_periph/xbar/inst/gen_sasd.crossbar_sasd_0/addr_arbiter_inst/SR[0]                                                                |                3 |             11 |
|  p_system_inst/bd_processor_i/processing_system7_0/inst/FCLK_CLK0 | p_system_inst/bd_processor_i/ps7_0_axi_periph/s00_couplers/auto_pc/inst/gen_axilite.gen_b2s_conv.axilite_b2s/WR.aw_channel_0/cmd_translator_0/incr_cmd_0/axaddr_incr[11]_i_1_n_0 |                                                                                                                                                                         |                3 |             12 |
|  p_system_inst/bd_processor_i/processing_system7_0/inst/FCLK_CLK0 | p_system_inst/bd_processor_i/ps7_0_axi_periph/s00_couplers/auto_pc/inst/gen_axilite.gen_b2s_conv.axilite_b2s/WR.aw_channel_0/aw_cmd_fsm_0/E[0]                                   |                                                                                                                                                                         |                4 |             12 |
|  p_system_inst/bd_processor_i/processing_system7_0/inst/FCLK_CLK0 | p_system_inst/bd_processor_i/ps7_0_axi_periph/s00_couplers/auto_pc/inst/gen_axilite.gen_b2s_conv.axilite_b2s/RD.ar_channel_0/ar_cmd_fsm_0/E[0]                                   |                                                                                                                                                                         |                8 |             12 |
|  p_system_inst/bd_processor_i/processing_system7_0/inst/FCLK_CLK0 | p_system_inst/bd_processor_i/ps7_0_axi_periph/s00_couplers/auto_pc/inst/gen_axilite.gen_b2s_conv.axilite_b2s/RD.ar_channel_0/ar_cmd_fsm_0/sel_first_reg[0]                       |                                                                                                                                                                         |                2 |             12 |
|  p_system_inst/bd_processor_i/processing_system7_0/inst/FCLK_CLK0 | p_system_inst/bd_processor_i/ps7_0_axi_periph/s00_couplers/auto_pc/inst/gen_axilite.gen_b2s_conv.axilite_b2s/RD.r_channel_0/r_push_r                                             |                                                                                                                                                                         |                4 |             13 |
|  p_system_inst/bd_processor_i/processing_system7_0/inst/FCLK_CLK0 | p_system_inst/bd_processor_i/ps7_0_axi_periph/s00_couplers/auto_pc/inst/gen_axilite.gen_b2s_conv.axilite_b2s/SI_REG/b.b_pipe/s_ready_i_reg_0                                     |                                                                                                                                                                         |                3 |             14 |
|  p_system_inst/bd_processor_i/processing_system7_0/inst/FCLK_CLK0 | p_system_inst/bd_processor_i/ps7_0_axi_periph/s00_couplers/auto_pc/inst/gen_axilite.gen_b2s_conv.axilite_b2s/SI_REG/b.b_pipe/p_1_in                                              |                                                                                                                                                                         |                2 |             14 |
|  p_system_inst/bd_processor_i/processing_system7_0/inst/FCLK_CLK0 | p_system_inst/bd_processor_i/axi_gpio_0/U0/AXI_LITE_IPIF_I/I_SLAVE_ATTACHMENT/I_DECODER/bus2ip_rnw_i_reg_0[0]                                                                    | p_system_inst/bd_processor_i/axi_gpio_0/U0/AXI_LITE_IPIF_I/I_SLAVE_ATTACHMENT/SR[0]                                                                                     |                5 |             16 |
|  p_system_inst/bd_processor_i/processing_system7_0/inst/FCLK_CLK0 |                                                                                                                                                                                  | p_system_inst/bd_processor_i/axi_gpio_0/U0/AXI_LITE_IPIF_I/I_SLAVE_ATTACHMENT/I_DECODER/bus2ip_rnw_i_reg_2                                                              |                4 |             16 |
|  p_system_inst/bd_processor_i/processing_system7_0/inst/FCLK_CLK0 | p_system_inst/bd_processor_i/ps7_0_axi_periph/s00_couplers/auto_pc/inst/gen_axilite.gen_b2s_conv.axilite_b2s/WR.aw_channel_0/aw_cmd_fsm_0/b_push                                 |                                                                                                                                                                         |                3 |             16 |
|  p_system_inst/bd_processor_i/processing_system7_0/inst/FCLK_CLK0 |                                                                                                                                                                                  | p_system_inst/bd_processor_i/xadc_wiz_0/U0/AXI_XADC_CORE_I/do_reg[15]_i_1_n_0                                                                                           |                3 |             16 |
|  p_system_inst/bd_processor_i/processing_system7_0/inst/FCLK_CLK0 | p_system_inst/bd_processor_i/xadc_wiz_0/U0/AXI_LITE_IPIF_I/I_SLAVE_ATTACHMENT/I_DECODER/E[0]                                                                                     | p_system_inst/bd_processor_i/xadc_wiz_0/U0/AXI_LITE_IPIF_I/I_SLAVE_ATTACHMENT/reset2ip_reset                                                                            |                7 |             17 |
|  p_system_inst/bd_processor_i/processing_system7_0/inst/FCLK_CLK0 | p_system_inst/bd_processor_i/xadc_wiz_0/U0/AXI_LITE_IPIF_I/I_SLAVE_ATTACHMENT/s_axi_rresp_i                                                                                      | p_system_inst/bd_processor_i/xadc_wiz_0/U0/AXI_LITE_IPIF_I/I_SLAVE_ATTACHMENT/SR[0]                                                                                     |                6 |             20 |
|  p_system_inst/bd_processor_i/processing_system7_0/inst/FCLK_CLK0 | p_system_inst/bd_processor_i/ps7_0_axi_periph/s00_couplers/auto_pc/inst/gen_axilite.gen_b2s_conv.axilite_b2s/RD.ar_channel_0/ar_cmd_fsm_0/m_axi_arready_0                        |                                                                                                                                                                         |               11 |             21 |
|  p_system_inst/bd_processor_i/processing_system7_0/inst/FCLK_CLK0 | p_system_inst/bd_processor_i/ps7_0_axi_periph/s00_couplers/auto_pc/inst/gen_axilite.gen_b2s_conv.axilite_b2s/WR.aw_channel_0/aw_cmd_fsm_0/m_valid_i_reg_0                        |                                                                                                                                                                         |               10 |             21 |
|  p_system_inst/bd_processor_i/processing_system7_0/inst/FCLK_CLK0 | p_system_inst/bd_processor_i/ps7_0_axi_periph/xbar/inst/gen_sasd.crossbar_sasd_0/addr_arbiter_inst/p_0_in1_in                                                                    | p_system_inst/bd_processor_i/ps7_0_axi_periph/xbar/inst/gen_sasd.crossbar_sasd_0/addr_arbiter_inst/SR[0]                                                                |                9 |             24 |
|  p_system_inst/bd_processor_i/processing_system7_0/inst/FCLK_CLK0 |                                                                                                                                                                                  | p_system_inst/bd_processor_i/axi_gpio_0/U0/AXI_LITE_IPIF_I/I_SLAVE_ATTACHMENT/SR[0]                                                                                     |                8 |             24 |
|  p_system_inst/bd_processor_i/processing_system7_0/inst/FCLK_CLK0 | p_system_inst/bd_processor_i/xadc_wiz_0/U0/AXI_LITE_IPIF_I/I_SLAVE_ATTACHMENT/I_DECODER/start                                                                                    | p_system_inst/bd_processor_i/xadc_wiz_0/U0/AXI_LITE_IPIF_I/I_SLAVE_ATTACHMENT/I_DECODER/cs_ce_clr                                                                       |                9 |             25 |
|  p_system_inst/bd_processor_i/processing_system7_0/inst/FCLK_CLK0 |                                                                                                                                                                                  | p_system_inst/bd_processor_i/xadc_wiz_0/U0/AXI_LITE_IPIF_I/I_SLAVE_ATTACHMENT/SR[0]                                                                                     |                7 |             26 |
|  p_system_inst/bd_processor_i/processing_system7_0/inst/FCLK_CLK0 | p_system_inst/bd_processor_i/ps7_0_axi_periph/s00_couplers/auto_pc/inst/gen_axilite.gen_b2s_conv.axilite_b2s/RD.r_channel_0/rd_data_fifo_0/wr_en0                                |                                                                                                                                                                         |                9 |             34 |
|  p_system_inst/bd_processor_i/processing_system7_0/inst/FCLK_CLK0 | p_system_inst/bd_processor_i/ps7_0_axi_periph/xbar/inst/gen_sasd.crossbar_sasd_0/addr_arbiter_inst/E[0]                                                                          |                                                                                                                                                                         |                8 |             35 |
|  p_system_inst/bd_processor_i/processing_system7_0/inst/FCLK_CLK0 | p_system_inst/bd_processor_i/ps7_0_axi_periph/s00_couplers/auto_pc/inst/gen_axilite.gen_b2s_conv.axilite_b2s/SI_REG/r.r_pipe/s_ready_i_reg_0                                     |                                                                                                                                                                         |                8 |             47 |
|  p_system_inst/bd_processor_i/processing_system7_0/inst/FCLK_CLK0 | p_system_inst/bd_processor_i/ps7_0_axi_periph/s00_couplers/auto_pc/inst/gen_axilite.gen_b2s_conv.axilite_b2s/SI_REG/r.r_pipe/p_1_in                                              |                                                                                                                                                                         |                7 |             47 |
|  p_system_inst/bd_processor_i/processing_system7_0/inst/FCLK_CLK0 | p_system_inst/bd_processor_i/ps7_0_axi_periph/s00_couplers/auto_pc/inst/gen_axilite.gen_b2s_conv.axilite_b2s/RD.ar_channel_0/ar_cmd_fsm_0/FSM_sequential_state_reg[1]_1[0]       |                                                                                                                                                                         |                9 |             48 |
|  p_system_inst/bd_processor_i/processing_system7_0/inst/FCLK_CLK0 | p_system_inst/bd_processor_i/ps7_0_axi_periph/s00_couplers/auto_pc/inst/gen_axilite.gen_b2s_conv.axilite_b2s/SI_REG/aw.aw_pipe/s_ready_i_reg_0                                   |                                                                                                                                                                         |                9 |             48 |
|  p_system_inst/bd_processor_i/processing_system7_0/inst/FCLK_CLK0 | p_system_inst/bd_processor_i/ps7_0_axi_periph/s00_couplers/auto_pc/inst/gen_axilite.gen_b2s_conv.axilite_b2s/WR.aw_channel_0/aw_cmd_fsm_0/m_valid_i_reg_1[0]                     |                                                                                                                                                                         |                8 |             48 |
|  p_system_inst/bd_processor_i/processing_system7_0/inst/FCLK_CLK0 | p_system_inst/bd_processor_i/ps7_0_axi_periph/s00_couplers/auto_pc/inst/gen_axilite.gen_b2s_conv.axilite_b2s/SI_REG/ar.ar_pipe/s_ready_i_reg_0                                   |                                                                                                                                                                         |               10 |             48 |
|  p_system_inst/bd_processor_i/processing_system7_0/inst/FCLK_CLK0 |                                                                                                                                                                                  | p_system_inst/bd_processor_i/xadc_wiz_0/U0/AXI_LITE_IPIF_I/I_SLAVE_ATTACHMENT/reset2ip_reset                                                                            |               30 |            115 |
|  p_system_inst/bd_processor_i/processing_system7_0/inst/FCLK_CLK0 |                                                                                                                                                                                  |                                                                                                                                                                         |               76 |            209 |
+-------------------------------------------------------------------+----------------------------------------------------------------------------------------------------------------------------------------------------------------------------------+-------------------------------------------------------------------------------------------------------------------------------------------------------------------------+------------------+----------------+


