#-----------------------------------------------------------
# Vivado v2018.3 (64-bit)
# SW Build 2405991 on Thu Dec  6 23:36:41 MST 2018
# IP Build 2404404 on Fri Dec  7 01:43:56 MST 2018
# Start of session at: Sat Apr 13 12:29:24 2019
# Process ID: 7805
# Current directory: /home/petr/Projects/fpga_edu/zedboard/wrk/ps_freertos_w_net/rtl/vivado
# Command line: vivado
# Log file: /home/petr/Projects/fpga_edu/zedboard/wrk/ps_freertos_w_net/rtl/vivado/vivado.log
# Journal file: /home/petr/Projects/fpga_edu/zedboard/wrk/ps_freertos_w_net/rtl/vivado/vivado.jou
#-----------------------------------------------------------
start_gui
open_project /home/petr/Projects/fpga_edu/zedboard/wrk/ps_freertos_w_net/rtl/vivado/first_freertos.xpr
INFO: [Project 1-313] Project file moved from '/home/petr/Projects/fpga_edu/zedboard/wrk/ps_freertos_systems/rtl/vivado' since last save.
Scanning sources...
Finished scanning sources
INFO: [IP_Flow 19-234] Refreshing IP repositories
INFO: [IP_Flow 19-1704] No user IP repositories specified
INFO: [IP_Flow 19-2313] Loaded Vivado IP repository '/opt/xilinx/Vivado/2018.3/data/ip'.
open_project: Time (s): cpu = 00:00:12 ; elapsed = 00:00:11 . Memory (MB): peak = 6560.277 ; gain = 167.309 ; free physical = 2453 ; free virtual = 13578
update_compile_order -fileset sources_1
open_bd_design {/home/petr/Projects/fpga_edu/zedboard/wrk/ps_freertos_w_net/rtl/src/ip/p_system/p_system.bd}
Adding cell -- xilinx.com:ip:processing_system7:5.5 - processing_system7_0
Adding cell -- xilinx.com:ip:axi_gpio:2.0 - axi_gpio_0
Adding cell -- xilinx.com:ip:axi_gpio:2.0 - axi_gpio_1
Adding cell -- xilinx.com:ip:axi_interconnect:2.1 - ps7_0_axi_periph
Adding cell -- xilinx.com:ip:axi_crossbar:2.1 - xbar
Adding cell -- xilinx.com:ip:axi_protocol_converter:2.1 - auto_pc
Adding cell -- xilinx.com:ip:proc_sys_reset:5.0 - rst_ps7_0_100M
Successfully read diagram <p_system> from BD file </home/petr/Projects/fpga_edu/zedboard/wrk/ps_freertos_w_net/rtl/src/ip/p_system/p_system.bd>
open_bd_design: Time (s): cpu = 00:00:08 ; elapsed = 00:00:06 . Memory (MB): peak = 6723.789 ; gain = 0.000 ; free physical = 2220 ; free virtual = 13410
WARNING: [IP_Flow 19-474] Invalid Parameter 'Component_Name'
WARNING: [IP_Flow 19-474] Invalid Parameter 'Component_Name'
validate_bd_design -force
save_bd_design
Wrote  : </home/petr/Projects/fpga_edu/zedboard/wrk/ps_freertos_w_net/rtl/src/ip/p_system/p_system.bd> 
reset_target all [get_files  /home/petr/Projects/fpga_edu/zedboard/wrk/ps_freertos_w_net/rtl/src/ip/p_system/p_system.bd]
export_ip_user_files -of_objects  [get_files  /home/petr/Projects/fpga_edu/zedboard/wrk/ps_freertos_w_net/rtl/src/ip/p_system/p_system.bd] -sync -no_script -force -quiet
delete_ip_run [get_files -of_objects [get_fileset sources_1] /home/petr/Projects/fpga_edu/zedboard/wrk/ps_freertos_w_net/rtl/src/ip/p_system/p_system.bd]
generate_target all [get_files  /home/petr/Projects/fpga_edu/zedboard/wrk/ps_freertos_w_net/rtl/src/ip/p_system/p_system.bd]
INFO: [BD 41-1662] The design 'p_system.bd' is already validated. Therefore parameter propagation will not be re-run.
VHDL Output written to : /home/petr/Projects/fpga_edu/zedboard/wrk/ps_freertos_w_net/rtl/src/ip/p_system/synth/p_system.vhd
VHDL Output written to : /home/petr/Projects/fpga_edu/zedboard/wrk/ps_freertos_w_net/rtl/src/ip/p_system/sim/p_system.vhd
VHDL Output written to : /home/petr/Projects/fpga_edu/zedboard/wrk/ps_freertos_w_net/rtl/src/ip/p_system/hdl/p_system_wrapper.vhd
INFO: [BD 41-1029] Generation completed for the IP Integrator block processing_system7_0 .
INFO: [BD 41-1029] Generation completed for the IP Integrator block axi_gpio_0 .
INFO: [BD 41-1029] Generation completed for the IP Integrator block axi_gpio_1 .
INFO: [BD 41-1029] Generation completed for the IP Integrator block ps7_0_axi_periph/xbar .
INFO: [BD 41-1029] Generation completed for the IP Integrator block rst_ps7_0_100M .
WARNING: [IP_Flow 19-4994] Overwriting existing constraint file '/home/petr/Projects/fpga_edu/zedboard/wrk/ps_freertos_w_net/rtl/src/ip/p_system/ip/p_system_auto_pc_0/p_system_auto_pc_0_ooc.xdc'
INFO: [BD 41-1029] Generation completed for the IP Integrator block ps7_0_axi_periph/s00_couplers/auto_pc .
Exporting to file /home/petr/Projects/fpga_edu/zedboard/wrk/ps_freertos_w_net/rtl/src/ip/p_system/hw_handoff/p_system.hwh
Generated Block Design Tcl file /home/petr/Projects/fpga_edu/zedboard/wrk/ps_freertos_w_net/rtl/src/ip/p_system/hw_handoff/p_system_bd.tcl
Generated Hardware Definition File /home/petr/Projects/fpga_edu/zedboard/wrk/ps_freertos_w_net/rtl/src/ip/p_system/synth/p_system.hwdef
generate_target: Time (s): cpu = 00:00:15 ; elapsed = 00:00:16 . Memory (MB): peak = 7070.113 ; gain = 42.379 ; free physical = 1804 ; free virtual = 13030
catch { config_ip_cache -export [get_ips -all p_system_processing_system7_0_0] }
catch { config_ip_cache -export [get_ips -all p_system_axi_gpio_0_0] }
INFO: [IP_Flow 19-4993] Using cached IP synthesis design for IP p_system_axi_gpio_0_0, cache-ID = 312462ba00986911; cache size = 2.835 MB.
catch { config_ip_cache -export [get_ips -all p_system_axi_gpio_1_0] }
INFO: [IP_Flow 19-4993] Using cached IP synthesis design for IP p_system_axi_gpio_1_0, cache-ID = 4e9147c7a396df0c; cache size = 2.835 MB.
catch { config_ip_cache -export [get_ips -all p_system_xbar_0] }
INFO: [IP_Flow 19-4993] Using cached IP synthesis design for IP p_system_xbar_0, cache-ID = df46861b1c121718; cache size = 2.835 MB.
catch { config_ip_cache -export [get_ips -all p_system_rst_ps7_0_100M_0] }
INFO: [IP_Flow 19-4993] Using cached IP synthesis design for IP p_system_rst_ps7_0_100M_0, cache-ID = a3ef2f0e2406c06e; cache size = 2.835 MB.
catch { config_ip_cache -export [get_ips -all p_system_auto_pc_0] }
INFO: [IP_Flow 19-4993] Using cached IP synthesis design for IP p_system_auto_pc_0, cache-ID = 60c523c682fd8ebf; cache size = 2.835 MB.
export_ip_user_files -of_objects [get_files /home/petr/Projects/fpga_edu/zedboard/wrk/ps_freertos_w_net/rtl/src/ip/p_system/p_system.bd] -no_script -sync -force -quiet
create_ip_run [get_files -of_objects [get_fileset sources_1] /home/petr/Projects/fpga_edu/zedboard/wrk/ps_freertos_w_net/rtl/src/ip/p_system/p_system.bd]
launch_runs -jobs 4 p_system_processing_system7_0_0_synth_1
[Sat Apr 13 12:43:14 2019] Launched p_system_processing_system7_0_0_synth_1...
Run output will be captured here: /home/petr/Projects/fpga_edu/zedboard/wrk/ps_freertos_w_net/rtl/vivado/first_freertos.runs/p_system_processing_system7_0_0_synth_1/runme.log
export_simulation -of_objects [get_files /home/petr/Projects/fpga_edu/zedboard/wrk/ps_freertos_w_net/rtl/src/ip/p_system/p_system.bd] -directory /home/petr/Projects/fpga_edu/zedboard/wrk/ps_freertos_w_net/rtl/vivado/first_freertos.ip_user_files/sim_scripts -ip_user_files_dir /home/petr/Projects/fpga_edu/zedboard/wrk/ps_freertos_w_net/rtl/vivado/first_freertos.ip_user_files -ipstatic_source_dir /home/petr/Projects/fpga_edu/zedboard/wrk/ps_freertos_w_net/rtl/vivado/first_freertos.ip_user_files/ipstatic -lib_map_path [list {modelsim=/home/petr/Projects/fpga_edu/zedboard/wrk/ps_freertos_w_net/rtl/vivado/first_freertos.cache/compile_simlib/modelsim} {questa=/home/petr/Projects/fpga_edu/zedboard/wrk/ps_freertos_w_net/rtl/vivado/first_freertos.cache/compile_simlib/questa} {ies=/home/petr/Projects/fpga_edu/zedboard/wrk/ps_freertos_w_net/rtl/vivado/first_freertos.cache/compile_simlib/ies} {xcelium=/home/petr/Projects/fpga_edu/zedboard/wrk/ps_freertos_w_net/rtl/vivado/first_freertos.cache/compile_simlib/xcelium} {vcs=/home/petr/Projects/fpga_edu/zedboard/wrk/ps_freertos_w_net/rtl/vivado/first_freertos.cache/compile_simlib/vcs} {riviera=/home/petr/Projects/fpga_edu/zedboard/wrk/ps_freertos_w_net/rtl/vivado/first_freertos.cache/compile_simlib/riviera}] -use_ip_compiled_libs -force -quiet
reset_run synth_1
launch_runs impl_1 -to_step write_bitstream -jobs 4
[Sat Apr 13 12:44:38 2019] Launched synth_1...
Run output will be captured here: /home/petr/Projects/fpga_edu/zedboard/wrk/ps_freertos_w_net/rtl/vivado/first_freertos.runs/synth_1/runme.log
[Sat Apr 13 12:44:38 2019] Launched impl_1...
Run output will be captured here: /home/petr/Projects/fpga_edu/zedboard/wrk/ps_freertos_w_net/rtl/vivado/first_freertos.runs/impl_1/runme.log
open_run impl_1
INFO: [Netlist 29-17] Analyzing 18 Unisim elements for replacement
INFO: [Netlist 29-28] Unisim Transformation completed in 0 CPU seconds
INFO: [Project 1-479] Netlist was created with Vivado 2018.3
INFO: [Device 21-403] Loading part xc7z020clg484-1
INFO: [Project 1-570] Preparing netlist for logic optimization
INFO: [Timing 38-478] Restoring timing data from binary archive.
INFO: [Timing 38-479] Binary timing data restore complete.
INFO: [Project 1-856] Restoring constraints from binary archive.
INFO: [Project 1-853] Binary constraint restore complete.
Reading XDEF placement.
Reading placer database...
Reading XDEF routing.
Read XDEF File: Time (s): cpu = 00:00:00.23 ; elapsed = 00:00:00.22 . Memory (MB): peak = 7771.270 ; gain = 6.004 ; free physical = 1060 ; free virtual = 12374
Restored from archive | CPU: 0.230000 secs | Memory: 1.809174 MB |
Finished XDEF File Restore: Time (s): cpu = 00:00:00.23 ; elapsed = 00:00:00.22 . Memory (MB): peak = 7771.270 ; gain = 6.004 ; free physical = 1060 ; free virtual = 12374
Netlist sorting complete. Time (s): cpu = 00:00:00 ; elapsed = 00:00:00 . Memory (MB): peak = 7771.270 ; gain = 0.000 ; free physical = 1061 ; free virtual = 12375
INFO: [Project 1-111] Unisim Transformation Summary:
No Unisim elements were transformed.

WARNING: [Designutils 20-3303] unexpected site type 'IOPAD' in HDPYFinalizeIO
WARNING: [Designutils 20-3303] unexpected site type 'IOPAD' in HDPYFinalizeIO
WARNING: [Designutils 20-3303] unexpected site type 'IOPAD' in HDPYFinalizeIO
WARNING: [Designutils 20-3303] unexpected site type 'IOPAD' in HDPYFinalizeIO
WARNING: [Designutils 20-3303] unexpected site type 'IOPAD' in HDPYFinalizeIO
WARNING: [Designutils 20-3303] unexpected site type 'IOPAD' in HDPYFinalizeIO
WARNING: [Designutils 20-3303] unexpected site type 'IOPAD' in HDPYFinalizeIO
WARNING: [Designutils 20-3303] unexpected site type 'IOPAD' in HDPYFinalizeIO
WARNING: [Designutils 20-3303] unexpected site type 'IOPAD' in HDPYFinalizeIO
WARNING: [Designutils 20-3303] unexpected site type 'IOPAD' in HDPYFinalizeIO
WARNING: [Designutils 20-3303] unexpected site type 'IOPAD' in HDPYFinalizeIO
WARNING: [Designutils 20-3303] unexpected site type 'IOPAD' in HDPYFinalizeIO
WARNING: [Designutils 20-3303] unexpected site type 'IOPAD' in HDPYFinalizeIO
WARNING: [Designutils 20-3303] unexpected site type 'IOPAD' in HDPYFinalizeIO
WARNING: [Designutils 20-3303] unexpected site type 'IOPAD' in HDPYFinalizeIO
WARNING: [Designutils 20-3303] unexpected site type 'IOPAD' in HDPYFinalizeIO
WARNING: [Designutils 20-3303] unexpected site type 'IOPAD' in HDPYFinalizeIO
WARNING: [Designutils 20-3303] unexpected site type 'IOPAD' in HDPYFinalizeIO
WARNING: [Designutils 20-3303] unexpected site type 'IOPAD' in HDPYFinalizeIO
WARNING: [Designutils 20-3303] unexpected site type 'IOPAD' in HDPYFinalizeIO
WARNING: [Designutils 20-3303] unexpected site type 'IOPAD' in HDPYFinalizeIO
WARNING: [Designutils 20-3303] unexpected site type 'IOPAD' in HDPYFinalizeIO
WARNING: [Designutils 20-3303] unexpected site type 'IOPAD' in HDPYFinalizeIO
WARNING: [Designutils 20-3303] unexpected site type 'IOPAD' in HDPYFinalizeIO
WARNING: [Designutils 20-3303] unexpected site type 'IOPAD' in HDPYFinalizeIO
WARNING: [Designutils 20-3303] unexpected site type 'IOPAD' in HDPYFinalizeIO
WARNING: [Designutils 20-3303] unexpected site type 'IOPAD' in HDPYFinalizeIO
WARNING: [Designutils 20-3303] unexpected site type 'IOPAD' in HDPYFinalizeIO
WARNING: [Designutils 20-3303] unexpected site type 'IOPAD' in HDPYFinalizeIO
WARNING: [Designutils 20-3303] unexpected site type 'IOPAD' in HDPYFinalizeIO
WARNING: [Designutils 20-3303] unexpected site type 'IOPAD' in HDPYFinalizeIO
WARNING: [Designutils 20-3303] unexpected site type 'IOPAD' in HDPYFinalizeIO
WARNING: [Designutils 20-3303] unexpected site type 'IOPAD' in HDPYFinalizeIO
WARNING: [Designutils 20-3303] unexpected site type 'IOPAD' in HDPYFinalizeIO
WARNING: [Designutils 20-3303] unexpected site type 'IOPAD' in HDPYFinalizeIO
WARNING: [Designutils 20-3303] unexpected site type 'IOPAD' in HDPYFinalizeIO
WARNING: [Designutils 20-3303] unexpected site type 'IOPAD' in HDPYFinalizeIO
WARNING: [Designutils 20-3303] unexpected site type 'IOPAD' in HDPYFinalizeIO
WARNING: [Designutils 20-3303] unexpected site type 'IOPAD' in HDPYFinalizeIO
WARNING: [Designutils 20-3303] unexpected site type 'IOPAD' in HDPYFinalizeIO
WARNING: [Designutils 20-3303] unexpected site type 'IOPAD' in HDPYFinalizeIO
WARNING: [Designutils 20-3303] unexpected site type 'IOPAD' in HDPYFinalizeIO
WARNING: [Designutils 20-3303] unexpected site type 'IOPAD' in HDPYFinalizeIO
WARNING: [Designutils 20-3303] unexpected site type 'IOPAD' in HDPYFinalizeIO
WARNING: [Designutils 20-3303] unexpected site type 'IOPAD' in HDPYFinalizeIO
WARNING: [Designutils 20-3303] unexpected site type 'IOPAD' in HDPYFinalizeIO
WARNING: [Designutils 20-3303] unexpected site type 'IOPAD' in HDPYFinalizeIO
WARNING: [Designutils 20-3303] unexpected site type 'IOPAD' in HDPYFinalizeIO
WARNING: [Designutils 20-3303] unexpected site type 'IOPAD' in HDPYFinalizeIO
WARNING: [Designutils 20-3303] unexpected site type 'IOPAD' in HDPYFinalizeIO
WARNING: [Designutils 20-3303] unexpected site type 'IOPAD' in HDPYFinalizeIO
WARNING: [Designutils 20-3303] unexpected site type 'IOPAD' in HDPYFinalizeIO
WARNING: [Designutils 20-3303] unexpected site type 'IOPAD' in HDPYFinalizeIO
WARNING: [Designutils 20-3303] unexpected site type 'IOPAD' in HDPYFinalizeIO
WARNING: [Designutils 20-3303] unexpected site type 'IOPAD' in HDPYFinalizeIO
WARNING: [Designutils 20-3303] unexpected site type 'IOPAD' in HDPYFinalizeIO
WARNING: [Designutils 20-3303] unexpected site type 'IOPAD' in HDPYFinalizeIO
WARNING: [Designutils 20-3303] unexpected site type 'IOPAD' in HDPYFinalizeIO
WARNING: [Designutils 20-3303] unexpected site type 'IOPAD' in HDPYFinalizeIO
WARNING: [Designutils 20-3303] unexpected site type 'IOPAD' in HDPYFinalizeIO
WARNING: [Designutils 20-3303] unexpected site type 'IOPAD' in HDPYFinalizeIO
WARNING: [Designutils 20-3303] unexpected site type 'IOPAD' in HDPYFinalizeIO
WARNING: [Designutils 20-3303] unexpected site type 'IOPAD' in HDPYFinalizeIO
WARNING: [Designutils 20-3303] unexpected site type 'IOPAD' in HDPYFinalizeIO
WARNING: [Designutils 20-3303] unexpected site type 'IOPAD' in HDPYFinalizeIO
WARNING: [Designutils 20-3303] unexpected site type 'IOPAD' in HDPYFinalizeIO
WARNING: [Designutils 20-3303] unexpected site type 'IOPAD' in HDPYFinalizeIO
WARNING: [Designutils 20-3303] unexpected site type 'IOPAD' in HDPYFinalizeIO
WARNING: [Designutils 20-3303] unexpected site type 'IOPAD' in HDPYFinalizeIO
WARNING: [Designutils 20-3303] unexpected site type 'IOPAD' in HDPYFinalizeIO
WARNING: [Designutils 20-3303] unexpected site type 'IOPAD' in HDPYFinalizeIO
WARNING: [Designutils 20-3303] unexpected site type 'IOPAD' in HDPYFinalizeIO
WARNING: [Designutils 20-3303] unexpected site type 'IOPAD' in HDPYFinalizeIO
WARNING: [Designutils 20-3303] unexpected site type 'IOPAD' in HDPYFinalizeIO
WARNING: [Designutils 20-3303] unexpected site type 'IOPAD' in HDPYFinalizeIO
WARNING: [Designutils 20-3303] unexpected site type 'IOPAD' in HDPYFinalizeIO
WARNING: [Designutils 20-3303] unexpected site type 'IOPAD' in HDPYFinalizeIO
WARNING: [Designutils 20-3303] unexpected site type 'IOPAD' in HDPYFinalizeIO
WARNING: [Designutils 20-3303] unexpected site type 'IOPAD' in HDPYFinalizeIO
WARNING: [Designutils 20-3303] unexpected site type 'IOPAD' in HDPYFinalizeIO
WARNING: [Designutils 20-3303] unexpected site type 'IOPAD' in HDPYFinalizeIO
WARNING: [Designutils 20-3303] unexpected site type 'IOPAD' in HDPYFinalizeIO
WARNING: [Designutils 20-3303] unexpected site type 'IOPAD' in HDPYFinalizeIO
WARNING: [Designutils 20-3303] unexpected site type 'IOPAD' in HDPYFinalizeIO
WARNING: [Designutils 20-3303] unexpected site type 'IOPAD' in HDPYFinalizeIO
WARNING: [Designutils 20-3303] unexpected site type 'IOPAD' in HDPYFinalizeIO
WARNING: [Designutils 20-3303] unexpected site type 'IOPAD' in HDPYFinalizeIO
WARNING: [Designutils 20-3303] unexpected site type 'IOPAD' in HDPYFinalizeIO
WARNING: [Designutils 20-3303] unexpected site type 'IOPAD' in HDPYFinalizeIO
WARNING: [Designutils 20-3303] unexpected site type 'IOPAD' in HDPYFinalizeIO
WARNING: [Designutils 20-3303] unexpected site type 'IOPAD' in HDPYFinalizeIO
WARNING: [Designutils 20-3303] unexpected site type 'IOPAD' in HDPYFinalizeIO
WARNING: [Designutils 20-3303] unexpected site type 'IOPAD' in HDPYFinalizeIO
WARNING: [Designutils 20-3303] unexpected site type 'IOPAD' in HDPYFinalizeIO
WARNING: [Designutils 20-3303] unexpected site type 'IOPAD' in HDPYFinalizeIO
WARNING: [Designutils 20-3303] unexpected site type 'IOPAD' in HDPYFinalizeIO
WARNING: [Designutils 20-3303] unexpected site type 'IOPAD' in HDPYFinalizeIO
WARNING: [Designutils 20-3303] unexpected site type 'IOPAD' in HDPYFinalizeIO
WARNING: [Designutils 20-3303] unexpected site type 'IOPAD' in HDPYFinalizeIO
WARNING: [Designutils 20-3303] unexpected site type 'IOPAD' in HDPYFinalizeIO
INFO: [Common 17-14] Message 'Designutils 20-3303' appears 100 times and further instances of the messages will be disabled. Use the Tcl command set_msg_config to change the current settings.
open_run: Time (s): cpu = 00:00:19 ; elapsed = 00:00:16 . Memory (MB): peak = 7955.781 ; gain = 749.570 ; free physical = 973 ; free virtual = 12288
write_xdc -force /home/petr/Projects/fpga_edu/zedboard/wrk/ps_freertos_w_net/rtl/vivado/constrs_1.xdc
Netlist sorting complete. Time (s): cpu = 00:00:00 ; elapsed = 00:00:00 . Memory (MB): peak = 7955.781 ; gain = 0.000 ; free physical = 982 ; free virtual = 12296
file copy -force /home/petr/Projects/fpga_edu/zedboard/wrk/ps_freertos_w_net/rtl/vivado/first_freertos.runs/impl_1/top_module.sysdef /home/petr/Projects/fpga_edu/zedboard/wrk/ps_freertos_w_net/sw/zedboard_hw_platform/top_module.hdf

exit
INFO: [Common 17-206] Exiting Vivado at Sat Apr 13 13:10:51 2019...
