Copyright 1986-2018 Xilinx, Inc. All Rights Reserved.
---------------------------------------------------------------------------------------
| Tool Version : Vivado v.2018.3 (lin64) Build 2405991 Thu Dec  6 23:36:41 MST 2018
| Date         : Fri Mar 29 17:47:43 2019
| Host         : petr-dell running 64-bit Ubuntu 18.04.2 LTS
| Command      : report_control_sets -verbose -file top_module_control_sets_placed.rpt
| Design       : top_module
| Device       : xc7z020
---------------------------------------------------------------------------------------

Control Set Information

Table of Contents
-----------------
1. Summary
2. Histogram
3. Flip-Flop Distribution
4. Detailed Control Set Information

1. Summary
----------

+----------------------------------------------------------+-------+
|                          Status                          | Count |
+----------------------------------------------------------+-------+
| Number of unique control sets                            |    55 |
| Unused register locations in slices containing registers |    84 |
+----------------------------------------------------------+-------+


2. Histogram
------------

+--------+--------------+
| Fanout | Control Sets |
+--------+--------------+
|      1 |            1 |
|      2 |            1 |
|      4 |            3 |
|      5 |            4 |
|      6 |            1 |
|      8 |           26 |
|     10 |            1 |
|     13 |            1 |
|     14 |            2 |
|    16+ |           15 |
+--------+--------------+


3. Flip-Flop Distribution
-------------------------

+--------------+-----------------------+------------------------+-----------------+--------------+
| Clock Enable | Synchronous Set/Reset | Asynchronous Set/Reset | Total Registers | Total Slices |
+--------------+-----------------------+------------------------+-----------------+--------------+
| No           | No                    | No                     |             142 |           50 |
| No           | No                    | Yes                    |               0 |            0 |
| No           | Yes                   | No                     |              39 |           15 |
| Yes          | No                    | No                     |             300 |           68 |
| Yes          | No                    | Yes                    |               0 |            0 |
| Yes          | Yes                   | No                     |             331 |           96 |
+--------------+-----------------------+------------------------+-----------------+--------------+


4. Detailed Control Set Information
-----------------------------------

+--------------------------------------------------------------------+-----------------------------------------------------------------------------------------------------------------------------------------------------------------------------------+--------------------------------------------------------------------------------------------------------------------------------------------------------------------------+------------------+----------------+
|                            Clock Signal                            |                                                                                   Enable Signal                                                                                   |                                                                             Set/Reset Signal                                                                             | Slice Load Count | Bel Load Count |
+--------------------------------------------------------------------+-----------------------------------------------------------------------------------------------------------------------------------------------------------------------------------+--------------------------------------------------------------------------------------------------------------------------------------------------------------------------+------------------+----------------+
|  p_system_wrapper_1/p_system_i/processing_system7_0/inst/FCLK_CLK0 | p_system_wrapper_1/p_system_i/ps7_0_axi_periph/s00_couplers/auto_pc/inst/gen_axilite.gen_b2s_conv.axilite_b2s/WR.aw_channel_0/aw_cmd_fsm_0/m_axi_awready_1                        | p_system_wrapper_1/p_system_i/ps7_0_axi_periph/s00_couplers/auto_pc/inst/gen_axilite.gen_b2s_conv.axilite_b2s/WR.aw_channel_0/aw_cmd_fsm_0/m_axi_awready_0               |                1 |              1 |
|  p_system_wrapper_1/p_system_i/processing_system7_0/inst/FCLK_CLK0 | p_system_wrapper_1/p_system_i/ps7_0_axi_periph/s00_couplers/auto_pc/inst/gen_axilite.gen_b2s_conv.axilite_b2s/WR.b_channel_0/bid_fifo_0/sel                                       |                                                                                                                                                                          |                1 |              2 |
|  p_system_wrapper_1/p_system_i/processing_system7_0/inst/FCLK_CLK0 |                                                                                                                                                                                   | p_system_wrapper_1/p_system_i/ps7_0_axi_periph/s00_couplers/auto_pc/inst/gen_axilite.gen_b2s_conv.axilite_b2s/SI_REG/aw.aw_pipe/aresetn_d_reg[0]_0                       |                2 |              4 |
|  p_system_wrapper_1/p_system_i/processing_system7_0/inst/FCLK_CLK0 |                                                                                                                                                                                   | p_system_wrapper_1/p_system_i/ps7_0_axi_periph/s00_couplers/auto_pc/inst/gen_axilite.gen_b2s_conv.axilite_b2s/SI_REG/ar.ar_pipe/aresetn_d_reg[1]_inv_0                   |                2 |              4 |
|  p_system_wrapper_1/p_system_i/processing_system7_0/inst/FCLK_CLK0 |                                                                                                                                                                                   | p_system_wrapper_1/p_system_i/rst_ps7_0_100M/U0/EXT_LPF/lpf_int                                                                                                          |                2 |              4 |
|  p_system_wrapper_1/p_system_i/processing_system7_0/inst/FCLK_CLK0 | p_system_wrapper_1/p_system_i/jtag_cable_comm_0/U0/jtag_engine_i/index[4]_i_1_n_0                                                                                                 | p_system_wrapper_1/p_system_i/jtag_cable_comm_0/U0/axi_to_jtag_engine_1/slv_reg4_reg[0]_1[0]                                                                             |                1 |              5 |
|  p_system_wrapper_1/p_system_i/processing_system7_0/inst/FCLK_CLK0 | p_system_wrapper_1/p_system_i/ps7_0_axi_periph/s00_couplers/auto_pc/inst/gen_axilite.gen_b2s_conv.axilite_b2s/RD.ar_channel_0/ar_cmd_fsm_0/m_valid_i_reg                          | p_system_wrapper_1/p_system_i/ps7_0_axi_periph/s00_couplers/auto_pc/inst/gen_axilite.gen_b2s_conv.axilite_b2s/RD.ar_channel_0/ar_cmd_fsm_0/FSM_sequential_state_reg[0]_0 |                2 |              5 |
|  p_system_wrapper_1/p_system_i/processing_system7_0/inst/FCLK_CLK0 | p_system_wrapper_1/p_system_i/ps7_0_axi_periph/s00_couplers/auto_pc/inst/gen_axilite.gen_b2s_conv.axilite_b2s/RD.r_channel_0/rd_data_fifo_0/cnt_read[4]_i_1_n_0                   | p_system_wrapper_1/p_system_i/ps7_0_axi_periph/s00_couplers/auto_pc/inst/gen_axilite.gen_b2s_conv.axilite_b2s/areset_d1                                                  |                2 |              5 |
|  p_system_wrapper_1/p_system_i/processing_system7_0/inst/FCLK_CLK0 | p_system_wrapper_1/p_system_i/ps7_0_axi_periph/s00_couplers/auto_pc/inst/gen_axilite.gen_b2s_conv.axilite_b2s/RD.r_channel_0/rd_data_fifo_0/E[0]                                  | p_system_wrapper_1/p_system_i/ps7_0_axi_periph/s00_couplers/auto_pc/inst/gen_axilite.gen_b2s_conv.axilite_b2s/areset_d1                                                  |                2 |              5 |
|  p_system_wrapper_1/p_system_i/processing_system7_0/inst/FCLK_CLK0 | p_system_wrapper_1/p_system_i/rst_ps7_0_100M/U0/SEQ/seq_cnt_en                                                                                                                    | p_system_wrapper_1/p_system_i/rst_ps7_0_100M/U0/SEQ/SEQ_COUNTER/clear                                                                                                    |                1 |              6 |
|  p_system_wrapper_1/p_system_i/processing_system7_0/inst/FCLK_CLK0 | p_system_wrapper_1/p_system_i/jtag_cable_comm_0/U0/axi_to_jtag_engine_1/slv_reg3[7]_i_1_n_0                                                                                       | p_system_wrapper_1/p_system_i/jtag_cable_comm_0/U0/axi_to_jtag_engine_1/SR[0]                                                                                            |                2 |              8 |
|  p_system_wrapper_1/p_system_i/processing_system7_0/inst/FCLK_CLK0 | p_system_wrapper_1/p_system_i/jtag_cable_comm_0/U0/axi_to_jtag_engine_1/slv_reg4[23]_i_1_n_0                                                                                      | p_system_wrapper_1/p_system_i/jtag_cable_comm_0/U0/axi_to_jtag_engine_1/slv_reg4[31]_i_1_n_0                                                                             |                3 |              8 |
|  p_system_wrapper_1/p_system_i/processing_system7_0/inst/FCLK_CLK0 | p_system_wrapper_1/p_system_i/jtag_cable_comm_0/U0/axi_to_jtag_engine_1/slv_reg4[7]_i_1_n_0                                                                                       | p_system_wrapper_1/p_system_i/jtag_cable_comm_0/U0/axi_to_jtag_engine_1/slv_reg4[31]_i_1_n_0                                                                             |                2 |              8 |
|  p_system_wrapper_1/p_system_i/processing_system7_0/inst/FCLK_CLK0 | p_system_wrapper_1/p_system_i/jtag_cable_comm_0/U0/axi_to_jtag_engine_1/slv_reg4[15]_i_1_n_0                                                                                      | p_system_wrapper_1/p_system_i/jtag_cable_comm_0/U0/axi_to_jtag_engine_1/slv_reg4[31]_i_1_n_0                                                                             |                2 |              8 |
|  p_system_wrapper_1/p_system_i/processing_system7_0/inst/FCLK_CLK0 | p_system_wrapper_1/p_system_i/ps7_0_axi_periph/s00_couplers/auto_pc/inst/gen_axilite.gen_b2s_conv.axilite_b2s/WR.b_channel_0/mhandshake_r                                         | p_system_wrapper_1/p_system_i/ps7_0_axi_periph/s00_couplers/auto_pc/inst/gen_axilite.gen_b2s_conv.axilite_b2s/WR.b_channel_0/bid_fifo_0/SR[0]                            |                2 |              8 |
|  p_system_wrapper_1/p_system_i/processing_system7_0/inst/FCLK_CLK0 | p_system_wrapper_1/p_system_i/jtag_cable_comm_0/U0/axi_to_jtag_engine_1/slv_reg3[31]_i_1_n_0                                                                                      | p_system_wrapper_1/p_system_i/jtag_cable_comm_0/U0/axi_to_jtag_engine_1/SR[0]                                                                                            |                3 |              8 |
|  p_system_wrapper_1/p_system_i/processing_system7_0/inst/FCLK_CLK0 | p_system_wrapper_1/p_system_i/jtag_cable_comm_0/U0/axi_to_jtag_engine_1/p_1_in[15]                                                                                                | p_system_wrapper_1/p_system_i/jtag_cable_comm_0/U0/axi_to_jtag_engine_1/SR[0]                                                                                            |                1 |              8 |
|  p_system_wrapper_1/p_system_i/processing_system7_0/inst/FCLK_CLK0 | p_system_wrapper_1/p_system_i/jtag_cable_comm_0/U0/axi_to_jtag_engine_1/slv_reg1[31]_i_1_n_0                                                                                      | p_system_wrapper_1/p_system_i/jtag_cable_comm_0/U0/axi_to_jtag_engine_1/SR[0]                                                                                            |                2 |              8 |
|  p_system_wrapper_1/p_system_i/processing_system7_0/inst/FCLK_CLK0 | p_system_wrapper_1/p_system_i/jtag_cable_comm_0/U0/axi_to_jtag_engine_1/slv_reg4[31]_i_2_n_0                                                                                      | p_system_wrapper_1/p_system_i/jtag_cable_comm_0/U0/axi_to_jtag_engine_1/slv_reg4[31]_i_1_n_0                                                                             |                2 |              8 |
|  p_system_wrapper_1/p_system_i/processing_system7_0/inst/FCLK_CLK0 | p_system_wrapper_1/p_system_i/ps7_0_axi_periph/s00_couplers/auto_pc/inst/gen_axilite.gen_b2s_conv.axilite_b2s/RD.ar_channel_0/ar_cmd_fsm_0/E[0]                                   |                                                                                                                                                                          |                3 |              8 |
|  p_system_wrapper_1/p_system_i/processing_system7_0/inst/FCLK_CLK0 | p_system_wrapper_1/p_system_i/ps7_0_axi_periph/s00_couplers/auto_pc/inst/gen_axilite.gen_b2s_conv.axilite_b2s/RD.ar_channel_0/ar_cmd_fsm_0/sel_first_reg[0]                       |                                                                                                                                                                          |                2 |              8 |
|  p_system_wrapper_1/p_system_i/processing_system7_0/inst/FCLK_CLK0 | p_system_wrapper_1/p_system_i/ps7_0_axi_periph/s00_couplers/auto_pc/inst/gen_axilite.gen_b2s_conv.axilite_b2s/WR.aw_channel_0/aw_cmd_fsm_0/E[0]                                   |                                                                                                                                                                          |                4 |              8 |
|  p_system_wrapper_1/p_system_i/processing_system7_0/inst/FCLK_CLK0 | p_system_wrapper_1/p_system_i/ps7_0_axi_periph/s00_couplers/auto_pc/inst/gen_axilite.gen_b2s_conv.axilite_b2s/WR.aw_channel_0/cmd_translator_0/incr_cmd_0/axaddr_incr[11]_i_1_n_0 |                                                                                                                                                                          |                2 |              8 |
|  p_system_wrapper_1/p_system_i/processing_system7_0/inst/FCLK_CLK0 | p_system_wrapper_1/p_system_i/jtag_cable_comm_0/U0/axi_to_jtag_engine_1/slv_reg3[23]_i_1_n_0                                                                                      | p_system_wrapper_1/p_system_i/jtag_cable_comm_0/U0/axi_to_jtag_engine_1/SR[0]                                                                                            |                3 |              8 |
|  p_system_wrapper_1/p_system_i/processing_system7_0/inst/FCLK_CLK0 | p_system_wrapper_1/p_system_i/jtag_cable_comm_0/U0/axi_to_jtag_engine_1/slv_reg3[15]_i_1_n_0                                                                                      | p_system_wrapper_1/p_system_i/jtag_cable_comm_0/U0/axi_to_jtag_engine_1/SR[0]                                                                                            |                3 |              8 |
|  p_system_wrapper_1/p_system_i/processing_system7_0/inst/FCLK_CLK0 | p_system_wrapper_1/p_system_i/jtag_cable_comm_0/U0/axi_to_jtag_engine_1/slv_reg2[7]_i_1_n_0                                                                                       | p_system_wrapper_1/p_system_i/jtag_cable_comm_0/U0/axi_to_jtag_engine_1/SR[0]                                                                                            |                1 |              8 |
|  p_system_wrapper_1/p_system_i/processing_system7_0/inst/FCLK_CLK0 | p_system_wrapper_1/p_system_i/jtag_cable_comm_0/U0/jtag_engine_i/tck_en                                                                                                           | p_system_wrapper_1/p_system_i/jtag_cable_comm_0/U0/axi_to_jtag_engine_1/slv_reg4_reg[0]_1[0]                                                                             |                2 |              8 |
|  p_system_wrapper_1/p_system_i/processing_system7_0/inst/FCLK_CLK0 | p_system_wrapper_1/p_system_i/jtag_cable_comm_0/U0/axi_to_jtag_engine_1/p_1_in[31]                                                                                                | p_system_wrapper_1/p_system_i/jtag_cable_comm_0/U0/axi_to_jtag_engine_1/SR[0]                                                                                            |                2 |              8 |
|  p_system_wrapper_1/p_system_i/processing_system7_0/inst/FCLK_CLK0 | p_system_wrapper_1/p_system_i/jtag_cable_comm_0/U0/axi_to_jtag_engine_1/slv_reg1[7]_i_1_n_0                                                                                       | p_system_wrapper_1/p_system_i/jtag_cable_comm_0/U0/axi_to_jtag_engine_1/SR[0]                                                                                            |                2 |              8 |
|  p_system_wrapper_1/p_system_i/processing_system7_0/inst/FCLK_CLK0 | p_system_wrapper_1/p_system_i/jtag_cable_comm_0/U0/axi_to_jtag_engine_1/p_1_in[7]                                                                                                 | p_system_wrapper_1/p_system_i/jtag_cable_comm_0/U0/axi_to_jtag_engine_1/SR[0]                                                                                            |                1 |              8 |
|  p_system_wrapper_1/p_system_i/processing_system7_0/inst/FCLK_CLK0 | p_system_wrapper_1/p_system_i/jtag_cable_comm_0/U0/axi_to_jtag_engine_1/slv_reg1[23]_i_1_n_0                                                                                      | p_system_wrapper_1/p_system_i/jtag_cable_comm_0/U0/axi_to_jtag_engine_1/SR[0]                                                                                            |                2 |              8 |
|  p_system_wrapper_1/p_system_i/processing_system7_0/inst/FCLK_CLK0 | p_system_wrapper_1/p_system_i/jtag_cable_comm_0/U0/axi_to_jtag_engine_1/p_1_in[23]                                                                                                | p_system_wrapper_1/p_system_i/jtag_cable_comm_0/U0/axi_to_jtag_engine_1/SR[0]                                                                                            |                1 |              8 |
|  p_system_wrapper_1/p_system_i/processing_system7_0/inst/FCLK_CLK0 | p_system_wrapper_1/p_system_i/jtag_cable_comm_0/U0/axi_to_jtag_engine_1/slv_reg1[15]_i_1_n_0                                                                                      | p_system_wrapper_1/p_system_i/jtag_cable_comm_0/U0/axi_to_jtag_engine_1/SR[0]                                                                                            |                3 |              8 |
|  p_system_wrapper_1/p_system_i/processing_system7_0/inst/FCLK_CLK0 | p_system_wrapper_1/p_system_i/jtag_cable_comm_0/U0/axi_to_jtag_engine_1/slv_reg2[15]_i_1_n_0                                                                                      | p_system_wrapper_1/p_system_i/jtag_cable_comm_0/U0/axi_to_jtag_engine_1/SR[0]                                                                                            |                1 |              8 |
|  p_system_wrapper_1/p_system_i/processing_system7_0/inst/FCLK_CLK0 | p_system_wrapper_1/p_system_i/jtag_cable_comm_0/U0/axi_to_jtag_engine_1/slv_reg2[23]_i_1_n_0                                                                                      | p_system_wrapper_1/p_system_i/jtag_cable_comm_0/U0/axi_to_jtag_engine_1/SR[0]                                                                                            |                2 |              8 |
|  p_system_wrapper_1/p_system_i/processing_system7_0/inst/FCLK_CLK0 | p_system_wrapper_1/p_system_i/jtag_cable_comm_0/U0/axi_to_jtag_engine_1/slv_reg2[31]_i_1_n_0                                                                                      | p_system_wrapper_1/p_system_i/jtag_cable_comm_0/U0/axi_to_jtag_engine_1/SR[0]                                                                                            |                2 |              8 |
|  p_system_wrapper_1/p_system_i/processing_system7_0/inst/FCLK_CLK0 |                                                                                                                                                                                   | p_system_wrapper_1/p_system_i/ps7_0_axi_periph/s00_couplers/auto_pc/inst/gen_axilite.gen_b2s_conv.axilite_b2s/areset_d1                                                  |                3 |             10 |
|  p_system_wrapper_1/p_system_i/processing_system7_0/inst/FCLK_CLK0 | p_system_wrapper_1/p_system_i/ps7_0_axi_periph/s00_couplers/auto_pc/inst/gen_axilite.gen_b2s_conv.axilite_b2s/RD.r_channel_0/r_push_r                                             |                                                                                                                                                                          |                4 |             13 |
|  p_system_wrapper_1/p_system_i/processing_system7_0/inst/FCLK_CLK0 | p_system_wrapper_1/p_system_i/ps7_0_axi_periph/s00_couplers/auto_pc/inst/gen_axilite.gen_b2s_conv.axilite_b2s/SI_REG/b.b_pipe/p_1_in                                              |                                                                                                                                                                          |                2 |             14 |
|  p_system_wrapper_1/p_system_i/processing_system7_0/inst/FCLK_CLK0 | p_system_wrapper_1/p_system_i/ps7_0_axi_periph/s00_couplers/auto_pc/inst/gen_axilite.gen_b2s_conv.axilite_b2s/SI_REG/b.b_pipe/s_ready_i_reg_0                                     |                                                                                                                                                                          |                3 |             14 |
|  p_system_wrapper_1/p_system_i/processing_system7_0/inst/FCLK_CLK0 | p_system_wrapper_1/p_system_i/ps7_0_axi_periph/s00_couplers/auto_pc/inst/gen_axilite.gen_b2s_conv.axilite_b2s/WR.aw_channel_0/aw_cmd_fsm_0/b_push                                 |                                                                                                                                                                          |                3 |             16 |
|  p_system_wrapper_1/p_system_i/processing_system7_0/inst/FCLK_CLK0 | p_system_wrapper_1/p_system_i/ps7_0_axi_periph/s00_couplers/auto_pc/inst/gen_axilite.gen_b2s_conv.axilite_b2s/RD.ar_channel_0/ar_cmd_fsm_0/m_valid_i_reg                          |                                                                                                                                                                          |                5 |             17 |
|  p_system_wrapper_1/p_system_i/processing_system7_0/inst/FCLK_CLK0 |                                                                                                                                                                                   | p_system_wrapper_1/p_system_i/jtag_cable_comm_0/U0/axi_to_jtag_engine_1/SR[0]                                                                                            |                6 |             17 |
|  p_system_wrapper_1/p_system_i/processing_system7_0/inst/FCLK_CLK0 | p_system_wrapper_1/p_system_i/ps7_0_axi_periph/s00_couplers/auto_pc/inst/gen_axilite.gen_b2s_conv.axilite_b2s/WR.aw_channel_0/aw_cmd_fsm_0/m_axi_awready_1                        |                                                                                                                                                                          |                9 |             21 |
|  p_system_wrapper_1/p_system_i/processing_system7_0/inst/FCLK_CLK0 | p_system_wrapper_1/p_system_i/ps7_0_axi_periph/s00_couplers/auto_pc/inst/gen_axilite.gen_b2s_conv.axilite_b2s/RD.ar_channel_0/ar_cmd_fsm_0/FSM_sequential_state_reg[1]_0[0]       |                                                                                                                                                                          |                7 |             28 |
|  p_system_wrapper_1/p_system_i/processing_system7_0/inst/FCLK_CLK0 | p_system_wrapper_1/p_system_i/ps7_0_axi_periph/s00_couplers/auto_pc/inst/gen_axilite.gen_b2s_conv.axilite_b2s/SI_REG/aw.aw_pipe/s_ready_i_reg_0                                   |                                                                                                                                                                          |                4 |             28 |
|  p_system_wrapper_1/p_system_i/processing_system7_0/inst/FCLK_CLK0 | p_system_wrapper_1/p_system_i/ps7_0_axi_periph/s00_couplers/auto_pc/inst/gen_axilite.gen_b2s_conv.axilite_b2s/SI_REG/ar.ar_pipe/s_ready_i_reg_0                                   |                                                                                                                                                                          |                7 |             28 |
|  p_system_wrapper_1/p_system_i/processing_system7_0/inst/FCLK_CLK0 | p_system_wrapper_1/p_system_i/ps7_0_axi_periph/s00_couplers/auto_pc/inst/gen_axilite.gen_b2s_conv.axilite_b2s/WR.aw_channel_0/aw_cmd_fsm_0/m_valid_i_reg[0]                       |                                                                                                                                                                          |                4 |             28 |
|  p_system_wrapper_1/p_system_i/processing_system7_0/inst/FCLK_CLK0 | p_system_wrapper_1/p_system_i/ps7_0_axi_periph/s00_couplers/auto_pc/inst/gen_axilite.gen_b2s_conv.axilite_b2s/RD.r_channel_0/rd_data_fifo_0/wr_en0                                |                                                                                                                                                                          |                8 |             32 |
|  p_system_wrapper_1/p_system_i/processing_system7_0/inst/FCLK_CLK0 | p_system_wrapper_1/p_system_i/jtag_cable_comm_0/U0/jtag_engine_i/bit_count[0]_i_1_n_0                                                                                             | p_system_wrapper_1/p_system_i/jtag_cable_comm_0/U0/axi_to_jtag_engine_1/SR[0]                                                                                            |                8 |             32 |
|  p_system_wrapper_1/p_system_i/processing_system7_0/inst/FCLK_CLK0 | p_system_wrapper_1/p_system_i/jtag_cable_comm_0/U0/axi_to_jtag_engine_1/slv_reg_rden                                                                                              | p_system_wrapper_1/p_system_i/jtag_cable_comm_0/U0/axi_to_jtag_engine_1/SR[0]                                                                                            |               12 |             32 |
|  p_system_wrapper_1/p_system_i/processing_system7_0/inst/FCLK_CLK0 | p_system_wrapper_1/p_system_i/ps7_0_axi_periph/s00_couplers/auto_pc/inst/gen_axilite.gen_b2s_conv.axilite_b2s/SI_REG/r.r_pipe/s_ready_i_reg_0                                     |                                                                                                                                                                          |                8 |             45 |
|  p_system_wrapper_1/p_system_i/processing_system7_0/inst/FCLK_CLK0 | p_system_wrapper_1/p_system_i/ps7_0_axi_periph/s00_couplers/auto_pc/inst/gen_axilite.gen_b2s_conv.axilite_b2s/SI_REG/r.r_pipe/p_1_in                                              |                                                                                                                                                                          |                8 |             45 |
|  p_system_wrapper_1/p_system_i/processing_system7_0/inst/FCLK_CLK0 | p_system_wrapper_1/p_system_i/jtag_cable_comm_0/U0/jtag_engine_i/tdi_output_1                                                                                                     | p_system_wrapper_1/p_system_i/jtag_cable_comm_0/U0/axi_to_jtag_engine_1/SR[0]                                                                                            |               23 |             64 |
|  p_system_wrapper_1/p_system_i/processing_system7_0/inst/FCLK_CLK0 |                                                                                                                                                                                   |                                                                                                                                                                          |               51 |            143 |
+--------------------------------------------------------------------+-----------------------------------------------------------------------------------------------------------------------------------------------------------------------------------+--------------------------------------------------------------------------------------------------------------------------------------------------------------------------+------------------+----------------+


