#-----------------------------------------------------------
# Vivado v2018.2 (64-bit)
# SW Build 2258646 on Thu Jun 14 20:02:38 MDT 2018
# IP Build 2256618 on Thu Jun 14 22:10:49 MDT 2018
# Start of session at: Sun Feb 17 16:00:33 2019
# Process ID: 10250
# Current directory: /home/petr/Projects/zedboard/wrk/axitest_v10/src/ip
# Command line: vivado
# Log file: /home/petr/Projects/zedboard/wrk/axitest_v10/src/ip/vivado.log
# Journal file: /home/petr/Projects/zedboard/wrk/axitest_v10/src/ip/vivado.jou
#-----------------------------------------------------------
start_gui
open_project /home/petr/Projects/zedboard/wrk/axitest_v10/src/ip/managed_ip_project/managed_ip_project.xpr
INFO: [Project 1-313] Project file moved from '/home/petr/Projects/zedboard/wrk/axitest/src/ip/managed_ip_project' since last save.
WARNING: [Project 1-312] File not found as '/home/petr/Projects/zedboard/wrk/axitest_v10/src/ip/axi_four_reg_0/axi_four_reg_0.xci'; using path '/home/petr/Projects/zedboard/wrk/axitest/src/ip/axi_four_reg_0/axi_four_reg_0.xci' instead.
Scanning sources...
Finished scanning sources
WARNING: [Project 1-312] File not found as '/home/petr/Projects/zedboard/wrk/axitest_v10/src/ip/axi_four_reg_0/axi_four_reg_0.xci'; using path '/home/petr/Projects/zedboard/wrk/axitest/src/ip/axi_four_reg_0/axi_four_reg_0.xci' instead.
WARNING: [Project 1-312] File not found as '/home/petr/Projects/zedboard/wrk/axitest_v10/src/ip/axi_four_reg_0/axi_four_reg_0.xci'; using path '/home/petr/Projects/zedboard/wrk/axitest/src/ip/axi_four_reg_0/axi_four_reg_0.xci' instead.
INFO: [IP_Flow 19-234] Refreshing IP repositories
INFO: [IP_Flow 19-1700] Loaded user IP repository '/home/petr/Projects/ip_cst_repo_xil'.
INFO: [IP_Flow 19-2313] Loaded Vivado IP repository '/media/petr/fld_0/xilinx/Vivado/2018.2/data/ip'.
WARNING: [IP_Flow 19-2162] IP 'axi_four_reg_0' is locked:
* IP definition 'axi_four_reg_v1.0 (1.0)' for IP 'axi_four_reg_0' (customized with software release 2018.2) has a different revision in the IP Catalog.
Please select 'Report IP Status' from the 'Tools/Report' menu or run Tcl command 'report_ip_status' for more information.
open_project: Time (s): cpu = 00:00:14 ; elapsed = 00:00:07 . Memory (MB): peak = 6152.270 ; gain = 152.629 ; free physical = 3348 ; free virtual = 6916
exit
INFO: [Common 17-206] Exiting Vivado at Sun Feb 17 16:01:38 2019...
