09:52:19 INFO  : Registering command handlers for SDK TCF services
09:52:20 INFO  : Launching XSCT server: xsct -n -interactive /home/petr/Projects/fpga_edu/zedboard/wrk/ps_freertos_tcp/sw/temp_xsdb_launch_script.tcl
09:52:23 INFO  : XSCT server has started successfully.
09:52:23 INFO  : Successfully done setting XSCT server connection channel  
09:52:24 INFO  : Successfully done setting SDK workspace  
09:56:09 INFO  : Registering command handlers for SDK TCF services
09:56:10 INFO  : Launching XSCT server: xsct -n -interactive /home/petr/Projects/fpga_edu/zedboard/wrk/ps_freertos_tcp/sw/temp_xsdb_launch_script.tcl
09:56:13 INFO  : XSCT server has started successfully.
09:56:13 INFO  : Successfully done setting XSCT server connection channel  
09:56:13 INFO  : Successfully done setting SDK workspace  
09:58:31 INFO  : Project 'zedboard_hw_platform' created. You can now create BSPs and application projects targeting this hardware platform.
14:45:11 INFO  : Registering command handlers for SDK TCF services
14:45:13 INFO  : Launching XSCT server: xsct -n -interactive /home/petr/Projects/fpga_edu/zedboard/wrk/ps_freertos_tcp/sw/temp_xsdb_launch_script.tcl
14:45:18 INFO  : XSCT server has started successfully.
14:45:18 INFO  : Successfully done setting XSCT server connection channel  
14:45:21 INFO  : Successfully done setting SDK workspace  
18:38:38 INFO  : Registering command handlers for SDK TCF services
18:38:40 INFO  : Launching XSCT server: xsct -n -interactive /home/petr/Projects/fpga_edu/zedboard/wrk/ps_freertos_tcp/sw/temp_xsdb_launch_script.tcl
18:38:46 INFO  : XSCT server has started successfully.
18:38:46 INFO  : Successfully done setting XSCT server connection channel  
18:38:56 INFO  : Successfully done setting SDK workspace  
08:26:25 INFO  : Registering command handlers for SDK TCF services
08:26:26 INFO  : Launching XSCT server: xsct -n -interactive /home/petr/Projects/fpga_edu/zedboard/wrk/ps_freertos_tcp/sw/temp_xsdb_launch_script.tcl
08:26:32 INFO  : XSCT server has started successfully.
08:26:41 INFO  : Successfully done setting XSCT server connection channel  
08:26:41 INFO  : Successfully done setting SDK workspace  
09:16:02 INFO  : Registering command handlers for SDK TCF services
09:16:04 INFO  : Launching XSCT server: xsct -n -interactive /home/petr/Projects/fpga_edu/zedboard/wrk/ps_freertos_10_2/sw/temp_xsdb_launch_script.tcl
09:16:06 INFO  : XSCT server has started successfully.
09:16:06 INFO  : Successfully done setting XSCT server connection channel  
09:16:06 INFO  : Successfully done setting SDK workspace  
09:20:35 INFO  : Project 'zedboard_hw_platform' created. You can now create BSPs and application projects targeting this hardware platform.
