#-----------------------------------------------------------
# Vivado v2018.3 (64-bit)
# SW Build 2405991 on Thu Dec  6 23:36:41 MST 2018
# IP Build 2404404 on Fri Dec  7 01:43:56 MST 2018
# Start of session at: Sat Mar 23 22:45:49 2019
# Process ID: 26779
# Current directory: /home/petr/Projects/fpga/xapp1251/hw/project
# Command line: vivado -mode batch -source xvc_build_project_20144.tcl
# Log file: /home/petr/Projects/fpga/xapp1251/hw/project/vivado.log
# Journal file: /home/petr/Projects/fpga/xapp1251/hw/project/vivado.jou
#-----------------------------------------------------------
source xvc_build_project_20144.tcl
# create_project xvc_mz ./xvc_mz -part xc7z010clg400-1 -force
# set proj_dir [get_property directory [current_project]]
# set_property board_part em.avnet.com:microzed_7010:part0:1.1 [current_project]
# add_files -fileset constrs_1 -norecurse ../source/constraints/top.xdc
# set_property ip_repo_paths  ../source/ip_repo [current_fileset]
# update_ip_catalog
INFO: [IP_Flow 19-234] Refreshing IP repositories
INFO: [IP_Flow 19-1700] Loaded user IP repository '/home/petr/Projects/fpga/xapp1251/hw/source/ip_repo'.
INFO: [IP_Flow 19-2313] Loaded Vivado IP repository '/opt/Xilinx/Vivado/2018.3/data/ip'.
# source ../source/ipi_tcl/bd_system.tcl
## set scripts_vivado_version 2014.4
## set current_vivado_version [version -short]
## if { [string first $scripts_vivado_version $current_vivado_version] == -1 } {
##    puts ""
##    puts "ERROR: This script was generated using Vivado <$scripts_vivado_version> and is being run in <$current_vivado_version> of Vivado. Please run the script in Vivado <$scripts_vivado_version> then open the design in Vivado <$current_vivado_version>. Upgrade the design by running \"Tools => Report => Report IP Status...\", then run write_bd_tcl to create an updated script."
## 
##    return 1
## }

ERROR: This script was generated using Vivado <2014.4> and is being run in <2018.3> of Vivado. Please run the script in Vivado <2014.4> then open the design in Vivado <2018.3>. Upgrade the design by running "Tools => Report => Report IP Status...", then run write_bd_tcl to create an updated script.
# regenerate_bd_layout
ERROR: [BD 5-104] A block design must be open to run this command. Please create/open a block design.
ERROR: [Common 17-39] 'regenerate_bd_layout' failed due to earlier errors.

    while executing
"regenerate_bd_layout"
    (file "xvc_build_project_20144.tcl" line 20)
INFO: [Common 17-206] Exiting Vivado at Sat Mar 23 22:45:57 2019...
