#-----------------------------------------------------------
# Vivado v2018.3 (64-bit)
# SW Build 2405991 on Thu Dec  6 23:36:41 MST 2018
# IP Build 2404404 on Fri Dec  7 01:43:56 MST 2018
# Start of session at: Sat Mar  9 15:55:45 2019
# Process ID: 15239
# Current directory: /home/petr/Projects/fpga/sourcesynchr_00
# Command line: vivado
# Log file: /home/petr/Projects/fpga/sourcesynchr_00/vivado.log
# Journal file: /home/petr/Projects/fpga/sourcesynchr_00/vivado.jou
#-----------------------------------------------------------
start_gui
open_project /home/petr/Projects/fpga/sourcesynchr_00/sourcesynchr_00.xpr
Scanning sources...
Finished scanning sources
INFO: [IP_Flow 19-234] Refreshing IP repositories
INFO: [IP_Flow 19-1704] No user IP repositories specified
INFO: [IP_Flow 19-2313] Loaded Vivado IP repository '/opt/Xilinx/Vivado/2018.3/data/ip'.
open_project: Time (s): cpu = 00:00:09 ; elapsed = 00:00:05 . Memory (MB): peak = 6406.496 ; gain = 84.844 ; free physical = 1208 ; free virtual = 7069
exit
INFO: [Common 17-206] Exiting Vivado at Sat Mar  9 18:32:54 2019...
