#-----------------------------------------------------------
# Vivado v2018.3 (64-bit)
# SW Build 2405991 on Thu Dec  6 23:36:41 MST 2018
# IP Build 2404404 on Fri Dec  7 01:43:56 MST 2018
# Start of session at: Sun Apr  7 15:24:03 2019
# Process ID: 4910
# Current directory: /home/petr/Projects/fpga_edu/zedboard/wrk/ps_freertos_systems/rtl/vivado
# Command line: vivado
# Log file: /home/petr/Projects/fpga_edu/zedboard/wrk/ps_freertos_systems/rtl/vivado/vivado.log
# Journal file: /home/petr/Projects/fpga_edu/zedboard/wrk/ps_freertos_systems/rtl/vivado/vivado.jou
#-----------------------------------------------------------
start_gui
create_project first_freertos . -part xc7z020clg484-1
INFO: [IP_Flow 19-234] Refreshing IP repositories
INFO: [IP_Flow 19-1704] No user IP repositories specified
INFO: [IP_Flow 19-2313] Loaded Vivado IP repository '/opt/xilinx/Vivado/2018.3/data/ip'.
create_project: Time (s): cpu = 00:00:09 ; elapsed = 00:00:07 . Memory (MB): peak = 6651.777 ; gain = 42.492 ; free physical = 3638 ; free virtual = 13593
set_property board_part em.avnet.com:zed:part0:1.4 [current_project]
set_property target_language VHDL [current_project]
add_files -norecurse {/home/petr/Projects/fpga_edu/zedboard/wrk/ps_freertos_systems/rtl/src/hdl/lib/system_pck.vhd /home/petr/Projects/fpga_edu/zedboard/wrk/ps_freertos_systems/rtl/src/hdl/top_module.vhd}
add_files -fileset constrs_1 -norecurse {/home/petr/Projects/fpga_edu/zedboard/wrk/ps_freertos_systems/rtl/src/constr/timing.xdc /home/petr/Projects/fpga_edu/zedboard/wrk/ps_freertos_systems/rtl/src/constr/top_pins.xdc}
update_compile_order -fileset sources_1
create_bd_design -dir {/home/petr/Projects/fpga_edu/zedboard/wrk/ps_freertos_systems/rtl/src/ip} "p_system"
Wrote  : </home/petr/Projects/fpga_edu/zedboard/wrk/ps_freertos_systems/rtl/src/ip/p_system/p_system.bd> 
create_bd_design: Time (s): cpu = 00:00:05 ; elapsed = 00:00:05 . Memory (MB): peak = 6749.285 ; gain = 61.496 ; free physical = 3778 ; free virtual = 13610
update_compile_order -fileset sources_1
startgroup
create_bd_cell -type ip -vlnv xilinx.com:ip:processing_system7:5.5 processing_system7_0
endgroup
startgroup
create_bd_cell -type ip -vlnv xilinx.com:ip:axi_gpio:2.0 axi_gpio_0
endgroup
set_property location {2.5 881 -270} [get_bd_cells axi_gpio_0]
startgroup
create_bd_cell -type ip -vlnv xilinx.com:ip:axi_gpio:2.0 axi_gpio_1
endgroup
set_property location {2 902 -109} [get_bd_cells axi_gpio_1]
set_property -dict [list CONFIG.C_GPIO_WIDTH {8} CONFIG.C_GPIO2_WIDTH {8} CONFIG.C_IS_DUAL {1} CONFIG.C_ALL_INPUTS {1} CONFIG.C_ALL_OUTPUTS {0} CONFIG.C_ALL_OUTPUTS_2 {1}] [get_bd_cells axi_gpio_0]
set_property -dict [list CONFIG.C_GPIO_WIDTH {5} CONFIG.C_ALL_INPUTS {1}] [get_bd_cells axi_gpio_1]
create_bd_port -dir I btns
create_bd_port -dir I -from 7 -to 0 sw
delete_bd_objs [get_bd_ports btns]
create_bd_port -dir I -from 4 -to 0 btn
create_bd_port -dir O -from 7 -to 0 led
set_property location {1192 -303} [get_bd_ports led]
set_property location {1098 -256} [get_bd_ports led]
connect_bd_net [get_bd_ports led] [get_bd_pins axi_gpio_0/gpio2_io_o]
WARNING: [BD 41-1306] The connection to interface pin /axi_gpio_0/gpio2_io_o is being overridden by the user. This pin will not be connected as a part of interface connection GPIO2
set_property location {115 -381} [get_bd_ports sw]
connect_bd_net [get_bd_ports sw] [get_bd_pins axi_gpio_0/gpio_io_i]
WARNING: [BD 41-1306] The connection to interface pin /axi_gpio_0/gpio_io_i is being overridden by the user. This pin will not be connected as a part of interface connection GPIO
connect_bd_net [get_bd_ports btn] [get_bd_pins axi_gpio_1/gpio_io_i]
WARNING: [BD 41-1306] The connection to interface pin /axi_gpio_1/gpio_io_i is being overridden by the user. This pin will not be connected as a part of interface connection GPIO
set_property location {1100 -235} [get_bd_ports led]
apply_bd_automation -rule xilinx.com:bd_rule:processing_system7 -config {make_external "FIXED_IO, DDR" apply_board_preset "1" Master "Disable" Slave "Disable" }  [get_bd_cells processing_system7_0]
startgroup
apply_bd_automation -rule xilinx.com:bd_rule:axi4 -config { Clk_master {Auto} Clk_slave {Auto} Clk_xbar {Auto} Master {/processing_system7_0/M_AXI_GP0} Slave {/axi_gpio_0/S_AXI} intc_ip {New AXI Interconnect} master_apm {0}}  [get_bd_intf_pins axi_gpio_0/S_AXI]
INFO: [Ipptcl 7-1463] No Compatible Board Interface found. Board Tab not created in customize GUI
</axi_gpio_0/S_AXI/Reg> is being mapped into </processing_system7_0/Data> at <0x41200000 [ 64K ]>
apply_bd_automation -rule xilinx.com:bd_rule:axi4 -config { Clk_master {Auto} Clk_slave {Auto} Clk_xbar {Auto} Master {/processing_system7_0/M_AXI_GP0} Slave {/axi_gpio_1/S_AXI} intc_ip {New AXI Interconnect} master_apm {0}}  [get_bd_intf_pins axi_gpio_1/S_AXI]
</axi_gpio_1/S_AXI/Reg> is being mapped into </processing_system7_0/Data> at <0x41210000 [ 64K ]>
endgroup
regenerate_bd_layout
regenerate_bd_layout -routing
regenerate_bd_layout
validate_bd_design
save_bd_design
Wrote  : </home/petr/Projects/fpga_edu/zedboard/wrk/ps_freertos_systems/rtl/src/ip/p_system/p_system.bd> 
Wrote  : </home/petr/Projects/fpga_edu/zedboard/wrk/ps_freertos_systems/rtl/src/ip/p_system/ui/bd_b5d6ce7e.ui> 
generate_target all [get_files  /home/petr/Projects/fpga_edu/zedboard/wrk/ps_freertos_systems/rtl/src/ip/p_system/p_system.bd]
INFO: [BD 41-1662] The design 'p_system.bd' is already validated. Therefore parameter propagation will not be re-run.
VHDL Output written to : /home/petr/Projects/fpga_edu/zedboard/wrk/ps_freertos_systems/rtl/src/ip/p_system/synth/p_system.vhd
VHDL Output written to : /home/petr/Projects/fpga_edu/zedboard/wrk/ps_freertos_systems/rtl/src/ip/p_system/sim/p_system.vhd
VHDL Output written to : /home/petr/Projects/fpga_edu/zedboard/wrk/ps_freertos_systems/rtl/src/ip/p_system/hdl/p_system_wrapper.vhd
INFO: [BD 41-1029] Generation completed for the IP Integrator block processing_system7_0 .
INFO: [BD 41-1029] Generation completed for the IP Integrator block axi_gpio_0 .
INFO: [BD 41-1029] Generation completed for the IP Integrator block axi_gpio_1 .
INFO: [BD 41-1029] Generation completed for the IP Integrator block ps7_0_axi_periph/xbar .
WARNING: [IP_Flow 19-4994] Overwriting existing constraint file '/home/petr/Projects/fpga_edu/zedboard/wrk/ps_freertos_systems/rtl/src/ip/p_system/ip/p_system_auto_pc_0/p_system_auto_pc_0_ooc.xdc'
INFO: [BD 41-1029] Generation completed for the IP Integrator block ps7_0_axi_periph/s00_couplers/auto_pc .
INFO: [BD 41-1029] Generation completed for the IP Integrator block rst_ps7_0_100M .
Exporting to file /home/petr/Projects/fpga_edu/zedboard/wrk/ps_freertos_systems/rtl/src/ip/p_system/hw_handoff/p_system.hwh
Generated Block Design Tcl file /home/petr/Projects/fpga_edu/zedboard/wrk/ps_freertos_systems/rtl/src/ip/p_system/hw_handoff/p_system_bd.tcl
Generated Hardware Definition File /home/petr/Projects/fpga_edu/zedboard/wrk/ps_freertos_systems/rtl/src/ip/p_system/synth/p_system.hwdef
generate_target: Time (s): cpu = 00:00:13 ; elapsed = 00:00:14 . Memory (MB): peak = 7121.406 ; gain = 108.031 ; free physical = 3460 ; free virtual = 13394
catch { config_ip_cache -export [get_ips -all p_system_processing_system7_0_0] }
catch { config_ip_cache -export [get_ips -all p_system_axi_gpio_0_0] }
catch { config_ip_cache -export [get_ips -all p_system_axi_gpio_1_0] }
catch { config_ip_cache -export [get_ips -all p_system_xbar_0] }
catch { config_ip_cache -export [get_ips -all p_system_auto_pc_0] }
catch { config_ip_cache -export [get_ips -all p_system_rst_ps7_0_100M_0] }
export_ip_user_files -of_objects [get_files /home/petr/Projects/fpga_edu/zedboard/wrk/ps_freertos_systems/rtl/src/ip/p_system/p_system.bd] -no_script -sync -force -quiet
create_ip_run [get_files -of_objects [get_fileset sources_1] /home/petr/Projects/fpga_edu/zedboard/wrk/ps_freertos_systems/rtl/src/ip/p_system/p_system.bd]
launch_runs -jobs 2 {p_system_processing_system7_0_0_synth_1 p_system_axi_gpio_0_0_synth_1 p_system_axi_gpio_1_0_synth_1 p_system_xbar_0_synth_1 p_system_auto_pc_0_synth_1 p_system_rst_ps7_0_100M_0_synth_1}
[Sun Apr  7 16:06:54 2019] Launched p_system_processing_system7_0_0_synth_1, p_system_axi_gpio_0_0_synth_1, p_system_axi_gpio_1_0_synth_1, p_system_xbar_0_synth_1, p_system_auto_pc_0_synth_1, p_system_rst_ps7_0_100M_0_synth_1...
Run output will be captured here:
p_system_processing_system7_0_0_synth_1: /home/petr/Projects/fpga_edu/zedboard/wrk/ps_freertos_systems/rtl/vivado/first_freertos.runs/p_system_processing_system7_0_0_synth_1/runme.log
p_system_axi_gpio_0_0_synth_1: /home/petr/Projects/fpga_edu/zedboard/wrk/ps_freertos_systems/rtl/vivado/first_freertos.runs/p_system_axi_gpio_0_0_synth_1/runme.log
p_system_axi_gpio_1_0_synth_1: /home/petr/Projects/fpga_edu/zedboard/wrk/ps_freertos_systems/rtl/vivado/first_freertos.runs/p_system_axi_gpio_1_0_synth_1/runme.log
p_system_xbar_0_synth_1: /home/petr/Projects/fpga_edu/zedboard/wrk/ps_freertos_systems/rtl/vivado/first_freertos.runs/p_system_xbar_0_synth_1/runme.log
p_system_auto_pc_0_synth_1: /home/petr/Projects/fpga_edu/zedboard/wrk/ps_freertos_systems/rtl/vivado/first_freertos.runs/p_system_auto_pc_0_synth_1/runme.log
p_system_rst_ps7_0_100M_0_synth_1: /home/petr/Projects/fpga_edu/zedboard/wrk/ps_freertos_systems/rtl/vivado/first_freertos.runs/p_system_rst_ps7_0_100M_0_synth_1/runme.log
export_simulation -of_objects [get_files /home/petr/Projects/fpga_edu/zedboard/wrk/ps_freertos_systems/rtl/src/ip/p_system/p_system.bd] -directory /home/petr/Projects/fpga_edu/zedboard/wrk/ps_freertos_systems/rtl/vivado/first_freertos.ip_user_files/sim_scripts -ip_user_files_dir /home/petr/Projects/fpga_edu/zedboard/wrk/ps_freertos_systems/rtl/vivado/first_freertos.ip_user_files -ipstatic_source_dir /home/petr/Projects/fpga_edu/zedboard/wrk/ps_freertos_systems/rtl/vivado/first_freertos.ip_user_files/ipstatic -lib_map_path [list {modelsim=/home/petr/Projects/fpga_edu/zedboard/wrk/ps_freertos_systems/rtl/vivado/first_freertos.cache/compile_simlib/modelsim} {questa=/home/petr/Projects/fpga_edu/zedboard/wrk/ps_freertos_systems/rtl/vivado/first_freertos.cache/compile_simlib/questa} {ies=/home/petr/Projects/fpga_edu/zedboard/wrk/ps_freertos_systems/rtl/vivado/first_freertos.cache/compile_simlib/ies} {xcelium=/home/petr/Projects/fpga_edu/zedboard/wrk/ps_freertos_systems/rtl/vivado/first_freertos.cache/compile_simlib/xcelium} {vcs=/home/petr/Projects/fpga_edu/zedboard/wrk/ps_freertos_systems/rtl/vivado/first_freertos.cache/compile_simlib/vcs} {riviera=/home/petr/Projects/fpga_edu/zedboard/wrk/ps_freertos_systems/rtl/vivado/first_freertos.cache/compile_simlib/riviera}] -use_ip_compiled_libs -force -quiet
close_bd_design [get_bd_designs p_system]
make_wrapper -files [get_files /home/petr/Projects/fpga_edu/zedboard/wrk/ps_freertos_systems/rtl/src/ip/p_system/p_system.bd] -top
add_files -norecurse /home/petr/Projects/fpga_edu/zedboard/wrk/ps_freertos_systems/rtl/src/ip/p_system/hdl/p_system_wrapper.vhd
update_compile_order -fileset sources_1
update_compile_order -fileset sources_1
launch_runs impl_1 -jobs 4
[Sun Apr  7 16:11:25 2019] Launched synth_1...
Run output will be captured here: /home/petr/Projects/fpga_edu/zedboard/wrk/ps_freertos_systems/rtl/vivado/first_freertos.runs/synth_1/runme.log
[Sun Apr  7 16:11:25 2019] Launched impl_1...
Run output will be captured here: /home/petr/Projects/fpga_edu/zedboard/wrk/ps_freertos_systems/rtl/vivado/first_freertos.runs/impl_1/runme.log
open_run impl_1
INFO: [Netlist 29-17] Analyzing 18 Unisim elements for replacement
INFO: [Netlist 29-28] Unisim Transformation completed in 0 CPU seconds
INFO: [Project 1-479] Netlist was created with Vivado 2018.3
INFO: [Device 21-403] Loading part xc7z020clg484-1
INFO: [Project 1-570] Preparing netlist for logic optimization
INFO: [Timing 38-478] Restoring timing data from binary archive.
INFO: [Timing 38-479] Binary timing data restore complete.
INFO: [Project 1-856] Restoring constraints from binary archive.
INFO: [Project 1-853] Binary constraint restore complete.
Reading XDEF placement.
Reading placer database...
Reading XDEF routing.
Read XDEF File: Time (s): cpu = 00:00:00.22 ; elapsed = 00:00:00.23 . Memory (MB): peak = 7938.777 ; gain = 1.000 ; free physical = 2604 ; free virtual = 12656
Restored from archive | CPU: 0.230000 secs | Memory: 1.808289 MB |
Finished XDEF File Restore: Time (s): cpu = 00:00:00.22 ; elapsed = 00:00:00.23 . Memory (MB): peak = 7938.777 ; gain = 1.000 ; free physical = 2604 ; free virtual = 12656
Netlist sorting complete. Time (s): cpu = 00:00:00 ; elapsed = 00:00:00.01 . Memory (MB): peak = 7938.777 ; gain = 0.000 ; free physical = 2604 ; free virtual = 12657
INFO: [Project 1-111] Unisim Transformation Summary:
No Unisim elements were transformed.

WARNING: [Designutils 20-3303] unexpected site type 'IOPAD' in HDPYFinalizeIO
WARNING: [Designutils 20-3303] unexpected site type 'IOPAD' in HDPYFinalizeIO
WARNING: [Designutils 20-3303] unexpected site type 'IOPAD' in HDPYFinalizeIO
WARNING: [Designutils 20-3303] unexpected site type 'IOPAD' in HDPYFinalizeIO
WARNING: [Designutils 20-3303] unexpected site type 'IOPAD' in HDPYFinalizeIO
WARNING: [Designutils 20-3303] unexpected site type 'IOPAD' in HDPYFinalizeIO
WARNING: [Designutils 20-3303] unexpected site type 'IOPAD' in HDPYFinalizeIO
WARNING: [Designutils 20-3303] unexpected site type 'IOPAD' in HDPYFinalizeIO
WARNING: [Designutils 20-3303] unexpected site type 'IOPAD' in HDPYFinalizeIO
WARNING: [Designutils 20-3303] unexpected site type 'IOPAD' in HDPYFinalizeIO
WARNING: [Designutils 20-3303] unexpected site type 'IOPAD' in HDPYFinalizeIO
WARNING: [Designutils 20-3303] unexpected site type 'IOPAD' in HDPYFinalizeIO
WARNING: [Designutils 20-3303] unexpected site type 'IOPAD' in HDPYFinalizeIO
WARNING: [Designutils 20-3303] unexpected site type 'IOPAD' in HDPYFinalizeIO
WARNING: [Designutils 20-3303] unexpected site type 'IOPAD' in HDPYFinalizeIO
WARNING: [Designutils 20-3303] unexpected site type 'IOPAD' in HDPYFinalizeIO
WARNING: [Designutils 20-3303] unexpected site type 'IOPAD' in HDPYFinalizeIO
WARNING: [Designutils 20-3303] unexpected site type 'IOPAD' in HDPYFinalizeIO
WARNING: [Designutils 20-3303] unexpected site type 'IOPAD' in HDPYFinalizeIO
WARNING: [Designutils 20-3303] unexpected site type 'IOPAD' in HDPYFinalizeIO
WARNING: [Designutils 20-3303] unexpected site type 'IOPAD' in HDPYFinalizeIO
WARNING: [Designutils 20-3303] unexpected site type 'IOPAD' in HDPYFinalizeIO
WARNING: [Designutils 20-3303] unexpected site type 'IOPAD' in HDPYFinalizeIO
WARNING: [Designutils 20-3303] unexpected site type 'IOPAD' in HDPYFinalizeIO
WARNING: [Designutils 20-3303] unexpected site type 'IOPAD' in HDPYFinalizeIO
WARNING: [Designutils 20-3303] unexpected site type 'IOPAD' in HDPYFinalizeIO
WARNING: [Designutils 20-3303] unexpected site type 'IOPAD' in HDPYFinalizeIO
WARNING: [Designutils 20-3303] unexpected site type 'IOPAD' in HDPYFinalizeIO
WARNING: [Designutils 20-3303] unexpected site type 'IOPAD' in HDPYFinalizeIO
WARNING: [Designutils 20-3303] unexpected site type 'IOPAD' in HDPYFinalizeIO
WARNING: [Designutils 20-3303] unexpected site type 'IOPAD' in HDPYFinalizeIO
WARNING: [Designutils 20-3303] unexpected site type 'IOPAD' in HDPYFinalizeIO
WARNING: [Designutils 20-3303] unexpected site type 'IOPAD' in HDPYFinalizeIO
WARNING: [Designutils 20-3303] unexpected site type 'IOPAD' in HDPYFinalizeIO
WARNING: [Designutils 20-3303] unexpected site type 'IOPAD' in HDPYFinalizeIO
WARNING: [Designutils 20-3303] unexpected site type 'IOPAD' in HDPYFinalizeIO
WARNING: [Designutils 20-3303] unexpected site type 'IOPAD' in HDPYFinalizeIO
WARNING: [Designutils 20-3303] unexpected site type 'IOPAD' in HDPYFinalizeIO
WARNING: [Designutils 20-3303] unexpected site type 'IOPAD' in HDPYFinalizeIO
WARNING: [Designutils 20-3303] unexpected site type 'IOPAD' in HDPYFinalizeIO
WARNING: [Designutils 20-3303] unexpected site type 'IOPAD' in HDPYFinalizeIO
WARNING: [Designutils 20-3303] unexpected site type 'IOPAD' in HDPYFinalizeIO
WARNING: [Designutils 20-3303] unexpected site type 'IOPAD' in HDPYFinalizeIO
WARNING: [Designutils 20-3303] unexpected site type 'IOPAD' in HDPYFinalizeIO
WARNING: [Designutils 20-3303] unexpected site type 'IOPAD' in HDPYFinalizeIO
WARNING: [Designutils 20-3303] unexpected site type 'IOPAD' in HDPYFinalizeIO
WARNING: [Designutils 20-3303] unexpected site type 'IOPAD' in HDPYFinalizeIO
WARNING: [Designutils 20-3303] unexpected site type 'IOPAD' in HDPYFinalizeIO
WARNING: [Designutils 20-3303] unexpected site type 'IOPAD' in HDPYFinalizeIO
WARNING: [Designutils 20-3303] unexpected site type 'IOPAD' in HDPYFinalizeIO
WARNING: [Designutils 20-3303] unexpected site type 'IOPAD' in HDPYFinalizeIO
WARNING: [Designutils 20-3303] unexpected site type 'IOPAD' in HDPYFinalizeIO
WARNING: [Designutils 20-3303] unexpected site type 'IOPAD' in HDPYFinalizeIO
WARNING: [Designutils 20-3303] unexpected site type 'IOPAD' in HDPYFinalizeIO
WARNING: [Designutils 20-3303] unexpected site type 'IOPAD' in HDPYFinalizeIO
WARNING: [Designutils 20-3303] unexpected site type 'IOPAD' in HDPYFinalizeIO
WARNING: [Designutils 20-3303] unexpected site type 'IOPAD' in HDPYFinalizeIO
WARNING: [Designutils 20-3303] unexpected site type 'IOPAD' in HDPYFinalizeIO
WARNING: [Designutils 20-3303] unexpected site type 'IOPAD' in HDPYFinalizeIO
WARNING: [Designutils 20-3303] unexpected site type 'IOPAD' in HDPYFinalizeIO
WARNING: [Designutils 20-3303] unexpected site type 'IOPAD' in HDPYFinalizeIO
WARNING: [Designutils 20-3303] unexpected site type 'IOPAD' in HDPYFinalizeIO
WARNING: [Designutils 20-3303] unexpected site type 'IOPAD' in HDPYFinalizeIO
WARNING: [Designutils 20-3303] unexpected site type 'IOPAD' in HDPYFinalizeIO
WARNING: [Designutils 20-3303] unexpected site type 'IOPAD' in HDPYFinalizeIO
WARNING: [Designutils 20-3303] unexpected site type 'IOPAD' in HDPYFinalizeIO
WARNING: [Designutils 20-3303] unexpected site type 'IOPAD' in HDPYFinalizeIO
WARNING: [Designutils 20-3303] unexpected site type 'IOPAD' in HDPYFinalizeIO
WARNING: [Designutils 20-3303] unexpected site type 'IOPAD' in HDPYFinalizeIO
WARNING: [Designutils 20-3303] unexpected site type 'IOPAD' in HDPYFinalizeIO
WARNING: [Designutils 20-3303] unexpected site type 'IOPAD' in HDPYFinalizeIO
WARNING: [Designutils 20-3303] unexpected site type 'IOPAD' in HDPYFinalizeIO
WARNING: [Designutils 20-3303] unexpected site type 'IOPAD' in HDPYFinalizeIO
WARNING: [Designutils 20-3303] unexpected site type 'IOPAD' in HDPYFinalizeIO
WARNING: [Designutils 20-3303] unexpected site type 'IOPAD' in HDPYFinalizeIO
WARNING: [Designutils 20-3303] unexpected site type 'IOPAD' in HDPYFinalizeIO
WARNING: [Designutils 20-3303] unexpected site type 'IOPAD' in HDPYFinalizeIO
WARNING: [Designutils 20-3303] unexpected site type 'IOPAD' in HDPYFinalizeIO
WARNING: [Designutils 20-3303] unexpected site type 'IOPAD' in HDPYFinalizeIO
WARNING: [Designutils 20-3303] unexpected site type 'IOPAD' in HDPYFinalizeIO
WARNING: [Designutils 20-3303] unexpected site type 'IOPAD' in HDPYFinalizeIO
WARNING: [Designutils 20-3303] unexpected site type 'IOPAD' in HDPYFinalizeIO
WARNING: [Designutils 20-3303] unexpected site type 'IOPAD' in HDPYFinalizeIO
WARNING: [Designutils 20-3303] unexpected site type 'IOPAD' in HDPYFinalizeIO
WARNING: [Designutils 20-3303] unexpected site type 'IOPAD' in HDPYFinalizeIO
WARNING: [Designutils 20-3303] unexpected site type 'IOPAD' in HDPYFinalizeIO
WARNING: [Designutils 20-3303] unexpected site type 'IOPAD' in HDPYFinalizeIO
WARNING: [Designutils 20-3303] unexpected site type 'IOPAD' in HDPYFinalizeIO
WARNING: [Designutils 20-3303] unexpected site type 'IOPAD' in HDPYFinalizeIO
WARNING: [Designutils 20-3303] unexpected site type 'IOPAD' in HDPYFinalizeIO
WARNING: [Designutils 20-3303] unexpected site type 'IOPAD' in HDPYFinalizeIO
WARNING: [Designutils 20-3303] unexpected site type 'IOPAD' in HDPYFinalizeIO
WARNING: [Designutils 20-3303] unexpected site type 'IOPAD' in HDPYFinalizeIO
WARNING: [Designutils 20-3303] unexpected site type 'IOPAD' in HDPYFinalizeIO
WARNING: [Designutils 20-3303] unexpected site type 'IOPAD' in HDPYFinalizeIO
WARNING: [Designutils 20-3303] unexpected site type 'IOPAD' in HDPYFinalizeIO
WARNING: [Designutils 20-3303] unexpected site type 'IOPAD' in HDPYFinalizeIO
WARNING: [Designutils 20-3303] unexpected site type 'IOPAD' in HDPYFinalizeIO
WARNING: [Designutils 20-3303] unexpected site type 'IOPAD' in HDPYFinalizeIO
INFO: [Common 17-14] Message 'Designutils 20-3303' appears 100 times and further instances of the messages will be disabled. Use the Tcl command set_msg_config to change the current settings.
WARNING: [Designutils 20-3303] unexpected site type 'IOPAD' in HDPYFinalizeIO
INFO: [Common 17-14] Message 'Designutils 20-3303' appears 100 times and further instances of the messages will be disabled. Use the Tcl command set_msg_config to change the current settings.
open_run: Time (s): cpu = 00:00:18 ; elapsed = 00:00:16 . Memory (MB): peak = 8122.555 ; gain = 695.809 ; free physical = 2529 ; free virtual = 12581
launch_runs impl_1 -to_step write_bitstream -jobs 4
[Sun Apr  7 16:14:03 2019] Launched impl_1...
Run output will be captured here: /home/petr/Projects/fpga_edu/zedboard/wrk/ps_freertos_systems/rtl/vivado/first_freertos.runs/impl_1/runme.log
reset_run synth_1
launch_runs impl_1 -to_step write_bitstream -jobs 4
[Sun Apr  7 16:19:41 2019] Launched synth_1...
Run output will be captured here: /home/petr/Projects/fpga_edu/zedboard/wrk/ps_freertos_systems/rtl/vivado/first_freertos.runs/synth_1/runme.log
[Sun Apr  7 16:19:41 2019] Launched impl_1...
Run output will be captured here: /home/petr/Projects/fpga_edu/zedboard/wrk/ps_freertos_systems/rtl/vivado/first_freertos.runs/impl_1/runme.log
close_design
reset_run synth_1
launch_runs impl_1 -jobs 4
[Sun Apr  7 16:29:03 2019] Launched synth_1...
Run output will be captured here: /home/petr/Projects/fpga_edu/zedboard/wrk/ps_freertos_systems/rtl/vivado/first_freertos.runs/synth_1/runme.log
[Sun Apr  7 16:29:03 2019] Launched impl_1...
Run output will be captured here: /home/petr/Projects/fpga_edu/zedboard/wrk/ps_freertos_systems/rtl/vivado/first_freertos.runs/impl_1/runme.log
launch_runs impl_1 -to_step write_bitstream -jobs 4
[Sun Apr  7 16:31:03 2019] Launched impl_1...
Run output will be captured here: /home/petr/Projects/fpga_edu/zedboard/wrk/ps_freertos_systems/rtl/vivado/first_freertos.runs/impl_1/runme.log
open_run impl_1
INFO: [Netlist 29-17] Analyzing 18 Unisim elements for replacement
INFO: [Netlist 29-28] Unisim Transformation completed in 0 CPU seconds
INFO: [Project 1-479] Netlist was created with Vivado 2018.3
INFO: [Project 1-570] Preparing netlist for logic optimization
INFO: [Timing 38-478] Restoring timing data from binary archive.
INFO: [Timing 38-479] Binary timing data restore complete.
INFO: [Project 1-856] Restoring constraints from binary archive.
INFO: [Project 1-853] Binary constraint restore complete.
Reading XDEF placement.
Reading placer database...
Reading XDEF routing.
Read XDEF File: Time (s): cpu = 00:00:00.23 ; elapsed = 00:00:00.22 . Memory (MB): peak = 8282.879 ; gain = 0.000 ; free physical = 1125 ; free virtual = 12328
Restored from archive | CPU: 0.230000 secs | Memory: 1.805359 MB |
Finished XDEF File Restore: Time (s): cpu = 00:00:00.23 ; elapsed = 00:00:00.22 . Memory (MB): peak = 8282.879 ; gain = 0.000 ; free physical = 1125 ; free virtual = 12328
Netlist sorting complete. Time (s): cpu = 00:00:00 ; elapsed = 00:00:00 . Memory (MB): peak = 8282.879 ; gain = 0.000 ; free physical = 1126 ; free virtual = 12329
INFO: [Project 1-111] Unisim Transformation Summary:
No Unisim elements were transformed.

WARNING: [Designutils 20-3303] unexpected site type 'IOPAD' in HDPYFinalizeIO
WARNING: [Designutils 20-3303] unexpected site type 'IOPAD' in HDPYFinalizeIO
WARNING: [Designutils 20-3303] unexpected site type 'IOPAD' in HDPYFinalizeIO
WARNING: [Designutils 20-3303] unexpected site type 'IOPAD' in HDPYFinalizeIO
WARNING: [Designutils 20-3303] unexpected site type 'IOPAD' in HDPYFinalizeIO
WARNING: [Designutils 20-3303] unexpected site type 'IOPAD' in HDPYFinalizeIO
WARNING: [Designutils 20-3303] unexpected site type 'IOPAD' in HDPYFinalizeIO
WARNING: [Designutils 20-3303] unexpected site type 'IOPAD' in HDPYFinalizeIO
WARNING: [Designutils 20-3303] unexpected site type 'IOPAD' in HDPYFinalizeIO
WARNING: [Designutils 20-3303] unexpected site type 'IOPAD' in HDPYFinalizeIO
WARNING: [Designutils 20-3303] unexpected site type 'IOPAD' in HDPYFinalizeIO
WARNING: [Designutils 20-3303] unexpected site type 'IOPAD' in HDPYFinalizeIO
WARNING: [Designutils 20-3303] unexpected site type 'IOPAD' in HDPYFinalizeIO
WARNING: [Designutils 20-3303] unexpected site type 'IOPAD' in HDPYFinalizeIO
WARNING: [Designutils 20-3303] unexpected site type 'IOPAD' in HDPYFinalizeIO
WARNING: [Designutils 20-3303] unexpected site type 'IOPAD' in HDPYFinalizeIO
WARNING: [Designutils 20-3303] unexpected site type 'IOPAD' in HDPYFinalizeIO
WARNING: [Designutils 20-3303] unexpected site type 'IOPAD' in HDPYFinalizeIO
WARNING: [Designutils 20-3303] unexpected site type 'IOPAD' in HDPYFinalizeIO
WARNING: [Designutils 20-3303] unexpected site type 'IOPAD' in HDPYFinalizeIO
WARNING: [Designutils 20-3303] unexpected site type 'IOPAD' in HDPYFinalizeIO
WARNING: [Designutils 20-3303] unexpected site type 'IOPAD' in HDPYFinalizeIO
WARNING: [Designutils 20-3303] unexpected site type 'IOPAD' in HDPYFinalizeIO
WARNING: [Designutils 20-3303] unexpected site type 'IOPAD' in HDPYFinalizeIO
WARNING: [Designutils 20-3303] unexpected site type 'IOPAD' in HDPYFinalizeIO
WARNING: [Designutils 20-3303] unexpected site type 'IOPAD' in HDPYFinalizeIO
WARNING: [Designutils 20-3303] unexpected site type 'IOPAD' in HDPYFinalizeIO
WARNING: [Designutils 20-3303] unexpected site type 'IOPAD' in HDPYFinalizeIO
WARNING: [Designutils 20-3303] unexpected site type 'IOPAD' in HDPYFinalizeIO
WARNING: [Designutils 20-3303] unexpected site type 'IOPAD' in HDPYFinalizeIO
WARNING: [Designutils 20-3303] unexpected site type 'IOPAD' in HDPYFinalizeIO
WARNING: [Designutils 20-3303] unexpected site type 'IOPAD' in HDPYFinalizeIO
WARNING: [Designutils 20-3303] unexpected site type 'IOPAD' in HDPYFinalizeIO
WARNING: [Designutils 20-3303] unexpected site type 'IOPAD' in HDPYFinalizeIO
WARNING: [Designutils 20-3303] unexpected site type 'IOPAD' in HDPYFinalizeIO
WARNING: [Designutils 20-3303] unexpected site type 'IOPAD' in HDPYFinalizeIO
WARNING: [Designutils 20-3303] unexpected site type 'IOPAD' in HDPYFinalizeIO
WARNING: [Designutils 20-3303] unexpected site type 'IOPAD' in HDPYFinalizeIO
WARNING: [Designutils 20-3303] unexpected site type 'IOPAD' in HDPYFinalizeIO
WARNING: [Designutils 20-3303] unexpected site type 'IOPAD' in HDPYFinalizeIO
WARNING: [Designutils 20-3303] unexpected site type 'IOPAD' in HDPYFinalizeIO
WARNING: [Designutils 20-3303] unexpected site type 'IOPAD' in HDPYFinalizeIO
WARNING: [Designutils 20-3303] unexpected site type 'IOPAD' in HDPYFinalizeIO
WARNING: [Designutils 20-3303] unexpected site type 'IOPAD' in HDPYFinalizeIO
WARNING: [Designutils 20-3303] unexpected site type 'IOPAD' in HDPYFinalizeIO
WARNING: [Designutils 20-3303] unexpected site type 'IOPAD' in HDPYFinalizeIO
WARNING: [Designutils 20-3303] unexpected site type 'IOPAD' in HDPYFinalizeIO
WARNING: [Designutils 20-3303] unexpected site type 'IOPAD' in HDPYFinalizeIO
WARNING: [Designutils 20-3303] unexpected site type 'IOPAD' in HDPYFinalizeIO
WARNING: [Designutils 20-3303] unexpected site type 'IOPAD' in HDPYFinalizeIO
WARNING: [Designutils 20-3303] unexpected site type 'IOPAD' in HDPYFinalizeIO
WARNING: [Designutils 20-3303] unexpected site type 'IOPAD' in HDPYFinalizeIO
WARNING: [Designutils 20-3303] unexpected site type 'IOPAD' in HDPYFinalizeIO
WARNING: [Designutils 20-3303] unexpected site type 'IOPAD' in HDPYFinalizeIO
WARNING: [Designutils 20-3303] unexpected site type 'IOPAD' in HDPYFinalizeIO
WARNING: [Designutils 20-3303] unexpected site type 'IOPAD' in HDPYFinalizeIO
WARNING: [Designutils 20-3303] unexpected site type 'IOPAD' in HDPYFinalizeIO
WARNING: [Designutils 20-3303] unexpected site type 'IOPAD' in HDPYFinalizeIO
WARNING: [Designutils 20-3303] unexpected site type 'IOPAD' in HDPYFinalizeIO
WARNING: [Designutils 20-3303] unexpected site type 'IOPAD' in HDPYFinalizeIO
WARNING: [Designutils 20-3303] unexpected site type 'IOPAD' in HDPYFinalizeIO
WARNING: [Designutils 20-3303] unexpected site type 'IOPAD' in HDPYFinalizeIO
WARNING: [Designutils 20-3303] unexpected site type 'IOPAD' in HDPYFinalizeIO
WARNING: [Designutils 20-3303] unexpected site type 'IOPAD' in HDPYFinalizeIO
WARNING: [Designutils 20-3303] unexpected site type 'IOPAD' in HDPYFinalizeIO
WARNING: [Designutils 20-3303] unexpected site type 'IOPAD' in HDPYFinalizeIO
WARNING: [Designutils 20-3303] unexpected site type 'IOPAD' in HDPYFinalizeIO
WARNING: [Designutils 20-3303] unexpected site type 'IOPAD' in HDPYFinalizeIO
WARNING: [Designutils 20-3303] unexpected site type 'IOPAD' in HDPYFinalizeIO
WARNING: [Designutils 20-3303] unexpected site type 'IOPAD' in HDPYFinalizeIO
WARNING: [Designutils 20-3303] unexpected site type 'IOPAD' in HDPYFinalizeIO
WARNING: [Designutils 20-3303] unexpected site type 'IOPAD' in HDPYFinalizeIO
WARNING: [Designutils 20-3303] unexpected site type 'IOPAD' in HDPYFinalizeIO
WARNING: [Designutils 20-3303] unexpected site type 'IOPAD' in HDPYFinalizeIO
WARNING: [Designutils 20-3303] unexpected site type 'IOPAD' in HDPYFinalizeIO
WARNING: [Designutils 20-3303] unexpected site type 'IOPAD' in HDPYFinalizeIO
WARNING: [Designutils 20-3303] unexpected site type 'IOPAD' in HDPYFinalizeIO
WARNING: [Designutils 20-3303] unexpected site type 'IOPAD' in HDPYFinalizeIO
WARNING: [Designutils 20-3303] unexpected site type 'IOPAD' in HDPYFinalizeIO
WARNING: [Designutils 20-3303] unexpected site type 'IOPAD' in HDPYFinalizeIO
WARNING: [Designutils 20-3303] unexpected site type 'IOPAD' in HDPYFinalizeIO
WARNING: [Designutils 20-3303] unexpected site type 'IOPAD' in HDPYFinalizeIO
WARNING: [Designutils 20-3303] unexpected site type 'IOPAD' in HDPYFinalizeIO
WARNING: [Designutils 20-3303] unexpected site type 'IOPAD' in HDPYFinalizeIO
WARNING: [Designutils 20-3303] unexpected site type 'IOPAD' in HDPYFinalizeIO
WARNING: [Designutils 20-3303] unexpected site type 'IOPAD' in HDPYFinalizeIO
WARNING: [Designutils 20-3303] unexpected site type 'IOPAD' in HDPYFinalizeIO
WARNING: [Designutils 20-3303] unexpected site type 'IOPAD' in HDPYFinalizeIO
WARNING: [Designutils 20-3303] unexpected site type 'IOPAD' in HDPYFinalizeIO
WARNING: [Designutils 20-3303] unexpected site type 'IOPAD' in HDPYFinalizeIO
WARNING: [Designutils 20-3303] unexpected site type 'IOPAD' in HDPYFinalizeIO
WARNING: [Designutils 20-3303] unexpected site type 'IOPAD' in HDPYFinalizeIO
WARNING: [Designutils 20-3303] unexpected site type 'IOPAD' in HDPYFinalizeIO
WARNING: [Designutils 20-3303] unexpected site type 'IOPAD' in HDPYFinalizeIO
WARNING: [Designutils 20-3303] unexpected site type 'IOPAD' in HDPYFinalizeIO
WARNING: [Designutils 20-3303] unexpected site type 'IOPAD' in HDPYFinalizeIO
WARNING: [Designutils 20-3303] unexpected site type 'IOPAD' in HDPYFinalizeIO
WARNING: [Designutils 20-3303] unexpected site type 'IOPAD' in HDPYFinalizeIO
WARNING: [Designutils 20-3303] unexpected site type 'IOPAD' in HDPYFinalizeIO
WARNING: [Designutils 20-3303] unexpected site type 'IOPAD' in HDPYFinalizeIO
INFO: [Common 17-14] Message 'Designutils 20-3303' appears 100 times and further instances of the messages will be disabled. Use the Tcl command set_msg_config to change the current settings.
write_xdc -force /home/petr/Projects/fpga_edu/zedboard/wrk/ps_freertos_systems/rtl/vivado/constrs_1.xdc
Netlist sorting complete. Time (s): cpu = 00:00:00 ; elapsed = 00:00:00 . Memory (MB): peak = 8282.879 ; gain = 0.000 ; free physical = 1143 ; free virtual = 12346
file mkdir /home/petr/Projects/fpga_edu/zedboard/wrk/ps_freertos_systems/rtl/vivado/first_freertos.sdk
file copy -force /home/petr/Projects/fpga_edu/zedboard/wrk/ps_freertos_systems/rtl/vivado/first_freertos.runs/impl_1/top_module.sysdef /home/petr/Projects/fpga_edu/zedboard/wrk/ps_freertos_systems/sw/hw_design/top_module.hdf

close_design
launch_sdk -workspace /home/petr/Projects/fpga_edu/zedboard/wrk/ps_freertos_systems/sw -hwspec /home/petr/Projects/fpga_edu/zedboard/wrk/ps_freertos_systems/sw/top_module.hdf
INFO: [Vivado 12-393] Launching SDK...
INFO: [Vivado 12-417] Running xsdk -workspace /home/petr/Projects/fpga_edu/zedboard/wrk/ps_freertos_systems/sw -hwspec /home/petr/Projects/fpga_edu/zedboard/wrk/ps_freertos_systems/sw/top_module.hdf
INFO: [Vivado 12-3157] SDK launch initiated. Please check console for any further messages.
exit
INFO: [Common 17-206] Exiting Vivado at Sun Apr  7 19:25:34 2019...
