#-----------------------------------------------------------
# Vivado v2018.3 (64-bit)
# SW Build 2405991 on Thu Dec  6 23:36:41 MST 2018
# IP Build 2404404 on Fri Dec  7 01:43:56 MST 2018
# Start of session at: Sat Mar 23 09:21:47 2019
# Process ID: 1893
# Current directory: /home/petr/Projects/fpga/zedboard/wrk/ps_freertos_systems/rtl/vivado
# Command line: vivado
# Log file: /home/petr/Projects/fpga/zedboard/wrk/ps_freertos_systems/rtl/vivado/vivado.log
# Journal file: /home/petr/Projects/fpga/zedboard/wrk/ps_freertos_systems/rtl/vivado/vivado.jou
#-----------------------------------------------------------
start_gui
open_project /home/petr/Projects/fpga/zedboard/wrk/ps_freertos_systems/rtl/vivado/vivado.xpr
Scanning sources...
Finished scanning sources
INFO: [IP_Flow 19-234] Refreshing IP repositories
INFO: [IP_Flow 19-1704] No user IP repositories specified
INFO: [IP_Flow 19-2313] Loaded Vivado IP repository '/opt/Xilinx/Vivado/2018.3/data/ip'.
open_project: Time (s): cpu = 00:00:15 ; elapsed = 00:00:16 . Memory (MB): peak = 6475.043 ; gain = 159.387 ; free physical = 4974 ; free virtual = 8323
update_compile_order -fileset sources_1
exit
INFO: [Common 17-206] Exiting Vivado at Sat Mar 23 13:17:09 2019...
