#-----------------------------------------------------------
# Vivado v2018.3 (64-bit)
# SW Build 2405991 on Thu Dec  6 23:36:41 MST 2018
# IP Build 2404404 on Fri Dec  7 01:43:56 MST 2018
# Start of session at: Sat Mar 16 19:03:28 2019
# Process ID: 28036
# Current directory: /home/petr/Projects/fpga/zedboard/wrk/ps_systems
# Command line: vivado
# Log file: /home/petr/Projects/fpga/zedboard/wrk/ps_systems/vivado.log
# Journal file: /home/petr/Projects/fpga/zedboard/wrk/ps_systems/vivado.jou
#-----------------------------------------------------------
start_gui
create_project zedbrd_frst /home/petr/Projects/fpga/zedboard/wrk/ps_systems/zedbrd_frst -part xc7z020clg484-1
INFO: [IP_Flow 19-234] Refreshing IP repositories
INFO: [IP_Flow 19-1704] No user IP repositories specified
INFO: [IP_Flow 19-2313] Loaded Vivado IP repository '/opt/Xilinx/Vivado/2018.3/data/ip'.
create_project: Time (s): cpu = 00:00:11 ; elapsed = 00:00:09 . Memory (MB): peak = 6431.469 ; gain = 57.422 ; free physical = 2472 ; free virtual = 6401
set_property board_part digilentinc.com:zedboard:part0:1.0 [current_project]
set_property target_language VHDL [current_project]
set_property simulator_language VHDL [current_project]
create_bd_design -dir {/home/petr/Projects/fpga/zedboard/wrk/ps_systems/src/ip} "system"
Wrote  : </home/petr/Projects/fpga/zedboard/wrk/ps_systems/src/ip/system/system.bd> 
create_bd_design: Time (s): cpu = 00:00:06 ; elapsed = 00:00:06 . Memory (MB): peak = 6630.773 ; gain = 61.547 ; free physical = 2037 ; free virtual = 6057
update_compile_order -fileset sources_1
startgroup
create_bd_cell -type ip -vlnv xilinx.com:ip:processing_system7:5.5 processing_system7_0
endgroup
apply_bd_automation -rule xilinx.com:bd_rule:processing_system7 -config {make_external "FIXED_IO, DDR" apply_board_preset "1" Master "Disable" Slave "Disable" }  [get_bd_cells processing_system7_0]
startgroup
create_bd_cell -type ip -vlnv xilinx.com:ip:axi_gpio:2.0 axi_gpio_0
endgroup
set_property location {2 573 15} [get_bd_cells axi_gpio_0]
set_property -dict [list CONFIG.C_IS_DUAL {1}] [get_bd_cells axi_gpio_0]
set_property location {1.5 795 -173} [get_bd_cells axi_gpio_0]
startgroup
create_bd_cell -type ip -vlnv xilinx.com:ip:axi_gpio:2.0 axi_gpio_1
endgroup
set_property location {3 841 -13} [get_bd_cells axi_gpio_1]
startgroup
apply_bd_automation -rule xilinx.com:bd_rule:axi4 -config { Clk_master {Auto} Clk_slave {Auto} Clk_xbar {Auto} Master {/processing_system7_0/M_AXI_GP0} Slave {/axi_gpio_0/S_AXI} intc_ip {New AXI Interconnect} master_apm {0}}  [get_bd_intf_pins axi_gpio_0/S_AXI]
INFO: [Ipptcl 7-1463] No Compatible Board Interface found. Board Tab not created in customize GUI
</axi_gpio_0/S_AXI/Reg> is being mapped into </processing_system7_0/Data> at <0x41200000 [ 64K ]>
apply_bd_automation -rule xilinx.com:bd_rule:board -config { Board_Interface {btns_5bits ( Push buttons ) } Manual_Source {Auto}}  [get_bd_intf_pins axi_gpio_0/GPIO]
INFO: [board_rule 100-100] set_property CONFIG.USE_BOARD_FLOW true [get_bd_cells /axi_gpio_0]
INFO: [board_rule 100-100] set_property CONFIG.GPIO_BOARD_INTERFACE btns_5bits [get_bd_cells /axi_gpio_0]
INFO: [board_rule 100-100] create_bd_intf_port -mode Master -vlnv xilinx.com:interface:gpio_rtl:1.0 btns_5bits
INFO: [board_rule 100-100] connect_bd_intf_net /btns_5bits /axi_gpio_0/GPIO
apply_bd_automation -rule xilinx.com:bd_rule:board -config { Board_Interface {sws_8bits ( DIP switches ) } Manual_Source {Auto}}  [get_bd_intf_pins axi_gpio_0/GPIO2]
INFO: [board_rule 100-100] set_property CONFIG.GPIO2_BOARD_INTERFACE sws_8bits [get_bd_cells /axi_gpio_0]
INFO: [board_rule 100-100] create_bd_intf_port -mode Master -vlnv xilinx.com:interface:gpio_rtl:1.0 sws_8bits
INFO: [board_rule 100-100] connect_bd_intf_net /sws_8bits /axi_gpio_0/GPIO2
apply_bd_automation -rule xilinx.com:bd_rule:axi4 -config { Clk_master {Auto} Clk_slave {Auto} Clk_xbar {Auto} Master {/processing_system7_0/M_AXI_GP0} Slave {/axi_gpio_1/S_AXI} intc_ip {New AXI Interconnect} master_apm {0}}  [get_bd_intf_pins axi_gpio_1/S_AXI]
</axi_gpio_1/S_AXI/Reg> is being mapped into </processing_system7_0/Data> at <0x41210000 [ 64K ]>
apply_bd_automation -rule xilinx.com:bd_rule:board -config { Board_Interface {leds_8bits ( LED ) } Manual_Source {Auto}}  [get_bd_intf_pins axi_gpio_1/GPIO]
INFO: [board_rule 100-100] set_property CONFIG.USE_BOARD_FLOW true [get_bd_cells /axi_gpio_1]
INFO: [board_rule 100-100] set_property CONFIG.GPIO_BOARD_INTERFACE leds_8bits [get_bd_cells /axi_gpio_1]
INFO: [board_rule 100-100] create_bd_intf_port -mode Master -vlnv xilinx.com:interface:gpio_rtl:1.0 leds_8bits
INFO: [board_rule 100-100] connect_bd_intf_net /leds_8bits /axi_gpio_1/GPIO
endgroup
regenerate_bd_layout
validate_bd_design
INFO: [Common 17-365] Interrupt caught but 'validate_bd_design' cannot be canceled. Please wait for command to finish.
INFO: [Common 17-365] Interrupt caught but 'validate_bd_design' cannot be canceled. Please wait for command to finish.
INFO: [Common 17-365] Interrupt caught but 'validate_bd_design' cannot be canceled. Please wait for command to finish.
INFO: [Common 17-365] Interrupt caught but 'validate_bd_design' cannot be canceled. Please wait for command to finish.
INFO: [Common 17-365] Interrupt caught but 'validate_bd_design' cannot be canceled. Please wait for command to finish.
create_bd_cell: Time (s): cpu = 00:00:02 ; elapsed = 00:04:02 . Memory (MB): peak = 6849.965 ; gain = 24.012 ; free physical = 1989 ; free virtual = 6031
validate_bd_design: Time (s): cpu = 00:00:03 ; elapsed = 00:04:03 . Memory (MB): peak = 6849.965 ; gain = 24.012 ; free physical = 1986 ; free virtual = 6027
INFO: [Common 17-681] Processing pending cancel.
save_bd_design
Wrote  : </home/petr/Projects/fpga/zedboard/wrk/ps_systems/src/ip/system/system.bd> 
Wrote  : </home/petr/Projects/fpga/zedboard/wrk/ps_systems/src/ip/system/ui/bd_c954508f.ui> 
make_wrapper -files [get_files /home/petr/Projects/fpga/zedboard/wrk/ps_systems/src/ip/system/system.bd] -top
INFO: [BD 41-1662] The design 'system.bd' is already validated. Therefore parameter propagation will not be re-run.
VHDL Output written to : /home/petr/Projects/fpga/zedboard/wrk/ps_systems/src/ip/system/synth/system.vhd
VHDL Output written to : /home/petr/Projects/fpga/zedboard/wrk/ps_systems/src/ip/system/sim/system.vhd
VHDL Output written to : /home/petr/Projects/fpga/zedboard/wrk/ps_systems/src/ip/system/hdl/system_wrapper.vhd
import_files -force -norecurse /home/petr/Projects/fpga/zedboard/wrk/ps_systems/src/ip/system/hdl/system_wrapper.vhd
WARNING: [IP_Flow 19-474] Invalid Parameter 'Component_Name'
generate_target all [get_files  /home/petr/Projects/fpga/zedboard/wrk/ps_systems/src/ip/system/system.bd]
INFO: [BD 41-1662] The design 'system.bd' is already validated. Therefore parameter propagation will not be re-run.
VHDL Output written to : /home/petr/Projects/fpga/zedboard/wrk/ps_systems/src/ip/system/synth/system.vhd
VHDL Output written to : /home/petr/Projects/fpga/zedboard/wrk/ps_systems/src/ip/system/sim/system.vhd
VHDL Output written to : /home/petr/Projects/fpga/zedboard/wrk/ps_systems/src/ip/system/hdl/system_wrapper.vhd
WARNING: [IP_Flow 19-5160] IP 'system_processing_system7_0_0' detected simulation language mismatch. Simulation type 'rtl' does not support 'VHDL' outputs (see project's "simulator_language" property), delivering 'Any Language' outputs instead.
WARNING: [IP_Flow 19-5160] IP 'system_processing_system7_0_0' detected simulation language mismatch. Simulation type 'tlm_dpi' does not support 'VHDL' outputs (see project's "simulator_language" property), delivering 'Any Language' outputs instead.
INFO: [BD 41-1029] Generation completed for the IP Integrator block processing_system7_0 .
INFO: [BD 41-1029] Generation completed for the IP Integrator block axi_gpio_0 .
INFO: [BD 41-1029] Generation completed for the IP Integrator block axi_gpio_1 .
INFO: [BD 41-1029] Generation completed for the IP Integrator block ps7_0_axi_periph/xbar .
WARNING: [IP_Flow 19-4994] Overwriting existing constraint file '/home/petr/Projects/fpga/zedboard/wrk/ps_systems/src/ip/system/ip/system_auto_pc_0/system_auto_pc_0_ooc.xdc'
INFO: [BD 41-1029] Generation completed for the IP Integrator block ps7_0_axi_periph/s00_couplers/auto_pc .
INFO: [BD 41-1029] Generation completed for the IP Integrator block rst_ps7_0_100M .
Exporting to file /home/petr/Projects/fpga/zedboard/wrk/ps_systems/src/ip/system/hw_handoff/system.hwh
Generated Block Design Tcl file /home/petr/Projects/fpga/zedboard/wrk/ps_systems/src/ip/system/hw_handoff/system_bd.tcl
Generated Hardware Definition File /home/petr/Projects/fpga/zedboard/wrk/ps_systems/src/ip/system/synth/system.hwdef
generate_target: Time (s): cpu = 00:00:14 ; elapsed = 00:00:14 . Memory (MB): peak = 7101.582 ; gain = 37.613 ; free physical = 1166 ; free virtual = 5654
catch { config_ip_cache -export [get_ips -all system_processing_system7_0_0] }
catch { config_ip_cache -export [get_ips -all system_axi_gpio_0_0] }
catch { config_ip_cache -export [get_ips -all system_axi_gpio_1_0] }
catch { config_ip_cache -export [get_ips -all system_xbar_0] }
catch { config_ip_cache -export [get_ips -all system_auto_pc_0] }
catch { config_ip_cache -export [get_ips -all system_rst_ps7_0_100M_0] }
export_ip_user_files -of_objects [get_files /home/petr/Projects/fpga/zedboard/wrk/ps_systems/src/ip/system/system.bd] -no_script -sync -force -quiet
create_ip_run [get_files -of_objects [get_fileset sources_1] /home/petr/Projects/fpga/zedboard/wrk/ps_systems/src/ip/system/system.bd]
launch_runs -jobs 2 {system_processing_system7_0_0_synth_1 system_axi_gpio_0_0_synth_1 system_axi_gpio_1_0_synth_1 system_xbar_0_synth_1 system_auto_pc_0_synth_1 system_rst_ps7_0_100M_0_synth_1}
[Sun Mar 17 04:31:07 2019] Launched system_processing_system7_0_0_synth_1, system_axi_gpio_0_0_synth_1, system_axi_gpio_1_0_synth_1, system_xbar_0_synth_1, system_auto_pc_0_synth_1, system_rst_ps7_0_100M_0_synth_1...
Run output will be captured here:
system_processing_system7_0_0_synth_1: /home/petr/Projects/fpga/zedboard/wrk/ps_systems/zedbrd_frst/zedbrd_frst.runs/system_processing_system7_0_0_synth_1/runme.log
system_axi_gpio_0_0_synth_1: /home/petr/Projects/fpga/zedboard/wrk/ps_systems/zedbrd_frst/zedbrd_frst.runs/system_axi_gpio_0_0_synth_1/runme.log
system_axi_gpio_1_0_synth_1: /home/petr/Projects/fpga/zedboard/wrk/ps_systems/zedbrd_frst/zedbrd_frst.runs/system_axi_gpio_1_0_synth_1/runme.log
system_xbar_0_synth_1: /home/petr/Projects/fpga/zedboard/wrk/ps_systems/zedbrd_frst/zedbrd_frst.runs/system_xbar_0_synth_1/runme.log
system_auto_pc_0_synth_1: /home/petr/Projects/fpga/zedboard/wrk/ps_systems/zedbrd_frst/zedbrd_frst.runs/system_auto_pc_0_synth_1/runme.log
system_rst_ps7_0_100M_0_synth_1: /home/petr/Projects/fpga/zedboard/wrk/ps_systems/zedbrd_frst/zedbrd_frst.runs/system_rst_ps7_0_100M_0_synth_1/runme.log
export_simulation -of_objects [get_files /home/petr/Projects/fpga/zedboard/wrk/ps_systems/src/ip/system/system.bd] -directory /home/petr/Projects/fpga/zedboard/wrk/ps_systems/zedbrd_frst/zedbrd_frst.ip_user_files/sim_scripts -ip_user_files_dir /home/petr/Projects/fpga/zedboard/wrk/ps_systems/zedbrd_frst/zedbrd_frst.ip_user_files -ipstatic_source_dir /home/petr/Projects/fpga/zedboard/wrk/ps_systems/zedbrd_frst/zedbrd_frst.ip_user_files/ipstatic -lib_map_path [list {modelsim=/home/petr/Projects/fpga/zedboard/wrk/ps_systems/zedbrd_frst/zedbrd_frst.cache/compile_simlib/modelsim} {questa=/home/petr/Projects/fpga/zedboard/wrk/ps_systems/zedbrd_frst/zedbrd_frst.cache/compile_simlib/questa} {ies=/home/petr/Projects/fpga/zedboard/wrk/ps_systems/zedbrd_frst/zedbrd_frst.cache/compile_simlib/ies} {xcelium=/home/petr/Projects/fpga/zedboard/wrk/ps_systems/zedbrd_frst/zedbrd_frst.cache/compile_simlib/xcelium} {vcs=/home/petr/Projects/fpga/zedboard/wrk/ps_systems/zedbrd_frst/zedbrd_frst.cache/compile_simlib/vcs} {riviera=/home/petr/Projects/fpga/zedboard/wrk/ps_systems/zedbrd_frst/zedbrd_frst.cache/compile_simlib/riviera}] -use_ip_compiled_libs -force -quiet
launch_runs impl_1 -to_step write_bitstream -jobs 2
[Sun Mar 17 04:35:04 2019] Launched synth_1...
Run output will be captured here: /home/petr/Projects/fpga/zedboard/wrk/ps_systems/zedbrd_frst/zedbrd_frst.runs/synth_1/runme.log
[Sun Mar 17 04:35:04 2019] Launched impl_1...
Run output will be captured here: /home/petr/Projects/fpga/zedboard/wrk/ps_systems/zedbrd_frst/zedbrd_frst.runs/impl_1/runme.log
open_run impl_1
INFO: [Netlist 29-17] Analyzing 26 Unisim elements for replacement
INFO: [Netlist 29-28] Unisim Transformation completed in 0 CPU seconds
INFO: [Project 1-479] Netlist was created with Vivado 2018.3
INFO: [Device 21-403] Loading part xc7z020clg484-1
INFO: [Project 1-570] Preparing netlist for logic optimization
INFO: [Timing 38-478] Restoring timing data from binary archive.
INFO: [Timing 38-479] Binary timing data restore complete.
INFO: [Project 1-856] Restoring constraints from binary archive.
INFO: [Project 1-853] Binary constraint restore complete.
Reading XDEF placement.
Reading placer database...
Reading XDEF routing.
Read XDEF File: Time (s): cpu = 00:00:00.31 ; elapsed = 00:00:00.23 . Memory (MB): peak = 7834.887 ; gain = 17.008 ; free physical = 1029 ; free virtual = 5032
Restored from archive | CPU: 0.330000 secs | Memory: 8.142891 MB |
Finished XDEF File Restore: Time (s): cpu = 00:00:00.31 ; elapsed = 00:00:00.23 . Memory (MB): peak = 7834.887 ; gain = 17.008 ; free physical = 1029 ; free virtual = 5032
Netlist sorting complete. Time (s): cpu = 00:00:00 ; elapsed = 00:00:00 . Memory (MB): peak = 7834.887 ; gain = 0.000 ; free physical = 1031 ; free virtual = 5035
INFO: [Project 1-111] Unisim Transformation Summary:
  A total of 8 instances were transformed.
  IOBUF => IOBUF (IBUF, OBUFT): 8 instances

WARNING: [Designutils 20-3303] unexpected site type 'IOPAD' in HDPYFinalizeIO
WARNING: [Designutils 20-3303] unexpected site type 'IOPAD' in HDPYFinalizeIO
WARNING: [Designutils 20-3303] unexpected site type 'IOPAD' in HDPYFinalizeIO
WARNING: [Designutils 20-3303] unexpected site type 'IOPAD' in HDPYFinalizeIO
WARNING: [Designutils 20-3303] unexpected site type 'IOPAD' in HDPYFinalizeIO
WARNING: [Designutils 20-3303] unexpected site type 'IOPAD' in HDPYFinalizeIO
WARNING: [Designutils 20-3303] unexpected site type 'IOPAD' in HDPYFinalizeIO
WARNING: [Designutils 20-3303] unexpected site type 'IOPAD' in HDPYFinalizeIO
WARNING: [Designutils 20-3303] unexpected site type 'IOPAD' in HDPYFinalizeIO
WARNING: [Designutils 20-3303] unexpected site type 'IOPAD' in HDPYFinalizeIO
WARNING: [Designutils 20-3303] unexpected site type 'IOPAD' in HDPYFinalizeIO
WARNING: [Designutils 20-3303] unexpected site type 'IOPAD' in HDPYFinalizeIO
WARNING: [Designutils 20-3303] unexpected site type 'IOPAD' in HDPYFinalizeIO
WARNING: [Designutils 20-3303] unexpected site type 'IOPAD' in HDPYFinalizeIO
WARNING: [Designutils 20-3303] unexpected site type 'IOPAD' in HDPYFinalizeIO
WARNING: [Designutils 20-3303] unexpected site type 'IOPAD' in HDPYFinalizeIO
WARNING: [Designutils 20-3303] unexpected site type 'IOPAD' in HDPYFinalizeIO
WARNING: [Designutils 20-3303] unexpected site type 'IOPAD' in HDPYFinalizeIO
WARNING: [Designutils 20-3303] unexpected site type 'IOPAD' in HDPYFinalizeIO
WARNING: [Designutils 20-3303] unexpected site type 'IOPAD' in HDPYFinalizeIO
WARNING: [Designutils 20-3303] unexpected site type 'IOPAD' in HDPYFinalizeIO
WARNING: [Designutils 20-3303] unexpected site type 'IOPAD' in HDPYFinalizeIO
WARNING: [Designutils 20-3303] unexpected site type 'IOPAD' in HDPYFinalizeIO
WARNING: [Designutils 20-3303] unexpected site type 'IOPAD' in HDPYFinalizeIO
WARNING: [Designutils 20-3303] unexpected site type 'IOPAD' in HDPYFinalizeIO
WARNING: [Designutils 20-3303] unexpected site type 'IOPAD' in HDPYFinalizeIO
WARNING: [Designutils 20-3303] unexpected site type 'IOPAD' in HDPYFinalizeIO
WARNING: [Designutils 20-3303] unexpected site type 'IOPAD' in HDPYFinalizeIO
WARNING: [Designutils 20-3303] unexpected site type 'IOPAD' in HDPYFinalizeIO
WARNING: [Designutils 20-3303] unexpected site type 'IOPAD' in HDPYFinalizeIO
WARNING: [Designutils 20-3303] unexpected site type 'IOPAD' in HDPYFinalizeIO
WARNING: [Designutils 20-3303] unexpected site type 'IOPAD' in HDPYFinalizeIO
WARNING: [Designutils 20-3303] unexpected site type 'IOPAD' in HDPYFinalizeIO
WARNING: [Designutils 20-3303] unexpected site type 'IOPAD' in HDPYFinalizeIO
WARNING: [Designutils 20-3303] unexpected site type 'IOPAD' in HDPYFinalizeIO
WARNING: [Designutils 20-3303] unexpected site type 'IOPAD' in HDPYFinalizeIO
WARNING: [Designutils 20-3303] unexpected site type 'IOPAD' in HDPYFinalizeIO
WARNING: [Designutils 20-3303] unexpected site type 'IOPAD' in HDPYFinalizeIO
WARNING: [Designutils 20-3303] unexpected site type 'IOPAD' in HDPYFinalizeIO
WARNING: [Designutils 20-3303] unexpected site type 'IOPAD' in HDPYFinalizeIO
WARNING: [Designutils 20-3303] unexpected site type 'IOPAD' in HDPYFinalizeIO
WARNING: [Designutils 20-3303] unexpected site type 'IOPAD' in HDPYFinalizeIO
WARNING: [Designutils 20-3303] unexpected site type 'IOPAD' in HDPYFinalizeIO
WARNING: [Designutils 20-3303] unexpected site type 'IOPAD' in HDPYFinalizeIO
WARNING: [Designutils 20-3303] unexpected site type 'IOPAD' in HDPYFinalizeIO
WARNING: [Designutils 20-3303] unexpected site type 'IOPAD' in HDPYFinalizeIO
WARNING: [Designutils 20-3303] unexpected site type 'IOPAD' in HDPYFinalizeIO
WARNING: [Designutils 20-3303] unexpected site type 'IOPAD' in HDPYFinalizeIO
WARNING: [Designutils 20-3303] unexpected site type 'IOPAD' in HDPYFinalizeIO
WARNING: [Designutils 20-3303] unexpected site type 'IOPAD' in HDPYFinalizeIO
WARNING: [Designutils 20-3303] unexpected site type 'IOPAD' in HDPYFinalizeIO
WARNING: [Designutils 20-3303] unexpected site type 'IOPAD' in HDPYFinalizeIO
WARNING: [Designutils 20-3303] unexpected site type 'IOPAD' in HDPYFinalizeIO
WARNING: [Designutils 20-3303] unexpected site type 'IOPAD' in HDPYFinalizeIO
WARNING: [Designutils 20-3303] unexpected site type 'IOPAD' in HDPYFinalizeIO
WARNING: [Designutils 20-3303] unexpected site type 'IOPAD' in HDPYFinalizeIO
WARNING: [Designutils 20-3303] unexpected site type 'IOPAD' in HDPYFinalizeIO
WARNING: [Designutils 20-3303] unexpected site type 'IOPAD' in HDPYFinalizeIO
WARNING: [Designutils 20-3303] unexpected site type 'IOPAD' in HDPYFinalizeIO
WARNING: [Designutils 20-3303] unexpected site type 'IOPAD' in HDPYFinalizeIO
WARNING: [Designutils 20-3303] unexpected site type 'IOPAD' in HDPYFinalizeIO
WARNING: [Designutils 20-3303] unexpected site type 'IOPAD' in HDPYFinalizeIO
WARNING: [Designutils 20-3303] unexpected site type 'IOPAD' in HDPYFinalizeIO
WARNING: [Designutils 20-3303] unexpected site type 'IOPAD' in HDPYFinalizeIO
WARNING: [Designutils 20-3303] unexpected site type 'IOPAD' in HDPYFinalizeIO
WARNING: [Designutils 20-3303] unexpected site type 'IOPAD' in HDPYFinalizeIO
WARNING: [Designutils 20-3303] unexpected site type 'IOPAD' in HDPYFinalizeIO
WARNING: [Designutils 20-3303] unexpected site type 'IOPAD' in HDPYFinalizeIO
WARNING: [Designutils 20-3303] unexpected site type 'IOPAD' in HDPYFinalizeIO
WARNING: [Designutils 20-3303] unexpected site type 'IOPAD' in HDPYFinalizeIO
WARNING: [Designutils 20-3303] unexpected site type 'IOPAD' in HDPYFinalizeIO
WARNING: [Designutils 20-3303] unexpected site type 'IOPAD' in HDPYFinalizeIO
WARNING: [Designutils 20-3303] unexpected site type 'IOPAD' in HDPYFinalizeIO
WARNING: [Designutils 20-3303] unexpected site type 'IOPAD' in HDPYFinalizeIO
WARNING: [Designutils 20-3303] unexpected site type 'IOPAD' in HDPYFinalizeIO
WARNING: [Designutils 20-3303] unexpected site type 'IOPAD' in HDPYFinalizeIO
WARNING: [Designutils 20-3303] unexpected site type 'IOPAD' in HDPYFinalizeIO
WARNING: [Designutils 20-3303] unexpected site type 'IOPAD' in HDPYFinalizeIO
WARNING: [Designutils 20-3303] unexpected site type 'IOPAD' in HDPYFinalizeIO
WARNING: [Designutils 20-3303] unexpected site type 'IOPAD' in HDPYFinalizeIO
WARNING: [Designutils 20-3303] unexpected site type 'IOPAD' in HDPYFinalizeIO
WARNING: [Designutils 20-3303] unexpected site type 'IOPAD' in HDPYFinalizeIO
WARNING: [Designutils 20-3303] unexpected site type 'IOPAD' in HDPYFinalizeIO
WARNING: [Designutils 20-3303] unexpected site type 'IOPAD' in HDPYFinalizeIO
WARNING: [Designutils 20-3303] unexpected site type 'IOPAD' in HDPYFinalizeIO
WARNING: [Designutils 20-3303] unexpected site type 'IOPAD' in HDPYFinalizeIO
WARNING: [Designutils 20-3303] unexpected site type 'IOPAD' in HDPYFinalizeIO
WARNING: [Designutils 20-3303] unexpected site type 'IOPAD' in HDPYFinalizeIO
WARNING: [Designutils 20-3303] unexpected site type 'IOPAD' in HDPYFinalizeIO
WARNING: [Designutils 20-3303] unexpected site type 'IOPAD' in HDPYFinalizeIO
WARNING: [Designutils 20-3303] unexpected site type 'IOPAD' in HDPYFinalizeIO
WARNING: [Designutils 20-3303] unexpected site type 'IOPAD' in HDPYFinalizeIO
WARNING: [Designutils 20-3303] unexpected site type 'IOPAD' in HDPYFinalizeIO
WARNING: [Designutils 20-3303] unexpected site type 'IOPAD' in HDPYFinalizeIO
WARNING: [Designutils 20-3303] unexpected site type 'IOPAD' in HDPYFinalizeIO
WARNING: [Designutils 20-3303] unexpected site type 'IOPAD' in HDPYFinalizeIO
WARNING: [Designutils 20-3303] unexpected site type 'IOPAD' in HDPYFinalizeIO
WARNING: [Designutils 20-3303] unexpected site type 'IOPAD' in HDPYFinalizeIO
WARNING: [Designutils 20-3303] unexpected site type 'IOPAD' in HDPYFinalizeIO
WARNING: [Designutils 20-3303] unexpected site type 'IOPAD' in HDPYFinalizeIO
INFO: [Common 17-14] Message 'Designutils 20-3303' appears 100 times and further instances of the messages will be disabled. Use the Tcl command set_msg_config to change the current settings.
open_run: Time (s): cpu = 00:00:20 ; elapsed = 00:00:17 . Memory (MB): peak = 8013.941 ; gain = 739.277 ; free physical = 939 ; free virtual = 4950
write_xdc -force /home/petr/Projects/fpga/zedboard/wrk/ps_systems/zedbrd_frst/constrs_1.xdc -no_fixed_only
Netlist sorting complete. Time (s): cpu = 00:00:00 ; elapsed = 00:00:00 . Memory (MB): peak = 8013.941 ; gain = 0.000 ; free physical = 1067 ; free virtual = 5063
file mkdir /home/petr/Projects/fpga/zedboard/wrk/ps_systems/zedbrd_frst/zedbrd_frst.sdk
write_hwdef -force  -file /home/petr/Projects/fpga/zedboard/wrk/ps_systems/sdk_src/system_wrapper.hdf
launch_sdk -workspace /home/petr/Projects/fpga/zedboard/wrk/ps_systems/sdk_project -hwspec /home/petr/Projects/fpga/zedboard/wrk/ps_systems/sdk_src/system_wrapper.hdf
INFO: [Vivado 12-393] Launching SDK...
INFO: [Vivado 12-417] Running xsdk -workspace /home/petr/Projects/fpga/zedboard/wrk/ps_systems/sdk_project -hwspec /home/petr/Projects/fpga/zedboard/wrk/ps_systems/sdk_src/system_wrapper.hdf
INFO: [Vivado 12-3157] SDK launch initiated. Please check console for any further messages.
exit
INFO: [Common 17-206] Exiting Vivado at Sun Mar 17 06:45:25 2019...
