10:41:40 **** Auto Build of project standalone_bsp_0 ****
make -k all 
Running Make include in ps7_cortexa9_0/libsrc/coresightps_dcc_v1_0/src
make -C ps7_cortexa9_0/libsrc/coresightps_dcc_v1_0/src -s include  "SHELL=/bin/sh" "COMPILER=arm-xilinx-eabi-gcc" "ARCHIVER=arm-xilinx-eabi-ar" "COMPILER_FLAGS=  -O2 -c" "EXTRA_COMPILER_FLAGS=-g"
Running Make include in ps7_cortexa9_0/libsrc/xilffs_v3_0/src
make -C ps7_cortexa9_0/libsrc/xilffs_v3_0/src -s include  "SHELL=/bin/sh" "COMPILER=arm-xilinx-eabi-gcc" "ARCHIVER=arm-xilinx-eabi-ar" "COMPILER_FLAGS=  -O2 -c" "EXTRA_COMPILER_FLAGS=-g"
Running Make include in ps7_cortexa9_0/libsrc/gpiops_v3_0/src
make -C ps7_cortexa9_0/libsrc/gpiops_v3_0/src -s include  "SHELL=/bin/sh" "COMPILER=arm-xilinx-eabi-gcc" "ARCHIVER=arm-xilinx-eabi-ar" "COMPILER_FLAGS=  -O2 -c" "EXTRA_COMPILER_FLAGS=-g"
Running Make include in ps7_cortexa9_0/libsrc/sdps_v2_4/src
make -C ps7_cortexa9_0/libsrc/sdps_v2_4/src -s include  "SHELL=/bin/sh" "COMPILER=arm-xilinx-eabi-gcc" "ARCHIVER=arm-xilinx-eabi-ar" "COMPILER_FLAGS=  -O2 -c" "EXTRA_COMPILER_FLAGS=-g"
Running Make include in ps7_cortexa9_0/libsrc/devcfg_v3_2/src
make -C ps7_cortexa9_0/libsrc/devcfg_v3_2/src -s include  "SHELL=/bin/sh" "COMPILER=arm-xilinx-eabi-gcc" "ARCHIVER=arm-xilinx-eabi-ar" "COMPILER_FLAGS=  -O2 -c" "EXTRA_COMPILER_FLAGS=-g"
Running Make include in ps7_cortexa9_0/libsrc/emacps_v3_0/src
make -C ps7_cortexa9_0/libsrc/emacps_v3_0/src -s include  "SHELL=/bin/sh" "COMPILER=arm-xilinx-eabi-gcc" "ARCHIVER=arm-xilinx-eabi-ar" "COMPILER_FLAGS=  -O2 -c" "EXTRA_COMPILER_FLAGS=-g"
Running Make include in ps7_cortexa9_0/libsrc/dmaps_v2_1/src
make -C ps7_cortexa9_0/libsrc/dmaps_v2_1/src -s include  "SHELL=/bin/sh" "COMPILER=arm-xilinx-eabi-gcc" "ARCHIVER=arm-xilinx-eabi-ar" "COMPILER_FLAGS=  -O2 -c" "EXTRA_COMPILER_FLAGS=-g"
Running Make include in ps7_cortexa9_0/libsrc/xilrsa_v1_1/src
make -C ps7_cortexa9_0/libsrc/xilrsa_v1_1/src -s include  "SHELL=/bin/sh" "COMPILER=arm-xilinx-eabi-gcc" "ARCHIVER=arm-xilinx-eabi-ar" "COMPILER_FLAGS=  -O2 -c" "EXTRA_COMPILER_FLAGS=-g"
Running Make include in ps7_cortexa9_0/libsrc/scugic_v3_0/src
make -C ps7_cortexa9_0/libsrc/scugic_v3_0/src -s include  "SHELL=/bin/sh" "COMPILER=arm-xilinx-eabi-gcc" "ARCHIVER=arm-xilinx-eabi-ar" "COMPILER_FLAGS=  -O2 -c" "EXTRA_COMPILER_FLAGS=-g"
Running Make include in ps7_cortexa9_0/libsrc/canps_v3_0/src
make -C ps7_cortexa9_0/libsrc/canps_v3_0/src -s include  "SHELL=/bin/sh" "COMPILER=arm-xilinx-eabi-gcc" "ARCHIVER=arm-xilinx-eabi-ar" "COMPILER_FLAGS=  -O2 -c" "EXTRA_COMPILER_FLAGS=-g"
Running Make include in ps7_cortexa9_0/libsrc/scuwdt_v2_1/src
make -C ps7_cortexa9_0/libsrc/scuwdt_v2_1/src -s include  "SHELL=/bin/sh" "COMPILER=arm-xilinx-eabi-gcc" "ARCHIVER=arm-xilinx-eabi-ar" "COMPILER_FLAGS=  -O2 -c" "EXTRA_COMPILER_FLAGS=-g"
Running Make include in ps7_cortexa9_0/libsrc/iicps_v3_0/src
make -C ps7_cortexa9_0/libsrc/iicps_v3_0/src -s include  "SHELL=/bin/sh" "COMPILER=arm-xilinx-eabi-gcc" "ARCHIVER=arm-xilinx-eabi-ar" "COMPILER_FLAGS=  -O2 -c" "EXTRA_COMPILER_FLAGS=-g"
Running Make include in ps7_cortexa9_0/libsrc/usbps_v2_2/src
make -C ps7_cortexa9_0/libsrc/usbps_v2_2/src -s include  "SHELL=/bin/sh" "COMPILER=arm-xilinx-eabi-gcc" "ARCHIVER=arm-xilinx-eabi-ar" "COMPILER_FLAGS=  -O2 -c" "EXTRA_COMPILER_FLAGS=-g"
Running Make include in ps7_cortexa9_0/libsrc/gpio_v4_0/src
make -C ps7_cortexa9_0/libsrc/gpio_v4_0/src -s include  "SHELL=/bin/sh" "COMPILER=arm-xilinx-eabi-gcc" "ARCHIVER=arm-xilinx-eabi-ar" "COMPILER_FLAGS=  -O2 -c" "EXTRA_COMPILER_FLAGS=-g"
Running Make include in ps7_cortexa9_0/libsrc/standalone_v5_0/src
make -C ps7_cortexa9_0/libsrc/standalone_v5_0/src -s include  "SHELL=/bin/sh" "COMPILER=arm-xilinx-eabi-gcc" "ARCHIVER=arm-xilinx-eabi-ar" "COMPILER_FLAGS=  -O2 -c" "EXTRA_COMPILER_FLAGS=-g"
Running Make include in ps7_cortexa9_0/libsrc/scutimer_v2_1/src
make -C ps7_cortexa9_0/libsrc/scutimer_v2_1/src -s include  "SHELL=/bin/sh" "COMPILER=arm-xilinx-eabi-gcc" "ARCHIVER=arm-xilinx-eabi-ar" "COMPILER_FLAGS=  -O2 -c" "EXTRA_COMPILER_FLAGS=-g"
Running Make include in ps7_cortexa9_0/libsrc/xadcps_v2_1/src
make -C ps7_cortexa9_0/libsrc/xadcps_v2_1/src -s include  "SHELL=/bin/sh" "COMPILER=arm-xilinx-eabi-gcc" "ARCHIVER=arm-xilinx-eabi-ar" "COMPILER_FLAGS=  -O2 -c" "EXTRA_COMPILER_FLAGS=-g"
Running Make include in ps7_cortexa9_0/libsrc/ttcps_v3_0/src
make -C ps7_cortexa9_0/libsrc/ttcps_v3_0/src -s include  "SHELL=/bin/sh" "COMPILER=arm-xilinx-eabi-gcc" "ARCHIVER=arm-xilinx-eabi-ar" "COMPILER_FLAGS=  -O2 -c" "EXTRA_COMPILER_FLAGS=-g"
Running Make include in ps7_cortexa9_0/libsrc/cpu_cortexa9_v2_1/src
make -C ps7_cortexa9_0/libsrc/cpu_cortexa9_v2_1/src -s include  "SHELL=/bin/sh" "COMPILER=arm-xilinx-eabi-gcc" "ARCHIVER=arm-xilinx-eabi-ar" "COMPILER_FLAGS=  -O2 -c" "EXTRA_COMPILER_FLAGS=-g"
Running Make include in ps7_cortexa9_0/libsrc/qspips_v3_2/src
make -C ps7_cortexa9_0/libsrc/qspips_v3_2/src -s include  "SHELL=/bin/sh" "COMPILER=arm-xilinx-eabi-gcc" "ARCHIVER=arm-xilinx-eabi-ar" "COMPILER_FLAGS=  -O2 -c" "EXTRA_COMPILER_FLAGS=-g"
Running Make include in ps7_cortexa9_0/libsrc/uartps_v3_0/src
make -C ps7_cortexa9_0/libsrc/uartps_v3_0/src -s include  "SHELL=/bin/sh" "COMPILER=arm-xilinx-eabi-gcc" "ARCHIVER=arm-xilinx-eabi-ar" "COMPILER_FLAGS=  -O2 -c" "EXTRA_COMPILER_FLAGS=-g"
Running Make libs in ps7_cortexa9_0/libsrc/coresightps_dcc_v1_0/src
make -C ps7_cortexa9_0/libsrc/coresightps_dcc_v1_0/src -s libs  "SHELL=/bin/sh" "COMPILER=arm-xilinx-eabi-gcc" "ARCHIVER=arm-xilinx-eabi-ar" "COMPILER_FLAGS=  -O2 -c" "EXTRA_COMPILER_FLAGS=-g"
Compiling coresightps_dcc
make[1]: arm-xilinx-eabi-gcc: Command not found
make[1]: *** [xcoresightpsdcc.o] Error 127
make[1]: Target `libs' not remade because of errors.
make: *** [ps7_cortexa9_0/libsrc/coresightps_dcc_v1_0/src/make.libs] Error 2
Running Make libs in ps7_cortexa9_0/libsrc/xilffs_v3_0/src
make -C ps7_cortexa9_0/libsrc/xilffs_v3_0/src -s libs  "SHELL=/bin/sh" "COMPILER=arm-xilinx-eabi-gcc" "ARCHIVER=arm-xilinx-eabi-ar" "COMPILER_FLAGS=  -O2 -c" "EXTRA_COMPILER_FLAGS=-g"
Compiling XilFFs Library
make[1]: arm-xilinx-eabi-gcc: Command not found
make[1]: *** [ff.o] Error 127
make[1]: arm-xilinx-eabi-gcc: Command not found
make[1]: *** [diskio.o] Error 127
make[1]: Target `libs' not remade because of errors.
make: *** [ps7_cortexa9_0/libsrc/xilffs_v3_0/src/make.libs] Error 2
Running Make libs in ps7_cortexa9_0/libsrc/gpiops_v3_0/src
make -C ps7_cortexa9_0/libsrc/gpiops_v3_0/src -s libs  "SHELL=/bin/sh" "COMPILER=arm-xilinx-eabi-gcc" "ARCHIVER=arm-xilinx-eabi-ar" "COMPILER_FLAGS=  -O2 -c" "EXTRA_COMPILER_FLAGS=-g"
Compiling gpiops
make[1]: arm-xilinx-eabi-gcc: Command not found
make[1]: *** [xgpiops_g.o] Error 127
make[1]: arm-xilinx-eabi-gcc: Command not found
make[1]: *** [xgpiops_intr.o] Error 127
make[1]: arm-xilinx-eabi-gcc: Command not found
make[1]: *** [xgpiops_hw.o] Error 127
make[1]: arm-xilinx-eabi-gcc: Command not found
Running Make libs in ps7_cortexa9_0/libsrc/sdps_v2_4/src
make[1]: *** [xgpiops_selftest.o] Error 127
make[1]: arm-xilinx-eabi-gcc: Command not found
make[1]: *** [xgpiops_sinit.o] Error 127
make -C ps7_cortexa9_0/libsrc/sdps_v2_4/src -s libs  "SHELL=/bin/sh" "COMPILER=arm-xilinx-eabi-gcc" "ARCHIVER=arm-xilinx-eabi-ar" "COMPILER_FLAGS=  -O2 -c" "EXTRA_COMPILER_FLAGS=-g"
make[1]: arm-xilinx-eabi-gcc: Command not found
make[1]: *** [xgpiops.o] Error 127
make[1]: Target `libs' not remade because of errors.
make: *** [ps7_cortexa9_0/libsrc/gpiops_v3_0/src/make.libs] Error 2
Compiling sdps
make[1]: arm-xilinx-eabi-gcc: Command not found
make[1]: *** [xsdps_sinit.o] Error 127
make[1]: arm-xilinx-eabi-gcc: Command not found
make[1]: *** [xsdps.o] Error 127
make[1]: arm-xilinx-eabi-gcc: Command not found
make[1]: *** [xsdps_g.o] Error 127
make[1]: arm-xilinx-eabi-gcc: Command not found
Running Make libs in ps7_cortexa9_0/libsrc/devcfg_v3_2/src
make[1]: *** [xsdps_options.o] Error 127
make -C ps7_cortexa9_0/libsrc/devcfg_v3_2/src -s libs  "SHELL=/bin/sh" "COMPILER=arm-xilinx-eabi-gcc" "ARCHIVER=arm-xilinx-eabi-ar" "COMPILER_FLAGS=  -O2 -c" "EXTRA_COMPILER_FLAGS=-g"
make[1]: Target `libs' not remade because of errors.
make: *** [ps7_cortexa9_0/libsrc/sdps_v2_4/src/make.libs] Error 2
Compiling devcfg
make[1]: arm-xilinx-eabi-gcc: Command not found
make[1]: *** [xdevcfg_g.o] Error 127
make[1]: arm-xilinx-eabi-gcc: Command not found
make[1]: *** [xdevcfg_intr.o] Error 127
make[1]: arm-xilinx-eabi-gcc: Command not found
make[1]: *** [xdevcfg_hw.o] Error 127
make[1]: arm-xilinx-eabi-gcc: Command not found
make[1]: *** [xdevcfg_selftest.o] Error 127
make[1]: arm-xilinx-eabi-gcc: Command not found
make[1]: *** [xdevcfg_sinit.o] Error 127
make[1]: arm-xilinx-eabi-gcc: Command not found
make[1]: *** [xdevcfg.o] Error 127
make[1]: Target `libs' not remade because of errors.
Running Make libs in ps7_cortexa9_0/libsrc/emacps_v3_0/src
make -C ps7_cortexa9_0/libsrc/emacps_v3_0/src -s libs  "SHELL=/bin/sh" "COMPILER=arm-xilinx-eabi-gcc" "ARCHIVER=arm-xilinx-eabi-ar" "COMPILER_FLAGS=  -O2 -c" "EXTRA_COMPILER_FLAGS=-g"
make: *** [ps7_cortexa9_0/libsrc/devcfg_v3_2/src/make.libs] Error 2
make[1]: arm-xilinx-eabi-gcc: Command not found
make[1]: *** [xemacps_hw.o] Error 127
Compiling emacps
make[1]: arm-xilinx-eabi-gcc: Command not found
make[1]: *** [xemacps_bdring.o] Error 127
make[1]: arm-xilinx-eabi-gcc: Command not found
make[1]: *** [xemacps_control.o] Error 127
make[1]: arm-xilinx-eabi-gcc: Command not found
make[1]: *** [xemacps_intr.o] Error 127
make[1]: arm-xilinx-eabi-gcc: Command not found
make[1]: *** [xemacps_sinit.o] Error 127
make[1]: arm-xilinx-eabi-gcc: Command not found
make[1]: *** [xemacps.o] Error 127
make[1]: arm-xilinx-eabi-gcc: Command not found
make[1]: *** [xemacps_g.o] Error 127
make[1]: Target `libs' not remade because of errors.
make: *** [ps7_cortexa9_0/libsrc/emacps_v3_0/src/make.libs] Error 2
Running Make libs in ps7_cortexa9_0/libsrc/dmaps_v2_1/src
make -C ps7_cortexa9_0/libsrc/dmaps_v2_1/src -s libs  "SHELL=/bin/sh" "COMPILER=arm-xilinx-eabi-gcc" "ARCHIVER=arm-xilinx-eabi-ar" "COMPILER_FLAGS=  -O2 -c" "EXTRA_COMPILER_FLAGS=-g"
Compiling dmaps
make[1]: arm-xilinx-eabi-gcc: Command not found
make[1]: *** [xdmaps_hw.o] Error 127
Running Make libs in ps7_cortexa9_0/libsrc/xilrsa_v1_1/src
make -C ps7_cortexa9_0/libsrc/xilrsa_v1_1/src -s libs  "SHELL=/bin/sh" "COMPILER=arm-xilinx-eabi-gcc" "ARCHIVER=arm-xilinx-eabi-ar" "COMPILER_FLAGS=  -O2 -c" "EXTRA_COMPILER_FLAGS=-g"
Running Make libs in ps7_cortexa9_0/libsrc/scugic_v3_0/src
make -C ps7_cortexa9_0/libsrc/scugic_v3_0/src -s libs  "SHELL=/bin/sh" "COMPILER=arm-xilinx-eabi-gcc" "ARCHIVER=arm-xilinx-eabi-ar" "COMPILER_FLAGS=  -O2 -c" "EXTRA_COMPILER_FLAGS=-g"
Compiling scugic
Running Make libs in ps7_cortexa9_0/libsrc/canps_v3_0/src
make -C ps7_cortexa9_0/libsrc/canps_v3_0/src -s libs  "SHELL=/bin/sh" "COMPILER=arm-xilinx-eabi-gcc" "ARCHIVER=arm-xilinx-eabi-ar" "COMPILER_FLAGS=  -O2 -c" "EXTRA_COMPILER_FLAGS=-g"
Compiling canps
make[1]: arm-xilinx-eabi-gcc: Command not found
make[1]: *** [xdmaps_g.o] Error 127
make[1]: arm-xilinx-eabi-gcc: Command not found
make[1]: *** [xdmaps_selftest.o] Error 127
make[1]: arm-xilinx-eabi-gcc: Command not found
make[1]: *** [xdmaps_sinit.o] Error 127
make[1]: arm-xilinx-eabi-gcc: Command not found
make[1]: *** [xdmaps.o] Error 127
make[1]: Target `libs' not remade because of errors.
make: *** [ps7_cortexa9_0/libsrc/dmaps_v2_1/src/make.libs] Error 2
make[1]: arm-xilinx-eabi-gcc: Command not found
make[1]: *** [xscugic_selftest.o] Error 127
make[1]: arm-xilinx-eabi-gcc: Command not found
make[1]: *** [xscugic_sinit.o] Error 127
make[1]: arm-xilinx-eabi-gcc: Command not found
make[1]: *** [xscugic.o] Error 127
make[1]: arm-xilinx-eabi-gcc: Command not found
make[1]: *** [xscugic_g.o] Error 127
make[1]: arm-xilinx-eabi-gcc: Command not found
make[1]: *** [xscugic_hw.o] Error 127
make[1]: arm-xilinx-eabi-gcc: Command not found
make[1]: *** [xscugic_intr.o] Error 127
make[1]: Target `libs' not remade because of errors.
make: *** [ps7_cortexa9_0/libsrc/scugic_v3_0/src/make.libs] Error 2
make[1]: arm-xilinx-eabi-gcc: Command not found
make[1]: *** [xcanps_intr.o] Error 127
make[1]: arm-xilinx-eabi-gcc: Command not found
make[1]: *** [xcanps_hw.o] Error 127
make[1]: arm-xilinx-eabi-gcc: Command not found
make[1]: *** [xcanps_selftest.o] Error 127
make[1]: arm-xilinx-eabi-gcc: Command not found
make[1]: *** [xcanps_sinit.o] Error 127
make[1]: arm-xilinx-eabi-gcc: Command not found
make[1]: *** [xcanps.o] Error 127
make[1]: arm-xilinx-eabi-gcc: Command not found
make[1]: *** [xcanps_g.o] Error 127
make[1]: Target `libs' not remade because of errors.
make: *** [ps7_cortexa9_0/libsrc/canps_v3_0/src/make.libs] Error 2
Running Make libs in ps7_cortexa9_0/libsrc/scuwdt_v2_1/src
make -C ps7_cortexa9_0/libsrc/scuwdt_v2_1/src -s libs  "SHELL=/bin/sh" "COMPILER=arm-xilinx-eabi-gcc" "ARCHIVER=arm-xilinx-eabi-ar" "COMPILER_FLAGS=  -O2 -c" "EXTRA_COMPILER_FLAGS=-g"
Compiling scuwdt
make[1]: arm-xilinx-eabi-gcc: Command not found
make[1]: *** [xscuwdt_selftest.o] Error 127
make[1]: arm-xilinx-eabi-gcc: Command not found
make[1]: *** [xscuwdt_sinit.o] Error 127
make[1]: arm-xilinx-eabi-gcc: Command not found
make[1]: *** [xscuwdt.o] Error 127
make[1]: arm-xilinx-eabi-gcc: Command not found
make[1]: *** [xscuwdt_g.o] Error 127
make[1]: Target `libs' not remade because of errors.
make: *** [ps7_cortexa9_0/libsrc/scuwdt_v2_1/src/make.libs] Error 2
Running Make libs in ps7_cortexa9_0/libsrc/iicps_v3_0/src
make -C ps7_cortexa9_0/libsrc/iicps_v3_0/src -s libs  "SHELL=/bin/sh" "COMPILER=arm-xilinx-eabi-gcc" "ARCHIVER=arm-xilinx-eabi-ar" "COMPILER_FLAGS=  -O2 -c" "EXTRA_COMPILER_FLAGS=-g"
Compiling iicps
make[1]: arm-xilinx-eabi-gcc: Command not found
make[1]: *** [xiicps_g.o] Error 127
make[1]: arm-xilinx-eabi-gcc: Command not found
make[1]: *** [xiicps.o] Error 127
make[1]: arm-xilinx-eabi-gcc: Command not found
make[1]: *** [xiicps_options.o] Error 127
make[1]: arm-xilinx-eabi-gcc: Command not found
make[1]: *** [xiicps_slave.o] Error 127
make[1]: arm-xilinx-eabi-gcc: Command not found
make[1]: *** [xiicps_hw.o] Error 127
make[1]: arm-xilinx-eabi-gcc: Command not found
make[1]: *** [xiicps_master.o] Error 127
make[1]: arm-xilinx-eabi-gcc: Command not found
make[1]: *** [xiicps_intr.o] Error 127
Running Make libs in ps7_cortexa9_0/libsrc/usbps_v2_2/src
make -C ps7_cortexa9_0/libsrc/usbps_v2_2/src -s libs  "SHELL=/bin/sh" "COMPILER=arm-xilinx-eabi-gcc" "ARCHIVER=arm-xilinx-eabi-ar" "COMPILER_FLAGS=  -O2 -c" "EXTRA_COMPILER_FLAGS=-g"
make[1]: arm-xilinx-eabi-gcc: Command not found
make[1]: *** [xiicps_selftest.o] Error 127
make[1]: arm-xilinx-eabi-gcc: Command not found
make[1]: *** [xiicps_sinit.o] Error 127
make[1]: Target `libs' not remade because of errors.
make: *** [ps7_cortexa9_0/libsrc/iicps_v3_0/src/make.libs] Error 2
Compiling usbps
make[1]: arm-xilinx-eabi-gcc: Command not found
make[1]: *** [xusbps_hw.o] Error 127
make[1]: arm-xilinx-eabi-gcc: Command not found
make[1]: *** [xusbps_intr.o] Error 127
make[1]: arm-xilinx-eabi-gcc: Command not found
make[1]: *** [xusbps_sinit.o] Error 127
make[1]: arm-xilinx-eabi-gcc: Command not found
make[1]: *** [xusbps_endpoint.o] Error 127
make[1]: arm-xilinx-eabi-gcc: Command not found
make[1]: *** [xusbps.o] Error 127
make[1]: arm-xilinx-eabi-gcc: Command not found
make[1]: *** [xusbps_g.o] Error 127
make[1]: Target `libs' not remade because of errors.
make: *** [ps7_cortexa9_0/libsrc/usbps_v2_2/src/make.libs] Error 2
Running Make libs in ps7_cortexa9_0/libsrc/gpio_v4_0/src
make -C ps7_cortexa9_0/libsrc/gpio_v4_0/src -s libs  "SHELL=/bin/sh" "COMPILER=arm-xilinx-eabi-gcc" "ARCHIVER=arm-xilinx-eabi-ar" "COMPILER_FLAGS=  -O2 -c" "EXTRA_COMPILER_FLAGS=-g"
Compiling gpio
/bin/sh: arm-xilinx-eabi-gcc: command not found
make[1]: *** [libs] Error 127
make: *** [ps7_cortexa9_0/libsrc/gpio_v4_0/src/make.libs] Error 2
Running Make libs in ps7_cortexa9_0/libsrc/standalone_v5_0/src
make -C ps7_cortexa9_0/libsrc/standalone_v5_0/src -s libs  "SHELL=/bin/sh" "COMPILER=arm-xilinx-eabi-gcc" "ARCHIVER=arm-xilinx-eabi-ar" "COMPILER_FLAGS=  -O2 -c" "EXTRA_COMPILER_FLAGS=-g"
Compiling standalone
make[1]: arm-xilinx-eabi-gcc: Command not found
make[1]: *** [standalone_libs] Error 127
make[1]: Target `libs' not remade because of errors.
make: *** [ps7_cortexa9_0/libsrc/standalone_v5_0/src/make.libs] Error 2
Running Make libs in ps7_cortexa9_0/libsrc/scutimer_v2_1/src
make -C ps7_cortexa9_0/libsrc/scutimer_v2_1/src -s libs  "SHELL=/bin/sh" "COMPILER=arm-xilinx-eabi-gcc" "ARCHIVER=arm-xilinx-eabi-ar" "COMPILER_FLAGS=  -O2 -c" "EXTRA_COMPILER_FLAGS=-g"
Compiling scutimer
make[1]: arm-xilinx-eabi-gcc: Command not found
make[1]: *** [xscutimer_g.o] Error 127
make[1]: arm-xilinx-eabi-gcc: Command not found
make[1]: *** [xscutimer_sinit.o] Error 127
make[1]: arm-xilinx-eabi-gcc: Command not found
make[1]: *** [xscutimer_selftest.o] Error 127
make[1]: arm-xilinx-eabi-gcc: Command not found
make[1]: *** [xscutimer.o] Error 127
make[1]: Target `libs' not remade because of errors.
make: *** [ps7_cortexa9_0/libsrc/scutimer_v2_1/src/make.libs] Error 2
Running Make libs in ps7_cortexa9_0/libsrc/xadcps_v2_1/src
make -C ps7_cortexa9_0/libsrc/xadcps_v2_1/src -s libs  "SHELL=/bin/sh" "COMPILER=arm-xilinx-eabi-gcc" "ARCHIVER=arm-xilinx-eabi-ar" "COMPILER_FLAGS=  -O2 -c" "EXTRA_COMPILER_FLAGS=-g"
Compiling xadcps
make[1]: arm-xilinx-eabi-gcc: Command not found
make[1]: *** [xadcps_g.o] Error 127
make[1]: arm-xilinx-eabi-gcc: Command not found
make[1]: *** [xadcps_selftest.o] Error 127
make[1]: arm-xilinx-eabi-gcc: Command not found
make[1]: *** [xadcps_sinit.o] Error 127
make[1]: arm-xilinx-eabi-gcc: Command not found
make[1]: *** [xadcps.o] Error 127
make[1]: arm-xilinx-eabi-gcc: Command not found
make[1]: *** [xadcps_intr.o] Error 127
make[1]: Target `libs' not remade because of errors.
make: *** [ps7_cortexa9_0/libsrc/xadcps_v2_1/src/make.libs] Error 2
Running Make libs in ps7_cortexa9_0/libsrc/ttcps_v3_0/src
make -C ps7_cortexa9_0/libsrc/ttcps_v3_0/src -s libs  "SHELL=/bin/sh" "COMPILER=arm-xilinx-eabi-gcc" "ARCHIVER=arm-xilinx-eabi-ar" "COMPILER_FLAGS=  -O2 -c" "EXTRA_COMPILER_FLAGS=-g"
Compiling ttcps
make[1]: arm-xilinx-eabi-gcc: Command not found
make[1]: *** [xttcps_options.o] Error 127
make[1]: arm-xilinx-eabi-gcc: Command not found
make[1]: *** [xttcps_g.o] Error 127
make[1]: arm-xilinx-eabi-gcc: Command not found
make[1]: *** [xttcps_selftest.o] Error 127
make[1]: arm-xilinx-eabi-gcc: Command not found
make[1]: *** [xttcps_sinit.o] Error 127
make[1]: arm-xilinx-eabi-gcc: Command not found
make[1]: *** [xttcps.o] Error 127
make[1]: Target `libs' not remade because of errors.
make: *** [ps7_cortexa9_0/libsrc/ttcps_v3_0/src/make.libs] Error 2
Running Make libs in ps7_cortexa9_0/libsrc/cpu_cortexa9_v2_1/src
make -C ps7_cortexa9_0/libsrc/cpu_cortexa9_v2_1/src -s libs  "SHELL=/bin/sh" "COMPILER=arm-xilinx-eabi-gcc" "ARCHIVER=arm-xilinx-eabi-ar" "COMPILER_FLAGS=  -O2 -c" "EXTRA_COMPILER_FLAGS=-g"
Compiling cpu_cortexa9
Running Make libs in ps7_cortexa9_0/libsrc/qspips_v3_2/src
make -C ps7_cortexa9_0/libsrc/qspips_v3_2/src -s libs  "SHELL=/bin/sh" "COMPILER=arm-xilinx-eabi-gcc" "ARCHIVER=arm-xilinx-eabi-ar" "COMPILER_FLAGS=  -O2 -c" "EXTRA_COMPILER_FLAGS=-g"
make[1]: arm-xilinx-eabi-gcc: Command not found
make[1]: *** [xqspips_g.o] Error 127
make[1]: arm-xilinx-eabi-gcc: Command not found
make[1]: *** [xqspips_hw.o] Error 127
make[1]: arm-xilinx-eabi-gcc: Command not found
make[1]: *** [xqspips_selftest.o] Error 127
Compiling qspips
make[1]: arm-xilinx-eabi-gcc: Command not found
make[1]: *** [xqspips_sinit.o] Error 127
make[1]: arm-xilinx-eabi-gcc: Command not found
make[1]: *** [xqspips.o] Error 127
make[1]: arm-xilinx-eabi-gcc: Command not found
make[1]: *** [xqspips_options.o] Error 127
make[1]: Target `libs' not remade because of errors.
make: *** [ps7_cortexa9_0/libsrc/qspips_v3_2/src/make.libs] Error 2
Running Make libs in ps7_cortexa9_0/libsrc/uartps_v3_0/src
make -C ps7_cortexa9_0/libsrc/uartps_v3_0/src -s libs  "SHELL=/bin/sh" "COMPILER=arm-xilinx-eabi-gcc" "ARCHIVER=arm-xilinx-eabi-ar" "COMPILER_FLAGS=  -O2 -c" "EXTRA_COMPILER_FLAGS=-g"
Compiling uartps
make[1]: arm-xilinx-eabi-gcc: Command not found
make[1]: *** [xuartps_g.o] Error 127
make[1]: arm-xilinx-eabi-gcc: Command not found
make[1]: *** [xuartps_selftest.o] Error 127
make[1]: arm-xilinx-eabi-gcc: Command not found
make[1]: *** [xuartps.o] Error 127
make[1]: arm-xilinx-eabi-gcc: Command not found
make[1]: *** [xuartps_hw.o] Error 127
make[1]: arm-xilinx-eabi-gcc: Command not found
make[1]: *** [xuartps_sinit.o] Error 127
make[1]: arm-xilinx-eabi-gcc: Command not found
make[1]: *** [xuartps_options.o] Error 127
make[1]: arm-xilinx-eabi-gcc: Command not found
make[1]: *** [xuartps_intr.o] Error 127
make[1]: Target `libs' not remade because of errors.
make: *** [ps7_cortexa9_0/libsrc/uartps_v3_0/src/make.libs] Error 2
make: Target `all' not remade because of errors.

10:41:41 Build Finished (took 920ms)

