09:56:39 INFO  : Processing command line option -hwspec C:/cases/ZC702/2015_1/AR51786/2015_1/project_1/project_1.sdk/design_1_wrapper.hdf.
09:56:46 INFO  : Launching XSDB server: xsdb.bat -s C:/Xilinx/SDK/2015.1/scripts/xsdb/xsdb/xsdb-server.tcl 2450
09:57:00 INFO  : XSDB server has started successfully.
09:57:40 INFO  : BSP Project P/standalone_bsp_0 has been successfully migrated.
10:01:46 INFO  : Connected to target on host '127.0.0.1' and port '3121'.
10:01:46 INFO  : 'targets -set -filter {jtag_cable_name =~ "Platform Cable USB II 000012678c2101" && level==0} -index 1' command is executed.
10:01:58 INFO  : FPGA configured successfully with bitstream "C:/cases/ZC702/2015_1/AR51786/2015_1/project_1/project_1.sdk/design_1_wrapper_hw_platform_0/design_1_wrapper.bit"
10:02:28 INFO  : ps7_init is completed.
10:02:29 INFO  : ps7_post_config is completed.
10:02:29 INFO  : Processor reset is completed for ps7_cortexa9_0
10:26:51 INFO  : ps7_init is completed.
10:26:51 INFO  : ps7_post_config is completed.
10:26:51 INFO  : Processor reset is completed for ps7_cortexa9_0
10:27:09 INFO  : Connected to target on host '127.0.0.1' and port '3121'.
10:27:09 INFO  : 'targets -set -filter {jtag_cable_name =~ "Platform Cable USB II 000012678c2101" && level==0} -index 1' command is executed.
10:27:21 INFO  : FPGA configured successfully with bitstream "C:/cases/ZC702/2015_1/AR51786/2015_1/project_1/project_1.sdk/design_1_wrapper_hw_platform_0/design_1_wrapper.bit"
10:27:31 INFO  : ps7_init is completed.
10:27:31 INFO  : ps7_post_config is completed.
10:27:31 INFO  : Processor reset is completed for ps7_cortexa9_0
10:37:01 INFO  : SDK has detected change in the last modified timestamps for source hardware specification file Source:1430930039232,  Project:1430927585618
10:37:01 INFO  : Project design_1_wrapper_hw_platform_0's source hardware specification located at C:/cases/ZC702/2015_1/AR51786/2015_1/project_1/project_1.sdk/design_1_wrapper.hdf is now different from the local copy.
		 The local copy will be replaced with the source specification and your workspace will be updated.
10:37:19 INFO  : Copied contents of C:/cases/ZC702/2015_1/AR51786/2015_1/project_1/project_1.sdk/design_1_wrapper.hdf into \design_1_wrapper_hw_platform_0\system.hdf.
10:37:23 INFO  : Synchronizing projects in the workspace with the hardware platform specification changes.
10:37:27 INFO  : 
10:37:28 INFO  : Updating hardware inferred compiler options for led.
10:37:28 INFO  : Updating hardware inferred compiler options for zynq_fsbl.
10:37:28 INFO  : Clearing existing target manager status.
10:37:28 INFO  : Closing and re-opening the MSS file of ther project standalone_bsp_0
10:37:29 INFO  : Workspace synchronized with the new hardware specification file. Cleaning dependent projects...
10:45:39 INFO  : Connected to target on host '127.0.0.1' and port '3121'.
10:45:39 INFO  : 'targets -set -filter {jtag_cable_name =~ "Platform Cable USB II 000012678c2101" && level==0} -index 1' command is executed.
10:45:50 INFO  : FPGA configured successfully with bitstream "C:/cases/ZC702/2015_1/AR51786/2015_1/project_1/project_1.sdk/design_1_wrapper_hw_platform_0/design_1_wrapper.bit"
10:45:59 INFO  : ps7_init is completed.
10:45:59 INFO  : ps7_post_config is completed.
10:45:59 INFO  : Processor reset is completed for ps7_cortexa9_0
10:46:38 ERROR : Unexpected error while parsing XMD response ?: com.google.gson.JsonSyntaxException: com.google.gson.stream.MalformedJsonException: invalid number or unquoted string near 
10:55:03 INFO  : Processing command line option -hwspec C:/cases/ZC702/2015_1/AR51786/2015_1/project_1/project_1.sdk/design_1_wrapper.hdf.
10:55:05 INFO  : Checking for hwspec changes in the project design_1_wrapper_hw_platform_0.
10:55:05 INFO  : Launching XSDB server: xsdb.bat -s C:/Xilinx/SDK/2015.1/scripts/xsdb/xsdb/xsdb-server.tcl 2450
10:55:07 INFO  : XSDB server has started successfully.
11:39:38 INFO  : SDK has detected change in the last modified timestamps for source hardware specification file Source:1430933912932,  Project:1430930039232
11:39:38 INFO  : Project design_1_wrapper_hw_platform_0's source hardware specification located at C:/cases/ZC702/2015_1/AR51786/2015_1/project_1/project_1.sdk/design_1_wrapper.hdf is now different from the local copy.
		 The local copy will be replaced with the source specification and your workspace will be updated.
11:39:44 INFO  : Copied contents of C:/cases/ZC702/2015_1/AR51786/2015_1/project_1/project_1.sdk/design_1_wrapper.hdf into \design_1_wrapper_hw_platform_0\system.hdf.
11:39:47 INFO  : Synchronizing projects in the workspace with the hardware platform specification changes.
11:39:52 INFO  : 
11:39:53 INFO  : Updating hardware inferred compiler options for led.
11:39:54 INFO  : Updating hardware inferred compiler options for zynq_fsbl.
11:39:54 INFO  : Clearing existing target manager status.
11:39:54 INFO  : Closing and re-opening the MSS file of ther project standalone_bsp_0
11:39:55 INFO  : Workspace synchronized with the new hardware specification file. Cleaning dependent projects...
11:40:33 INFO  : Connected to target on host '127.0.0.1' and port '3121'.
11:40:33 INFO  : 'targets -set -filter {jtag_cable_name =~ "Platform Cable USB II 000012678c2101" && level==0} -index 1' command is executed.
11:40:45 INFO  : FPGA configured successfully with bitstream "C:/cases/ZC702/2015_1/AR51786/2015_1/project_1/project_1.sdk/design_1_wrapper_hw_platform_0/design_1_wrapper.bit"
11:41:00 INFO  : Processor reset is completed for ps7_cortexa9_0
11:41:03 ERROR : Unexpected error while launching program.
java.lang.RuntimeException: Failed to download ELF file


    AP transaction error (DP CTRL_STAT=0xf0000021)
    Error Address = 0x00100000, Size = 0x00000004


	at com.xilinx.sdk.targetmanager.internal.TM.downloadELF(TM.java:670)
	at com.xilinx.sdk.debug.core.internal.AppRunner.run(AppRunner.java:129)
	at com.xilinx.sdk.debug.core.XilinxAppLaunchConfigurationDelegate.runApplication(XilinxAppLaunchConfigurationDelegate.java:606)
	at com.xilinx.sdk.debug.core.XilinxAppLaunchConfigurationDelegate.launch(XilinxAppLaunchConfigurationDelegate.java:294)
	at com.xilinx.sdk.debug.ui.XilinxAppLaunchDelegateWrapper.launch(XilinxAppLaunchDelegateWrapper.java:31)
	at org.eclipse.debug.internal.core.LaunchConfiguration.launch(LaunchConfiguration.java:858)
	at org.eclipse.debug.internal.core.LaunchConfiguration.launch(LaunchConfiguration.java:707)
	at org.eclipse.debug.internal.ui.DebugUIPlugin.buildAndLaunch(DebugUIPlugin.java:1018)
	at org.eclipse.debug.internal.ui.DebugUIPlugin$8.run(DebugUIPlugin.java:1222)
	at org.eclipse.core.internal.jobs.Worker.run(Worker.java:53)
11:41:44 INFO  : Connected to target on host '127.0.0.1' and port '3121'.
11:41:44 INFO  : 'targets -set -filter {jtag_cable_name =~ "Platform Cable USB II 000012678c2101" && level==0} -index 1' command is executed.
11:41:56 INFO  : FPGA configured successfully with bitstream "C:/cases/ZC702/2015_1/AR51786/2015_1/project_1/project_1.sdk/design_1_wrapper_hw_platform_0/design_1_wrapper.bit"
11:42:38 ERROR : Unexpected error while parsing XMD response ?: com.google.gson.JsonSyntaxException: com.google.gson.stream.MalformedJsonException: invalid number or unquoted string near 
11:47:53 INFO  : Processing command line option -hwspec C:/cases/ZC702/2015_1/AR51786/2015_1/project_1/project_1.sdk/design_1_wrapper.hdf.
11:47:54 INFO  : Checking for hwspec changes in the project design_1_wrapper_hw_platform_0.
11:47:55 INFO  : Launching XSDB server: xsdb.bat -s C:/Xilinx/SDK/2015.1/scripts/xsdb/xsdb/xsdb-server.tcl 2450
11:47:56 INFO  : SDK has detected change in the last modified timestamps for source hardware specification file Source:1430934411201,  Project:1430933912932
11:47:56 INFO  : The hardware specification for project 'design_1_wrapper_hw_platform_0' is different from C:/cases/ZC702/2015_1/AR51786/2015_1/project_1/project_1.sdk/design_1_wrapper.hdf.
11:47:56 INFO  : Copied contents of C:/cases/ZC702/2015_1/AR51786/2015_1/project_1/project_1.sdk/design_1_wrapper.hdf into \design_1_wrapper_hw_platform_0\system.hdf.
11:47:57 INFO  : XSDB server has started successfully.
11:47:59 INFO  : Synchronizing projects in the workspace with the hardware platform specification changes.
11:48:04 INFO  : 
11:48:04 INFO  : Updating hardware inferred compiler options for led.
11:48:05 INFO  : Updating hardware inferred compiler options for zynq_fsbl.
11:48:05 INFO  : Clearing existing target manager status.
11:48:26 INFO  : Connected to target on host '127.0.0.1' and port '3121'.
11:48:26 INFO  : 'targets -set -filter {jtag_cable_name =~ "Platform Cable USB II 000012678c2101" && level==0} -index 1' command is executed.
11:48:38 INFO  : FPGA configured successfully with bitstream "C:/cases/ZC702/2015_1/AR51786/2015_1/project_1/project_1.sdk/design_1_wrapper_hw_platform_0/design_1_wrapper.bit"
11:48:58 INFO  : ps7_init is completed.
11:48:58 INFO  : ps7_post_config is completed.
11:48:59 INFO  : Processor reset is completed for ps7_cortexa9_0
13:33:53 INFO  : SDK has detected change in the last modified timestamps for source hardware specification file Source:1430940814249,  Project:1430934411201
13:33:53 INFO  : Project design_1_wrapper_hw_platform_0's source hardware specification located at C:/cases/ZC702/2015_1/AR51786/2015_1/project_1/project_1.sdk/design_1_wrapper.hdf is now different from the local copy.
		 The local copy will be replaced with the source specification and your workspace will be updated.
13:33:55 INFO  : Copied contents of C:/cases/ZC702/2015_1/AR51786/2015_1/project_1/project_1.sdk/design_1_wrapper.hdf into \design_1_wrapper_hw_platform_0\system.hdf.
13:33:58 INFO  : Synchronizing projects in the workspace with the hardware platform specification changes.
13:34:03 INFO  : 
13:34:03 INFO  : Updating hardware inferred compiler options for led.
13:34:04 INFO  : Updating hardware inferred compiler options for zynq_fsbl.
13:34:04 INFO  : Clearing existing target manager status.
13:34:50 INFO  : Connected to target on host '127.0.0.1' and port '3121'.
13:34:50 INFO  : 'targets -set -filter {jtag_cable_name =~ "Platform Cable USB II 000012678c2101" && level==0} -index 1' command is executed.
13:35:02 INFO  : FPGA configured successfully with bitstream "C:/cases/ZC702/2015_1/AR51786/2015_1/project_1/project_1.sdk/design_1_wrapper_hw_platform_0/design_1_wrapper.bit"
13:35:30 INFO  : ps7_init is completed.
13:35:30 INFO  : ps7_post_config is completed.
13:35:30 INFO  : Processor reset is completed for ps7_cortexa9_0
13:57:33 INFO  : SDK has detected change in the last modified timestamps for source hardware specification file Source:1430941231729,  Project:1430940814249
13:57:33 INFO  : Project design_1_wrapper_hw_platform_0's source hardware specification located at C:/cases/ZC702/2015_1/AR51786/2015_1/project_1/project_1.sdk/design_1_wrapper.hdf is now different from the local copy.
		 The local copy will be replaced with the source specification and your workspace will be updated.
13:57:34 INFO  : Copied contents of C:/cases/ZC702/2015_1/AR51786/2015_1/project_1/project_1.sdk/design_1_wrapper.hdf into \design_1_wrapper_hw_platform_0\system.hdf.
13:57:38 INFO  : Synchronizing projects in the workspace with the hardware platform specification changes.
13:57:42 INFO  : 
13:57:43 INFO  : Updating hardware inferred compiler options for led.
13:57:44 INFO  : Updating hardware inferred compiler options for zynq_fsbl.
13:57:44 INFO  : Clearing existing target manager status.
13:57:58 INFO  : Connected to target on host '127.0.0.1' and port '3121'.
13:57:58 INFO  : 'targets -set -filter {jtag_cable_name =~ "Platform Cable USB II 000012678c2101" && level==0} -index 1' command is executed.
13:58:10 INFO  : FPGA configured successfully with bitstream "C:/cases/ZC702/2015_1/AR51786/2015_1/project_1/project_1.sdk/design_1_wrapper_hw_platform_0/design_1_wrapper.bit"
13:58:27 INFO  : Processor reset is completed for ps7_cortexa9_0
13:58:30 ERROR : Unexpected error while launching program.
java.lang.RuntimeException: Failed to download ELF file


    Could not stop the processor after reset


	at com.xilinx.sdk.targetmanager.internal.TM.downloadELF(TM.java:670)
	at com.xilinx.sdk.debug.core.internal.AppRunner.run(AppRunner.java:129)
	at com.xilinx.sdk.debug.core.XilinxAppLaunchConfigurationDelegate.runApplication(XilinxAppLaunchConfigurationDelegate.java:606)
	at com.xilinx.sdk.debug.core.XilinxAppLaunchConfigurationDelegate.launch(XilinxAppLaunchConfigurationDelegate.java:294)
	at com.xilinx.sdk.debug.ui.XilinxAppLaunchDelegateWrapper.launch(XilinxAppLaunchDelegateWrapper.java:31)
	at org.eclipse.debug.internal.core.LaunchConfiguration.launch(LaunchConfiguration.java:858)
	at org.eclipse.debug.internal.core.LaunchConfiguration.launch(LaunchConfiguration.java:707)
	at org.eclipse.debug.internal.ui.DebugUIPlugin.buildAndLaunch(DebugUIPlugin.java:1018)
	at org.eclipse.debug.internal.ui.DebugUIPlugin$8.run(DebugUIPlugin.java:1222)
	at org.eclipse.core.internal.jobs.Worker.run(Worker.java:53)
13:58:51 INFO  : Connected to target on host '127.0.0.1' and port '3121'.
13:58:51 INFO  : 'targets -set -filter {jtag_cable_name =~ "Platform Cable USB II 000012678c2101" && level==0} -index 1' command is executed.
13:59:03 INFO  : FPGA configured successfully with bitstream "C:/cases/ZC702/2015_1/AR51786/2015_1/project_1/project_1.sdk/design_1_wrapper_hw_platform_0/design_1_wrapper.bit"
14:00:34 ERROR : Unexpected error while parsing XMD response ?: com.google.gson.JsonSyntaxException: com.google.gson.stream.MalformedJsonException: invalid number or unquoted string near 
14:00:48 INFO  : Processing command line option -hwspec C:/cases/ZC702/2015_1/AR51786/2015_1/project_1/project_1.sdk/design_1_wrapper.hdf.
14:00:49 INFO  : Checking for hwspec changes in the project design_1_wrapper_hw_platform_0.
14:00:49 INFO  : Launching XSDB server: xsdb.bat -s C:/Xilinx/SDK/2015.1/scripts/xsdb/xsdb/xsdb-server.tcl 2450
14:00:51 INFO  : XSDB server has started successfully.
14:01:33 INFO  : ps7_init is completed.
14:01:33 INFO  : ps7_post_config is completed.
14:01:33 INFO  : Processor reset is completed for ps7_cortexa9_0
10:41:27 INFO  : Registering command handlers for SDK TCF services
10:41:29 INFO  : Launching XSCT server: xsct -n -interactive /home/petr/Projects/fpga_edu/appnote_led/project_1/project_1.sdk/temp_xsdb_launch_script.tcl
10:41:32 INFO  : XSCT server has started successfully.
10:41:32 INFO  : Successfully done setting XSCT server connection channel  
10:41:35 INFO  : Successfully done setting SDK workspace  
10:42:28 ERROR : (XSDB Server)ERROR: [Hsi 55-1594] Core cpu_cortexa9 of version 2.1 not found in repositories
ERROR: [Hsi 55-1594] Core gpio of version 4.0 not found in repositories

10:42:28 ERROR : (XSDB Server)ERROR: [Hsi 55-1594] Core canps of version 3.0 not found in repositories
ERROR: [Hsi 55-1594] Core coresightps_dcc of version 1.0 not found in repositories
ERROR: [Hsi 55-1594] Core devcfg of version 3.2 not found in repositories
ERROR: [Hsi 55-1594] Core dmaps of version 2.1 not found in repositories
ERROR: [Hsi 55-1594] Core dmaps of version 2.1 not found in repositories
ERROR: [Hsi 55-1594] Core emacps of version 3.0 not found in repositories
ERROR: [Hsi 55-1594] Core gpiops of version 3.0 not found in repositories
ERROR: [Hsi 55-1594] Core iicps of version 3.0 not found in repositories
ERROR: [Hsi 55-1594] Core scugic of version 3.0 not found in repositories
ERROR: [Hsi 55-1594] Core sdps of version 2.4 not found in repositories
ERROR: [Hsi 55-1594] Core ttcps of version 3.0 not found in repositories
ERROR: [Hsi 55-1594] Core uartps of version 3.0 not found in repositories
ERROR: [Hsi 55-1594] Core usbps of version 2.2 not found in repositories
ERROR: [Hsi 55-1594] Core xadcps of version 2.1 not found in repositories
ERROR: [Hsi 55-1594] Core standalone of version 5.0 not found in repositories
ERROR: [Hsi 55-1594] Core xilffs of version 3.0 not found in repositories
ERROR: [Hsi 55-1594] Core xilrsa of version 1.1 not found in repositories

10:42:28 ERROR : (XSDB Server)ERROR: [Hsi 55-1452] Error: running open_sw_design.

10:42:28 ERROR :  [Common 17-39] 'hsi::open_sw_design' failed due to earlier errors.
10:42:28 ERROR : (XSDB Server)ERROR: [Hsi 55-1594] Core cpu_cortexa9 of version 2.1 not found in repositories

10:42:28 ERROR : (XSDB Server)ERROR: [Hsi 55-1594] Core gpio of version 4.0 not found in repositories

10:42:28 ERROR : (XSDB Server)ERROR: [Hsi 55-1594] Core canps of version 3.0 not found in repositories

10:42:28 ERROR : (XSDB Server)ERROR: [Hsi 55-1594] Core coresightps_dcc of version 1.0 not found in repositories

10:42:28 ERROR : (XSDB Server)ERROR: [Hsi 55-1594] Core devcfg of version 3.2 not found in repositories

10:42:28 ERROR : (XSDB Server)ERROR: [Hsi 55-1594] Core dmaps of version 2.1 not found in repositories

10:42:28 ERROR : (XSDB Server)ERROR: [Hsi 55-1594] Core dmaps of version 2.1 not found in repositories

10:42:28 ERROR : (XSDB Server)ERROR: [Hsi 55-1594] Core emacps of version 3.0 not found in repositories

10:42:28 ERROR : (XSDB Server)ERROR: [Hsi 55-1594] Core gpiops of version 3.0 not found in repositories

10:42:28 ERROR : (XSDB Server)ERROR: [Hsi 55-1594] Core iicps of version 3.0 not found in repositories

10:42:28 ERROR : (XSDB Server)ERROR: [Hsi 55-1594] Core scugic of version 3.0 not found in repositories

10:42:28 ERROR : (XSDB Server)ERROR: [Hsi 55-1594] Core sdps of version 2.4 not found in repositories

10:42:28 ERROR : (XSDB Server)ERROR: [Hsi 55-1594] Core ttcps of version 3.0 not found in repositories

10:42:28 ERROR : (XSDB Server)ERROR: [Hsi 55-1594] Core uartps of version 3.0 not found in repositories

10:42:28 ERROR : (XSDB Server)ERROR: [Hsi 55-1594] Core usbps of version 2.2 not found in repositories

10:42:28 ERROR : (XSDB Server)ERROR: [Hsi 55-1594] Core xadcps of version 2.1 not found in repositories

10:42:28 ERROR : (XSDB Server)ERROR: [Hsi 55-1594] Core standalone of version 5.0 not found in repositories

10:42:28 ERROR : (XSDB Server)ERROR: [Hsi 55-1594] Core xilffs of version 3.0 not found in repositories

10:42:28 ERROR : (XSDB Server)ERROR: [Hsi 55-1594] Core xilrsa of version 1.1 not found in repositories

10:42:28 ERROR : (XSDB Server)ERROR: [Hsi 55-1452] Error: running open_sw_design.

10:42:28 INFO  : Unable to read in MSS file /home/petr/Projects/fpga_edu/appnote_led/project_1/project_1.sdk/standalone_bsp_0/system.mss : null
10:42:28 ERROR : (XSDB Server)ERROR: [Hsi 55-1594] Core cpu_cortexa9 of version 2.1 not found in repositories

10:42:28 ERROR : (XSDB Server)ERROR: [Hsi 55-1594] Core gpio of version 4.0 not found in repositories

10:42:28 ERROR : (XSDB Server)ERROR: [Hsi 55-1594] Core canps of version 3.0 not found in repositories
ERROR: [Hsi 55-1594] Core coresightps_dcc of version 1.0 not found in repositories

10:42:28 ERROR : (XSDB Server)ERROR: [Hsi 55-1594] Core devcfg of version 3.2 not found in repositories

10:42:28 ERROR : (XSDB Server)ERROR: [Hsi 55-1594] Core dmaps of version 2.1 not found in repositories

10:42:28 ERROR : (XSDB Server)ERROR: [Hsi 55-1594] Core dmaps of version 2.1 not found in repositories

10:42:28 ERROR : (XSDB Server)ERROR: [Hsi 55-1594] Core emacps of version 3.0 not found in repositories

10:42:28 ERROR : (XSDB Server)ERROR: [Hsi 55-1594] Core gpiops of version 3.0 not found in repositories

10:42:28 ERROR : (XSDB Server)ERROR: [Hsi 55-1594] Core iicps of version 3.0 not found in repositories

10:42:28 ERROR : (XSDB Server)ERROR: [Hsi 55-1594] Core scugic of version 3.0 not found in repositories

10:42:28 ERROR : (XSDB Server)ERROR: [Hsi 55-1594] Core sdps of version 2.4 not found in repositories

10:42:28 ERROR : (XSDB Server)ERROR: [Hsi 55-1594] Core ttcps of version 3.0 not found in repositories

10:42:28 ERROR : (XSDB Server)ERROR: [Hsi 55-1594] Core uartps of version 3.0 not found in repositories

10:42:28 ERROR : (XSDB Server)ERROR: [Hsi 55-1594] Core usbps of version 2.2 not found in repositories

10:42:28 ERROR : (XSDB Server)ERROR: [Hsi 55-1594] Core xadcps of version 2.1 not found in repositories

10:42:28 ERROR : (XSDB Server)ERROR: [Hsi 55-1594] Core standalone of version 5.0 not found in repositories

10:42:28 ERROR : (XSDB Server)ERROR: [Hsi 55-1594] Core xilffs of version 3.0 not found in repositories

10:42:28 ERROR : (XSDB Server)ERROR: [Hsi 55-1594] Core xilrsa of version 1.1 not found in repositories

10:42:28 ERROR : (XSDB Server)ERROR: [Hsi 55-1452] Error: running open_sw_design.

10:42:28 ERROR : (XSDB Server)ERROR: [Hsi 55-1594] Core cpu_cortexa9 of version 2.1 not found in repositories

10:42:28 ERROR : (XSDB Server)ERROR: [Hsi 55-1594] Core gpio of version 4.0 not found in repositories

10:42:28 ERROR : (XSDB Server)ERROR: [Hsi 55-1594] Core canps of version 3.0 not found in repositories

10:42:28 ERROR : (XSDB Server)ERROR: [Hsi 55-1594] Core coresightps_dcc of version 1.0 not found in repositories

10:42:28 ERROR : (XSDB Server)ERROR: [Hsi 55-1594] Core devcfg of version 3.2 not found in repositories

10:42:28 ERROR : (XSDB Server)ERROR: [Hsi 55-1594] Core dmaps of version 2.1 not found in repositories

10:42:28 ERROR : (XSDB Server)ERROR: [Hsi 55-1594] Core dmaps of version 2.1 not found in repositories

10:42:28 ERROR : (XSDB Server)ERROR: [Hsi 55-1594] Core emacps of version 3.0 not found in repositories

10:42:28 ERROR : (XSDB Server)ERROR: [Hsi 55-1594] Core gpiops of version 3.0 not found in repositories

10:42:28 ERROR : (XSDB Server)ERROR: [Hsi 55-1594] Core iicps of version 3.0 not found in repositories

10:42:28 ERROR : (XSDB Server)ERROR: [Hsi 55-1594] Core scugic of version 3.0 not found in repositories

10:42:28 ERROR : (XSDB Server)ERROR: [Hsi 55-1594] Core sdps of version 2.4 not found in repositories

10:42:28 ERROR : (XSDB Server)ERROR: [Hsi 55-1594] Core ttcps of version 3.0 not found in repositories

10:42:28 ERROR : (XSDB Server)ERROR: [Hsi 55-1594] Core uartps of version 3.0 not found in repositories

10:42:28 ERROR : (XSDB Server)ERROR: [Hsi 55-1594] Core usbps of version 2.2 not found in repositories

10:42:28 ERROR : (XSDB Server)ERROR: [Hsi 55-1594] Core xadcps of version 2.1 not found in repositories

10:42:28 ERROR : (XSDB Server)ERROR: [Hsi 55-1594] Core standalone of version 5.0 not found in repositories
ERROR: [Hsi 55-1594] Core xilffs of version 3.0 not found in repositories

10:42:28 ERROR : (XSDB Server)ERROR: [Hsi 55-1594] Core xilrsa of version 1.1 not found in repositories
ERROR: [Hsi 55-1452] Error: running open_sw_design.

10:42:28 ERROR : Failed to get_connected_periphs
Reason: ERROR: [Common 17-55] 'get_property' expects at least one object.
Resolution: If [get_<value>] was used to populate the object, check to make sure this command returns at least one valid object.

