Copyright 1986-2018 Xilinx, Inc. All Rights Reserved.
----------------------------------------------------------------------------------------------
| Tool Version : Vivado v.2018.3 (lin64) Build 2405991 Thu Dec  6 23:36:41 MST 2018
| Date         : Sun Apr  7 16:30:21 2019
| Host         : petr-dell running 64-bit Red Hat Enterprise Linux Server release 7.6 (Maipo)
| Command      : report_control_sets -verbose -file top_module_control_sets_placed.rpt
| Design       : top_module
| Device       : xc7z020
----------------------------------------------------------------------------------------------

Control Set Information

Table of Contents
-----------------
1. Summary
2. Histogram
3. Flip-Flop Distribution
4. Detailed Control Set Information

1. Summary
----------

+----------------------------------------------------------+-------+
|                          Status                          | Count |
+----------------------------------------------------------+-------+
| Number of unique control sets                            |    47 |
| Unused register locations in slices containing registers |   128 |
+----------------------------------------------------------+-------+


2. Histogram
------------

+--------+--------------+
| Fanout | Control Sets |
+--------+--------------+
|      1 |            1 |
|      2 |            1 |
|      4 |            9 |
|      5 |            5 |
|      6 |            2 |
|      8 |            2 |
|      9 |            1 |
|     10 |            1 |
|     11 |            1 |
|     12 |            4 |
|     13 |            1 |
|     14 |            2 |
|    16+ |           17 |
+--------+--------------+


3. Flip-Flop Distribution
-------------------------

+--------------+-----------------------+------------------------+-----------------+--------------+
| Clock Enable | Synchronous Set/Reset | Asynchronous Set/Reset | Total Registers | Total Slices |
+--------------+-----------------------+------------------------+-----------------+--------------+
| No           | No                    | No                     |             229 |           76 |
| No           | No                    | Yes                    |               0 |            0 |
| No           | Yes                   | No                     |             107 |           36 |
| Yes          | No                    | No                     |             443 |           94 |
| Yes          | No                    | Yes                    |               0 |            0 |
| Yes          | Yes                   | No                     |             109 |           31 |
+--------------+-----------------------+------------------------+-----------------+--------------+


4. Detailed Control Set Information
-----------------------------------

+---------------------------------------------------------------+------------------------------------------------------------------------------------------------------------------------------------------------------------------------------+---------------------------------------------------------------------------------------------------------------------------------------------------------------------+------------------+----------------+
|                          Clock Signal                         |                                                                                 Enable Signal                                                                                |                                                                           Set/Reset Signal                                                                          | Slice Load Count | Bel Load Count |
+---------------------------------------------------------------+------------------------------------------------------------------------------------------------------------------------------------------------------------------------------+---------------------------------------------------------------------------------------------------------------------------------------------------------------------+------------------+----------------+
|  p_system_inst/p_system_i/processing_system7_0/inst/FCLK_CLK0 | p_system_inst/p_system_i/ps7_0_axi_periph/s00_couplers/auto_pc/inst/gen_axilite.gen_b2s_conv.axilite_b2s/WR.aw_channel_0/aw_cmd_fsm_0/m_axi_awready_1                        | p_system_inst/p_system_i/ps7_0_axi_periph/s00_couplers/auto_pc/inst/gen_axilite.gen_b2s_conv.axilite_b2s/WR.aw_channel_0/aw_cmd_fsm_0/m_axi_awready_0               |                1 |              1 |
|  p_system_inst/p_system_i/processing_system7_0/inst/FCLK_CLK0 | p_system_inst/p_system_i/ps7_0_axi_periph/s00_couplers/auto_pc/inst/gen_axilite.gen_b2s_conv.axilite_b2s/WR.b_channel_0/bid_fifo_0/sel                                       |                                                                                                                                                                     |                1 |              2 |
|  p_system_inst/p_system_i/processing_system7_0/inst/FCLK_CLK0 |                                                                                                                                                                              | p_system_inst/p_system_i/axi_gpio_0/U0/AXI_LITE_IPIF_I/I_SLAVE_ATTACHMENT/clear                                                                                     |                1 |              4 |
|  p_system_inst/p_system_i/processing_system7_0/inst/FCLK_CLK0 |                                                                                                                                                                              | p_system_inst/p_system_i/rst_ps7_0_100M/U0/EXT_LPF/lpf_int                                                                                                          |                1 |              4 |
|  p_system_inst/p_system_i/processing_system7_0/inst/FCLK_CLK0 |                                                                                                                                                                              | p_system_inst/p_system_i/axi_gpio_1/U0/AXI_LITE_IPIF_I/I_SLAVE_ATTACHMENT/clear                                                                                     |                1 |              4 |
|  p_system_inst/p_system_i/processing_system7_0/inst/FCLK_CLK0 |                                                                                                                                                                              | p_system_inst/p_system_i/ps7_0_axi_periph/s00_couplers/auto_pc/inst/gen_axilite.gen_b2s_conv.axilite_b2s/SI_REG/ar.ar_pipe/aresetn_d_reg[1]_inv_0                   |                2 |              4 |
|  p_system_inst/p_system_i/processing_system7_0/inst/FCLK_CLK0 |                                                                                                                                                                              | p_system_inst/p_system_i/ps7_0_axi_periph/s00_couplers/auto_pc/inst/gen_axilite.gen_b2s_conv.axilite_b2s/SI_REG/aw.aw_pipe/aresetn_d_reg[0]_0                       |                1 |              4 |
|  p_system_inst/p_system_i/processing_system7_0/inst/FCLK_CLK0 | p_system_inst/p_system_i/axi_gpio_1/U0/AXI_LITE_IPIF_I/I_SLAVE_ATTACHMENT/bus2ip_addr_i[8]_i_1_n_0                                                                           | p_system_inst/p_system_i/axi_gpio_1/U0/AXI_LITE_IPIF_I/I_SLAVE_ATTACHMENT/SR[0]                                                                                     |                1 |              4 |
|  p_system_inst/p_system_i/processing_system7_0/inst/FCLK_CLK0 | p_system_inst/p_system_i/axi_gpio_1/U0/AXI_LITE_IPIF_I/I_SLAVE_ATTACHMENT/start2                                                                                             | p_system_inst/p_system_i/axi_gpio_1/U0/AXI_LITE_IPIF_I/I_SLAVE_ATTACHMENT/I_DECODER/cs_ce_clr                                                                       |                1 |              4 |
|  p_system_inst/p_system_i/processing_system7_0/inst/FCLK_CLK0 | p_system_inst/p_system_i/axi_gpio_0/U0/AXI_LITE_IPIF_I/I_SLAVE_ATTACHMENT/bus2ip_addr_i[8]_i_1_n_0                                                                           | p_system_inst/p_system_i/axi_gpio_0/U0/AXI_LITE_IPIF_I/I_SLAVE_ATTACHMENT/SR[0]                                                                                     |                1 |              4 |
|  p_system_inst/p_system_i/processing_system7_0/inst/FCLK_CLK0 | p_system_inst/p_system_i/axi_gpio_0/U0/AXI_LITE_IPIF_I/I_SLAVE_ATTACHMENT/start2                                                                                             | p_system_inst/p_system_i/axi_gpio_0/U0/AXI_LITE_IPIF_I/I_SLAVE_ATTACHMENT/I_DECODER/cs_ce_clr                                                                       |                1 |              4 |
|  p_system_inst/p_system_i/processing_system7_0/inst/FCLK_CLK0 | p_system_inst/p_system_i/axi_gpio_1/U0/AXI_LITE_IPIF_I/I_SLAVE_ATTACHMENT/I_DECODER/bus2ip_rnw_i_reg[0]                                                                      | p_system_inst/p_system_i/axi_gpio_1/U0/AXI_LITE_IPIF_I/I_SLAVE_ATTACHMENT/SR[0]                                                                                     |                2 |              5 |
|  p_system_inst/p_system_i/processing_system7_0/inst/FCLK_CLK0 | p_system_inst/p_system_i/ps7_0_axi_periph/s00_couplers/auto_pc/inst/gen_axilite.gen_b2s_conv.axilite_b2s/RD.r_channel_0/rd_data_fifo_0/E[0]                                  | p_system_inst/p_system_i/ps7_0_axi_periph/s00_couplers/auto_pc/inst/gen_axilite.gen_b2s_conv.axilite_b2s/areset_d1                                                  |                1 |              5 |
|  p_system_inst/p_system_i/processing_system7_0/inst/FCLK_CLK0 | p_system_inst/p_system_i/ps7_0_axi_periph/s00_couplers/auto_pc/inst/gen_axilite.gen_b2s_conv.axilite_b2s/RD.r_channel_0/rd_data_fifo_0/cnt_read[4]_i_1_n_0                   | p_system_inst/p_system_i/ps7_0_axi_periph/s00_couplers/auto_pc/inst/gen_axilite.gen_b2s_conv.axilite_b2s/areset_d1                                                  |                2 |              5 |
|  p_system_inst/p_system_i/processing_system7_0/inst/FCLK_CLK0 | p_system_inst/p_system_i/ps7_0_axi_periph/s00_couplers/auto_pc/inst/gen_axilite.gen_b2s_conv.axilite_b2s/RD.ar_channel_0/ar_cmd_fsm_0/m_valid_i_reg                          | p_system_inst/p_system_i/ps7_0_axi_periph/s00_couplers/auto_pc/inst/gen_axilite.gen_b2s_conv.axilite_b2s/RD.ar_channel_0/ar_cmd_fsm_0/FSM_sequential_state_reg[0]_0 |                3 |              5 |
|  p_system_inst/p_system_i/processing_system7_0/inst/FCLK_CLK0 |                                                                                                                                                                              | p_system_inst/p_system_i/axi_gpio_1/U0/AXI_LITE_IPIF_I/I_SLAVE_ATTACHMENT/I_DECODER/bus2ip_rnw_i_reg_0                                                              |                2 |              5 |
|  p_system_inst/p_system_i/processing_system7_0/inst/FCLK_CLK0 | p_system_inst/p_system_i/axi_gpio_1/U0/AXI_LITE_IPIF_I/I_SLAVE_ATTACHMENT/s_axi_rresp_i                                                                                      | p_system_inst/p_system_i/axi_gpio_1/U0/AXI_LITE_IPIF_I/I_SLAVE_ATTACHMENT/SR[0]                                                                                     |                1 |              6 |
|  p_system_inst/p_system_i/processing_system7_0/inst/FCLK_CLK0 | p_system_inst/p_system_i/rst_ps7_0_100M/U0/SEQ/seq_cnt_en                                                                                                                    | p_system_inst/p_system_i/rst_ps7_0_100M/U0/SEQ/SEQ_COUNTER/clear                                                                                                    |                1 |              6 |
|  p_system_inst/p_system_i/processing_system7_0/inst/FCLK_CLK0 | p_system_inst/p_system_i/axi_gpio_0/U0/AXI_LITE_IPIF_I/I_SLAVE_ATTACHMENT/I_DECODER/bus2ip_rnw_i_reg[0]                                                                      | p_system_inst/p_system_i/axi_gpio_0/U0/AXI_LITE_IPIF_I/I_SLAVE_ATTACHMENT/SR[0]                                                                                     |                2 |              8 |
|  p_system_inst/p_system_i/processing_system7_0/inst/FCLK_CLK0 | p_system_inst/p_system_i/ps7_0_axi_periph/s00_couplers/auto_pc/inst/gen_axilite.gen_b2s_conv.axilite_b2s/WR.b_channel_0/mhandshake_r                                         | p_system_inst/p_system_i/ps7_0_axi_periph/s00_couplers/auto_pc/inst/gen_axilite.gen_b2s_conv.axilite_b2s/WR.b_channel_0/bid_fifo_0/SR[0]                            |                3 |              8 |
|  p_system_inst/p_system_i/processing_system7_0/inst/FCLK_CLK0 | p_system_inst/p_system_i/axi_gpio_0/U0/AXI_LITE_IPIF_I/I_SLAVE_ATTACHMENT/s_axi_rresp_i                                                                                      | p_system_inst/p_system_i/axi_gpio_0/U0/AXI_LITE_IPIF_I/I_SLAVE_ATTACHMENT/SR[0]                                                                                     |                2 |              9 |
|  p_system_inst/p_system_i/processing_system7_0/inst/FCLK_CLK0 |                                                                                                                                                                              | p_system_inst/p_system_i/ps7_0_axi_periph/s00_couplers/auto_pc/inst/gen_axilite.gen_b2s_conv.axilite_b2s/areset_d1                                                  |                6 |             10 |
|  p_system_inst/p_system_i/processing_system7_0/inst/FCLK_CLK0 |                                                                                                                                                                              | p_system_inst/p_system_i/ps7_0_axi_periph/xbar/inst/gen_sasd.crossbar_sasd_0/addr_arbiter_inst/SR[0]                                                                |                4 |             11 |
|  p_system_inst/p_system_i/processing_system7_0/inst/FCLK_CLK0 | p_system_inst/p_system_i/ps7_0_axi_periph/s00_couplers/auto_pc/inst/gen_axilite.gen_b2s_conv.axilite_b2s/RD.ar_channel_0/ar_cmd_fsm_0/sel_first_reg[0]                       |                                                                                                                                                                     |                2 |             12 |
|  p_system_inst/p_system_i/processing_system7_0/inst/FCLK_CLK0 | p_system_inst/p_system_i/ps7_0_axi_periph/s00_couplers/auto_pc/inst/gen_axilite.gen_b2s_conv.axilite_b2s/RD.ar_channel_0/ar_cmd_fsm_0/E[0]                                   |                                                                                                                                                                     |                6 |             12 |
|  p_system_inst/p_system_i/processing_system7_0/inst/FCLK_CLK0 | p_system_inst/p_system_i/ps7_0_axi_periph/s00_couplers/auto_pc/inst/gen_axilite.gen_b2s_conv.axilite_b2s/WR.aw_channel_0/aw_cmd_fsm_0/E[0]                                   |                                                                                                                                                                     |                6 |             12 |
|  p_system_inst/p_system_i/processing_system7_0/inst/FCLK_CLK0 | p_system_inst/p_system_i/ps7_0_axi_periph/s00_couplers/auto_pc/inst/gen_axilite.gen_b2s_conv.axilite_b2s/WR.aw_channel_0/cmd_translator_0/incr_cmd_0/axaddr_incr[11]_i_1_n_0 |                                                                                                                                                                     |                2 |             12 |
|  p_system_inst/p_system_i/processing_system7_0/inst/FCLK_CLK0 | p_system_inst/p_system_i/ps7_0_axi_periph/s00_couplers/auto_pc/inst/gen_axilite.gen_b2s_conv.axilite_b2s/RD.r_channel_0/r_push_r                                             |                                                                                                                                                                     |                4 |             13 |
|  p_system_inst/p_system_i/processing_system7_0/inst/FCLK_CLK0 | p_system_inst/p_system_i/ps7_0_axi_periph/s00_couplers/auto_pc/inst/gen_axilite.gen_b2s_conv.axilite_b2s/SI_REG/b.b_pipe/s_ready_i_reg_0                                     |                                                                                                                                                                     |                2 |             14 |
|  p_system_inst/p_system_i/processing_system7_0/inst/FCLK_CLK0 | p_system_inst/p_system_i/ps7_0_axi_periph/s00_couplers/auto_pc/inst/gen_axilite.gen_b2s_conv.axilite_b2s/SI_REG/b.b_pipe/p_1_in                                              |                                                                                                                                                                     |                2 |             14 |
|  p_system_inst/p_system_i/processing_system7_0/inst/FCLK_CLK0 |                                                                                                                                                                              | p_system_inst/p_system_i/axi_gpio_0/U0/AXI_LITE_IPIF_I/I_SLAVE_ATTACHMENT/I_DECODER/bus2ip_rnw_i_reg_2                                                              |                2 |             16 |
|  p_system_inst/p_system_i/processing_system7_0/inst/FCLK_CLK0 | p_system_inst/p_system_i/axi_gpio_0/U0/AXI_LITE_IPIF_I/I_SLAVE_ATTACHMENT/I_DECODER/bus2ip_rnw_i_reg_0[0]                                                                    | p_system_inst/p_system_i/axi_gpio_0/U0/AXI_LITE_IPIF_I/I_SLAVE_ATTACHMENT/SR[0]                                                                                     |                3 |             16 |
|  p_system_inst/p_system_i/processing_system7_0/inst/FCLK_CLK0 | p_system_inst/p_system_i/ps7_0_axi_periph/s00_couplers/auto_pc/inst/gen_axilite.gen_b2s_conv.axilite_b2s/WR.aw_channel_0/aw_cmd_fsm_0/b_push                                 |                                                                                                                                                                     |                3 |             16 |
|  p_system_inst/p_system_i/processing_system7_0/inst/FCLK_CLK0 | p_system_inst/p_system_i/ps7_0_axi_periph/xbar/inst/gen_sasd.crossbar_sasd_0/addr_arbiter_inst/p_0_in1_in                                                                    | p_system_inst/p_system_i/ps7_0_axi_periph/xbar/inst/gen_sasd.crossbar_sasd_0/addr_arbiter_inst/SR[0]                                                                |                6 |             19 |
|  p_system_inst/p_system_i/processing_system7_0/inst/FCLK_CLK0 |                                                                                                                                                                              | p_system_inst/p_system_i/axi_gpio_1/U0/AXI_LITE_IPIF_I/I_SLAVE_ATTACHMENT/SR[0]                                                                                     |                7 |             21 |
|  p_system_inst/p_system_i/processing_system7_0/inst/FCLK_CLK0 | p_system_inst/p_system_i/ps7_0_axi_periph/s00_couplers/auto_pc/inst/gen_axilite.gen_b2s_conv.axilite_b2s/RD.ar_channel_0/ar_cmd_fsm_0/m_valid_i_reg                          |                                                                                                                                                                     |                8 |             21 |
|  p_system_inst/p_system_i/processing_system7_0/inst/FCLK_CLK0 |                                                                                                                                                                              | p_system_inst/p_system_i/axi_gpio_0/U0/AXI_LITE_IPIF_I/I_SLAVE_ATTACHMENT/SR[0]                                                                                     |                9 |             24 |
|  p_system_inst/p_system_i/processing_system7_0/inst/FCLK_CLK0 | p_system_inst/p_system_i/ps7_0_axi_periph/s00_couplers/auto_pc/inst/gen_axilite.gen_b2s_conv.axilite_b2s/WR.aw_channel_0/aw_cmd_fsm_0/m_axi_awready_1                        |                                                                                                                                                                     |                9 |             25 |
|  p_system_inst/p_system_i/processing_system7_0/inst/FCLK_CLK0 | p_system_inst/p_system_i/ps7_0_axi_periph/s00_couplers/auto_pc/inst/gen_axilite.gen_b2s_conv.axilite_b2s/RD.r_channel_0/rd_data_fifo_0/wr_en0                                |                                                                                                                                                                     |                9 |             34 |
|  p_system_inst/p_system_i/processing_system7_0/inst/FCLK_CLK0 | p_system_inst/p_system_i/ps7_0_axi_periph/xbar/inst/gen_sasd.crossbar_sasd_0/addr_arbiter_inst/E[0]                                                                          |                                                                                                                                                                     |                6 |             35 |
|  p_system_inst/p_system_i/processing_system7_0/inst/FCLK_CLK0 | p_system_inst/p_system_i/ps7_0_axi_periph/s00_couplers/auto_pc/inst/gen_axilite.gen_b2s_conv.axilite_b2s/SI_REG/r.r_pipe/s_ready_i_reg_0                                     |                                                                                                                                                                     |                7 |             47 |
|  p_system_inst/p_system_i/processing_system7_0/inst/FCLK_CLK0 | p_system_inst/p_system_i/ps7_0_axi_periph/s00_couplers/auto_pc/inst/gen_axilite.gen_b2s_conv.axilite_b2s/SI_REG/r.r_pipe/p_1_in                                              |                                                                                                                                                                     |                8 |             47 |
|  p_system_inst/p_system_i/processing_system7_0/inst/FCLK_CLK0 | p_system_inst/p_system_i/ps7_0_axi_periph/s00_couplers/auto_pc/inst/gen_axilite.gen_b2s_conv.axilite_b2s/SI_REG/aw.aw_pipe/s_ready_i_reg_0                                   |                                                                                                                                                                     |                7 |             48 |
|  p_system_inst/p_system_i/processing_system7_0/inst/FCLK_CLK0 | p_system_inst/p_system_i/ps7_0_axi_periph/s00_couplers/auto_pc/inst/gen_axilite.gen_b2s_conv.axilite_b2s/WR.aw_channel_0/aw_cmd_fsm_0/m_valid_i_reg[0]                       |                                                                                                                                                                     |                9 |             48 |
|  p_system_inst/p_system_i/processing_system7_0/inst/FCLK_CLK0 | p_system_inst/p_system_i/ps7_0_axi_periph/s00_couplers/auto_pc/inst/gen_axilite.gen_b2s_conv.axilite_b2s/SI_REG/ar.ar_pipe/s_ready_i_reg_0                                   |                                                                                                                                                                     |               10 |             48 |
|  p_system_inst/p_system_i/processing_system7_0/inst/FCLK_CLK0 | p_system_inst/p_system_i/ps7_0_axi_periph/s00_couplers/auto_pc/inst/gen_axilite.gen_b2s_conv.axilite_b2s/RD.ar_channel_0/ar_cmd_fsm_0/FSM_sequential_state_reg[1]_0[0]       |                                                                                                                                                                     |               10 |             48 |
|  p_system_inst/p_system_i/processing_system7_0/inst/FCLK_CLK0 |                                                                                                                                                                              |                                                                                                                                                                     |               77 |            230 |
+---------------------------------------------------------------+------------------------------------------------------------------------------------------------------------------------------------------------------------------------------+---------------------------------------------------------------------------------------------------------------------------------------------------------------------+------------------+----------------+


