04:30:21 INFO  : Registering command handlers for SDK TCF services
04:30:22 INFO  : Launching XSCT server: xsct -n -interactive /home/petr/Projects/fpga/zedboard/wrk/ps_freertos_systems/sdk/temp_xsdb_launch_script.tcl
04:30:24 INFO  : XSCT server has started successfully.
04:30:25 INFO  : Successfully done setting XSCT server connection channel  
04:30:25 INFO  : Successfully done setting SDK workspace  
04:30:25 INFO  : Processing command line option -hwspec /home/petr/Projects/fpga/zedboard/wrk/ps_freertos_systems/sdk/top_module.hdf.
06:04:59 INFO  : Registering command handlers for SDK TCF services
06:05:03 INFO  : Launching XSCT server: xsct -n -interactive /home/petr/Projects/fpga/zedboard/wrk/ps_freertos_systems/sdk/temp_xsdb_launch_script.tcl
06:05:10 INFO  : XSCT server has started successfully.
06:05:14 INFO  : Successfully done setting XSCT server connection channel  
06:05:14 INFO  : Successfully done setting SDK workspace  
06:16:34 INFO  : Registering command handlers for SDK TCF services
06:16:35 INFO  : Launching XSCT server: xsct -n -interactive /home/petr/Projects/fpga/zedboard/wrk/ps_freertos_systems/sdk/temp_xsdb_launch_script.tcl
06:16:37 INFO  : XSCT server has started successfully.
06:16:37 INFO  : Successfully done setting XSCT server connection channel  
06:16:37 INFO  : Successfully done setting SDK workspace  
14:52:04 INFO  : Registering command handlers for SDK TCF services
14:52:05 INFO  : Launching XSCT server: xsct -n -interactive /home/petr/Projects/fpga/zedboard/wrk/ps_freertos_systems/sdk/temp_xsdb_launch_script.tcl
14:52:08 INFO  : XSCT server has started successfully.
14:52:08 INFO  : Successfully done setting XSCT server connection channel  
14:52:08 INFO  : Successfully done setting SDK workspace  
14:54:35 INFO  : Invoking Bootgen: bootgen -image zedboard_first.bif -arch zynq -o /home/petr/Projects/fpga/zedboard/wrk/ps_freertos_systems/sdk/zedboard_first/bootimage/BOOT.bin
14:54:35 INFO  : Creating new bif file /home/petr/Projects/fpga/zedboard/wrk/ps_freertos_systems/sdk/zedboard_first/bootimage/zedboard_first.bif
14:54:36 INFO  : Bootgen command execution is done.
