#-----------------------------------------------------------
# Vivado v2018.3 (64-bit)
# SW Build 2405991 on Thu Dec  6 23:36:41 MST 2018
# IP Build 2404404 on Fri Dec  7 01:43:56 MST 2018
# Start of session at: Fri Mar 29 17:28:27 2019
# Process ID: 1913
# Current directory: /home/petr/Projects/fpga/zedboard/wrk/Smart_JTAG_cable/rtl/vivado
# Command line: vivado
# Log file: /home/petr/Projects/fpga/zedboard/wrk/Smart_JTAG_cable/rtl/vivado/vivado.log
# Journal file: /home/petr/Projects/fpga/zedboard/wrk/Smart_JTAG_cable/rtl/vivado/vivado.jou
#-----------------------------------------------------------
start_gui
open_project /home/petr/Projects/fpga/zedboard/wrk/Smart_JTAG_cable/rtl/vivado/smart_jtag_cable.xpr
Scanning sources...
Finished scanning sources
INFO: [IP_Flow 19-234] Refreshing IP repositories
INFO: [IP_Flow 19-1704] No user IP repositories specified
INFO: [IP_Flow 19-2313] Loaded Vivado IP repository '/opt/Xilinx/Vivado/2018.3/data/ip'.
open_project: Time (s): cpu = 00:00:14 ; elapsed = 00:00:16 . Memory (MB): peak = 6468.727 ; gain = 153.191 ; free physical = 4924 ; free virtual = 8294
update_compile_order -fileset sources_1
open_run impl_1
INFO: [Netlist 29-17] Analyzing 28 Unisim elements for replacement
INFO: [Netlist 29-28] Unisim Transformation completed in 0 CPU seconds
INFO: [Project 1-479] Netlist was created with Vivado 2018.3
INFO: [Device 21-403] Loading part xc7z020clg484-1
INFO: [Project 1-570] Preparing netlist for logic optimization
INFO: [Timing 38-478] Restoring timing data from binary archive.
INFO: [Timing 38-479] Binary timing data restore complete.
INFO: [Project 1-856] Restoring constraints from binary archive.
INFO: [Project 1-853] Binary constraint restore complete.
Reading XDEF placement.
Reading placer database...
Reading XDEF routing.
Read XDEF File: Time (s): cpu = 00:00:00.22 ; elapsed = 00:00:00.29 . Memory (MB): peak = 7233.422 ; gain = 1.000 ; free physical = 4135 ; free virtual = 7604
Restored from archive | CPU: 0.220000 secs | Memory: 1.682884 MB |
Finished XDEF File Restore: Time (s): cpu = 00:00:00.22 ; elapsed = 00:00:00.29 . Memory (MB): peak = 7233.422 ; gain = 1.000 ; free physical = 4135 ; free virtual = 7604
Netlist sorting complete. Time (s): cpu = 00:00:00 ; elapsed = 00:00:00 . Memory (MB): peak = 7233.422 ; gain = 0.000 ; free physical = 4135 ; free virtual = 7604
INFO: [Project 1-111] Unisim Transformation Summary:
No Unisim elements were transformed.

WARNING: [Designutils 20-3303] unexpected site type 'IOPAD' in HDPYFinalizeIO
WARNING: [Designutils 20-3303] unexpected site type 'IOPAD' in HDPYFinalizeIO
WARNING: [Designutils 20-3303] unexpected site type 'IOPAD' in HDPYFinalizeIO
WARNING: [Designutils 20-3303] unexpected site type 'IOPAD' in HDPYFinalizeIO
WARNING: [Designutils 20-3303] unexpected site type 'IOPAD' in HDPYFinalizeIO
WARNING: [Designutils 20-3303] unexpected site type 'IOPAD' in HDPYFinalizeIO
WARNING: [Designutils 20-3303] unexpected site type 'IOPAD' in HDPYFinalizeIO
WARNING: [Designutils 20-3303] unexpected site type 'IOPAD' in HDPYFinalizeIO
WARNING: [Designutils 20-3303] unexpected site type 'IOPAD' in HDPYFinalizeIO
WARNING: [Designutils 20-3303] unexpected site type 'IOPAD' in HDPYFinalizeIO
WARNING: [Designutils 20-3303] unexpected site type 'IOPAD' in HDPYFinalizeIO
WARNING: [Designutils 20-3303] unexpected site type 'IOPAD' in HDPYFinalizeIO
WARNING: [Designutils 20-3303] unexpected site type 'IOPAD' in HDPYFinalizeIO
WARNING: [Designutils 20-3303] unexpected site type 'IOPAD' in HDPYFinalizeIO
WARNING: [Designutils 20-3303] unexpected site type 'IOPAD' in HDPYFinalizeIO
WARNING: [Designutils 20-3303] unexpected site type 'IOPAD' in HDPYFinalizeIO
WARNING: [Designutils 20-3303] unexpected site type 'IOPAD' in HDPYFinalizeIO
WARNING: [Designutils 20-3303] unexpected site type 'IOPAD' in HDPYFinalizeIO
WARNING: [Designutils 20-3303] unexpected site type 'IOPAD' in HDPYFinalizeIO
WARNING: [Designutils 20-3303] unexpected site type 'IOPAD' in HDPYFinalizeIO
WARNING: [Designutils 20-3303] unexpected site type 'IOPAD' in HDPYFinalizeIO
WARNING: [Designutils 20-3303] unexpected site type 'IOPAD' in HDPYFinalizeIO
WARNING: [Designutils 20-3303] unexpected site type 'IOPAD' in HDPYFinalizeIO
WARNING: [Designutils 20-3303] unexpected site type 'IOPAD' in HDPYFinalizeIO
WARNING: [Designutils 20-3303] unexpected site type 'IOPAD' in HDPYFinalizeIO
WARNING: [Designutils 20-3303] unexpected site type 'IOPAD' in HDPYFinalizeIO
WARNING: [Designutils 20-3303] unexpected site type 'IOPAD' in HDPYFinalizeIO
WARNING: [Designutils 20-3303] unexpected site type 'IOPAD' in HDPYFinalizeIO
WARNING: [Designutils 20-3303] unexpected site type 'IOPAD' in HDPYFinalizeIO
WARNING: [Designutils 20-3303] unexpected site type 'IOPAD' in HDPYFinalizeIO
WARNING: [Designutils 20-3303] unexpected site type 'IOPAD' in HDPYFinalizeIO
WARNING: [Designutils 20-3303] unexpected site type 'IOPAD' in HDPYFinalizeIO
WARNING: [Designutils 20-3303] unexpected site type 'IOPAD' in HDPYFinalizeIO
WARNING: [Designutils 20-3303] unexpected site type 'IOPAD' in HDPYFinalizeIO
WARNING: [Designutils 20-3303] unexpected site type 'IOPAD' in HDPYFinalizeIO
WARNING: [Designutils 20-3303] unexpected site type 'IOPAD' in HDPYFinalizeIO
WARNING: [Designutils 20-3303] unexpected site type 'IOPAD' in HDPYFinalizeIO
WARNING: [Designutils 20-3303] unexpected site type 'IOPAD' in HDPYFinalizeIO
WARNING: [Designutils 20-3303] unexpected site type 'IOPAD' in HDPYFinalizeIO
WARNING: [Designutils 20-3303] unexpected site type 'IOPAD' in HDPYFinalizeIO
WARNING: [Designutils 20-3303] unexpected site type 'IOPAD' in HDPYFinalizeIO
WARNING: [Designutils 20-3303] unexpected site type 'IOPAD' in HDPYFinalizeIO
WARNING: [Designutils 20-3303] unexpected site type 'IOPAD' in HDPYFinalizeIO
WARNING: [Designutils 20-3303] unexpected site type 'IOPAD' in HDPYFinalizeIO
WARNING: [Designutils 20-3303] unexpected site type 'IOPAD' in HDPYFinalizeIO
WARNING: [Designutils 20-3303] unexpected site type 'IOPAD' in HDPYFinalizeIO
WARNING: [Designutils 20-3303] unexpected site type 'IOPAD' in HDPYFinalizeIO
WARNING: [Designutils 20-3303] unexpected site type 'IOPAD' in HDPYFinalizeIO
WARNING: [Designutils 20-3303] unexpected site type 'IOPAD' in HDPYFinalizeIO
WARNING: [Designutils 20-3303] unexpected site type 'IOPAD' in HDPYFinalizeIO
WARNING: [Designutils 20-3303] unexpected site type 'IOPAD' in HDPYFinalizeIO
WARNING: [Designutils 20-3303] unexpected site type 'IOPAD' in HDPYFinalizeIO
WARNING: [Designutils 20-3303] unexpected site type 'IOPAD' in HDPYFinalizeIO
WARNING: [Designutils 20-3303] unexpected site type 'IOPAD' in HDPYFinalizeIO
WARNING: [Designutils 20-3303] unexpected site type 'IOPAD' in HDPYFinalizeIO
WARNING: [Designutils 20-3303] unexpected site type 'IOPAD' in HDPYFinalizeIO
WARNING: [Designutils 20-3303] unexpected site type 'IOPAD' in HDPYFinalizeIO
WARNING: [Designutils 20-3303] unexpected site type 'IOPAD' in HDPYFinalizeIO
WARNING: [Designutils 20-3303] unexpected site type 'IOPAD' in HDPYFinalizeIO
WARNING: [Designutils 20-3303] unexpected site type 'IOPAD' in HDPYFinalizeIO
WARNING: [Designutils 20-3303] unexpected site type 'IOPAD' in HDPYFinalizeIO
WARNING: [Designutils 20-3303] unexpected site type 'IOPAD' in HDPYFinalizeIO
WARNING: [Designutils 20-3303] unexpected site type 'IOPAD' in HDPYFinalizeIO
WARNING: [Designutils 20-3303] unexpected site type 'IOPAD' in HDPYFinalizeIO
WARNING: [Designutils 20-3303] unexpected site type 'IOPAD' in HDPYFinalizeIO
WARNING: [Designutils 20-3303] unexpected site type 'IOPAD' in HDPYFinalizeIO
WARNING: [Designutils 20-3303] unexpected site type 'IOPAD' in HDPYFinalizeIO
WARNING: [Designutils 20-3303] unexpected site type 'IOPAD' in HDPYFinalizeIO
WARNING: [Designutils 20-3303] unexpected site type 'IOPAD' in HDPYFinalizeIO
WARNING: [Designutils 20-3303] unexpected site type 'IOPAD' in HDPYFinalizeIO
WARNING: [Designutils 20-3303] unexpected site type 'IOPAD' in HDPYFinalizeIO
WARNING: [Designutils 20-3303] unexpected site type 'IOPAD' in HDPYFinalizeIO
WARNING: [Designutils 20-3303] unexpected site type 'IOPAD' in HDPYFinalizeIO
WARNING: [Designutils 20-3303] unexpected site type 'IOPAD' in HDPYFinalizeIO
WARNING: [Designutils 20-3303] unexpected site type 'IOPAD' in HDPYFinalizeIO
WARNING: [Designutils 20-3303] unexpected site type 'IOPAD' in HDPYFinalizeIO
WARNING: [Designutils 20-3303] unexpected site type 'IOPAD' in HDPYFinalizeIO
WARNING: [Designutils 20-3303] unexpected site type 'IOPAD' in HDPYFinalizeIO
WARNING: [Designutils 20-3303] unexpected site type 'IOPAD' in HDPYFinalizeIO
WARNING: [Designutils 20-3303] unexpected site type 'IOPAD' in HDPYFinalizeIO
WARNING: [Designutils 20-3303] unexpected site type 'IOPAD' in HDPYFinalizeIO
WARNING: [Designutils 20-3303] unexpected site type 'IOPAD' in HDPYFinalizeIO
WARNING: [Designutils 20-3303] unexpected site type 'IOPAD' in HDPYFinalizeIO
WARNING: [Designutils 20-3303] unexpected site type 'IOPAD' in HDPYFinalizeIO
WARNING: [Designutils 20-3303] unexpected site type 'IOPAD' in HDPYFinalizeIO
WARNING: [Designutils 20-3303] unexpected site type 'IOPAD' in HDPYFinalizeIO
WARNING: [Designutils 20-3303] unexpected site type 'IOPAD' in HDPYFinalizeIO
WARNING: [Designutils 20-3303] unexpected site type 'IOPAD' in HDPYFinalizeIO
WARNING: [Designutils 20-3303] unexpected site type 'IOPAD' in HDPYFinalizeIO
WARNING: [Designutils 20-3303] unexpected site type 'IOPAD' in HDPYFinalizeIO
WARNING: [Designutils 20-3303] unexpected site type 'IOPAD' in HDPYFinalizeIO
WARNING: [Designutils 20-3303] unexpected site type 'IOPAD' in HDPYFinalizeIO
WARNING: [Designutils 20-3303] unexpected site type 'IOPAD' in HDPYFinalizeIO
WARNING: [Designutils 20-3303] unexpected site type 'IOPAD' in HDPYFinalizeIO
WARNING: [Designutils 20-3303] unexpected site type 'IOPAD' in HDPYFinalizeIO
WARNING: [Designutils 20-3303] unexpected site type 'IOPAD' in HDPYFinalizeIO
WARNING: [Designutils 20-3303] unexpected site type 'IOPAD' in HDPYFinalizeIO
WARNING: [Designutils 20-3303] unexpected site type 'IOPAD' in HDPYFinalizeIO
WARNING: [Designutils 20-3303] unexpected site type 'IOPAD' in HDPYFinalizeIO
WARNING: [Designutils 20-3303] unexpected site type 'IOPAD' in HDPYFinalizeIO
INFO: [Common 17-14] Message 'Designutils 20-3303' appears 100 times and further instances of the messages will be disabled. Use the Tcl command set_msg_config to change the current settings.
open_run: Time (s): cpu = 00:00:22 ; elapsed = 00:00:19 . Memory (MB): peak = 7405.145 ; gain = 839.668 ; free physical = 3946 ; free virtual = 7435
close_design
open_bd_design {/home/petr/Projects/fpga/zedboard/wrk/Smart_JTAG_cable/rtl/src/ip/p_system/p_system.bd}
Adding cell -- xilinx.com:ip:processing_system7:5.5 - processing_system7_0
Adding cell -- xilinx.com:module_ref:jtag_cable_comm:1.0 - jtag_cable_comm_0
Adding cell -- xilinx.com:ip:axi_interconnect:2.1 - ps7_0_axi_periph
Adding cell -- xilinx.com:ip:axi_protocol_converter:2.1 - auto_pc
Adding cell -- xilinx.com:ip:proc_sys_reset:5.0 - rst_ps7_0_100M
Successfully read diagram <p_system> from BD file </home/petr/Projects/fpga/zedboard/wrk/Smart_JTAG_cable/rtl/src/ip/p_system/p_system.bd>
open_bd_design: Time (s): cpu = 00:00:07 ; elapsed = 00:00:06 . Memory (MB): peak = 7490.422 ; gain = 0.000 ; free physical = 3761 ; free virtual = 7315
close_bd_design [get_bd_designs p_system]
export_ip_user_files -of_objects  [get_files /home/petr/Projects/fpga/zedboard/wrk/Smart_JTAG_cable/rtl/src/hdl/jtag_engine.vhd] -no_script -reset -force -quiet
remove_files  /home/petr/Projects/fpga/zedboard/wrk/Smart_JTAG_cable/rtl/src/hdl/jtag_engine.vhd
add_files -norecurse /home/petr/Projects/fpga/zedboard/wrk/Smart_JTAG_cable/rtl/src/hdl/jtag_engine.v
update_compile_order -fileset sources_1
update_module_reference p_system_jtag_cable_comm_0_0
INFO: [IP_Flow 19-5107] Inferred bus interface 's_axi' of definition 'xilinx.com:interface:aximm:1.0' (from Xilinx Repository).
INFO: [IP_Flow 19-5107] Inferred bus interface 's_axi_aresetn' of definition 'xilinx.com:signal:reset:1.0' (from Xilinx Repository).
INFO: [IP_Flow 19-5107] Inferred bus interface 's_axi_aclk' of definition 'xilinx.com:signal:clock:1.0' (from Xilinx Repository).
INFO: [IP_Flow 19-4728] Bus Interface 's_axi_aresetn': Added interface parameter 'POLARITY' with value 'ACTIVE_LOW'.
INFO: [IP_Flow 19-4728] Bus Interface 's_axi_aclk': Added interface parameter 'ASSOCIATED_BUSIF' with value 's_axi'.
INFO: [IP_Flow 19-4728] Bus Interface 's_axi_aclk': Added interface parameter 'ASSOCIATED_RESET' with value 's_axi_aresetn'.
INFO: [IP_Flow 19-234] Refreshing IP repositories
INFO: [IP_Flow 19-1704] No user IP repositories specified
Adding cell -- xilinx.com:ip:processing_system7:5.5 - processing_system7_0
Adding cell -- xilinx.com:module_ref:jtag_cable_comm:1.0 - jtag_cable_comm_0
Adding cell -- xilinx.com:ip:axi_interconnect:2.1 - ps7_0_axi_periph
Adding cell -- xilinx.com:ip:axi_protocol_converter:2.1 - auto_pc
Adding cell -- xilinx.com:ip:proc_sys_reset:5.0 - rst_ps7_0_100M
Successfully read diagram <p_system> from BD file </home/petr/Projects/fpga/zedboard/wrk/Smart_JTAG_cable/rtl/src/ip/p_system/p_system.bd>
Upgrading '/home/petr/Projects/fpga/zedboard/wrk/Smart_JTAG_cable/rtl/src/ip/p_system/p_system.bd'
INFO: [IP_Flow 19-1972] Upgraded p_system_jtag_cable_comm_0_0 from jtag_cable_comm_v1_0 1.0 to jtag_cable_comm_v1_0 1.0
Wrote  : </home/petr/Projects/fpga/zedboard/wrk/Smart_JTAG_cable/rtl/src/ip/p_system/p_system.bd> 
validate_bd_design
WARNING: [BD 41-927] Following properties on pin /jtag_cable_comm_0/s_axi_aclk have been updated from connected ip. They may not be synchronized with cell properties. You can set property on pin directly to confirm the value and resolve the warning.
	CLK_DOMAIN=p_system_processing_system7_0_0_FCLK_CLK0 
save_bd_design
Wrote  : </home/petr/Projects/fpga/zedboard/wrk/Smart_JTAG_cable/rtl/src/ip/p_system/p_system.bd> 
close_bd_design [get_bd_designs p_system]
reset_target all [get_files  /home/petr/Projects/fpga/zedboard/wrk/Smart_JTAG_cable/rtl/src/ip/p_system/p_system.bd]
export_ip_user_files -of_objects  [get_files  /home/petr/Projects/fpga/zedboard/wrk/Smart_JTAG_cable/rtl/src/ip/p_system/p_system.bd] -sync -no_script -force -quiet
generate_target all [get_files  /home/petr/Projects/fpga/zedboard/wrk/Smart_JTAG_cable/rtl/src/ip/p_system/p_system.bd]
INFO: [BD 41-1662] The design 'p_system.bd' is already validated. Therefore parameter propagation will not be re-run.
VHDL Output written to : /home/petr/Projects/fpga/zedboard/wrk/Smart_JTAG_cable/rtl/src/ip/p_system/synth/p_system.vhd
VHDL Output written to : /home/petr/Projects/fpga/zedboard/wrk/Smart_JTAG_cable/rtl/src/ip/p_system/sim/p_system.vhd
VHDL Output written to : /home/petr/Projects/fpga/zedboard/wrk/Smart_JTAG_cable/rtl/src/ip/p_system/hdl/p_system_wrapper.vhd
WARNING: [IP_Flow 19-5160] IP 'p_system_processing_system7_0_0' detected simulation language mismatch. Simulation type 'rtl' does not support 'VHDL' outputs (see project's "simulator_language" property), delivering 'Any Language' outputs instead.
WARNING: [IP_Flow 19-5160] IP 'p_system_processing_system7_0_0' detected simulation language mismatch. Simulation type 'tlm_dpi' does not support 'VHDL' outputs (see project's "simulator_language" property), delivering 'Any Language' outputs instead.
INFO: [BD 41-1029] Generation completed for the IP Integrator block processing_system7_0 .
INFO: [BD 41-1029] Generation completed for the IP Integrator block jtag_cable_comm_0 .
INFO: [BD 41-1029] Generation completed for the IP Integrator block rst_ps7_0_100M .
WARNING: [IP_Flow 19-4994] Overwriting existing constraint file '/home/petr/Projects/fpga/zedboard/wrk/Smart_JTAG_cable/rtl/src/ip/p_system/ip/p_system_auto_pc_0/p_system_auto_pc_0_ooc.xdc'
INFO: [BD 41-1029] Generation completed for the IP Integrator block ps7_0_axi_periph/s00_couplers/auto_pc .
Exporting to file /home/petr/Projects/fpga/zedboard/wrk/Smart_JTAG_cable/rtl/src/ip/p_system/hw_handoff/p_system.hwh
Generated Block Design Tcl file /home/petr/Projects/fpga/zedboard/wrk/Smart_JTAG_cable/rtl/src/ip/p_system/hw_handoff/p_system_bd.tcl
Generated Hardware Definition File /home/petr/Projects/fpga/zedboard/wrk/Smart_JTAG_cable/rtl/src/ip/p_system/synth/p_system.hwdef
generate_target: Time (s): cpu = 00:00:16 ; elapsed = 00:00:16 . Memory (MB): peak = 7673.512 ; gain = 0.000 ; free physical = 3631 ; free virtual = 7251
catch { config_ip_cache -export [get_ips -all p_system_processing_system7_0_0] }
INFO: [IP_Flow 19-4993] Using cached IP synthesis design for IP p_system_processing_system7_0_0, cache-ID = 6ba329b791d3d62f; cache size = 1.900 MB.
catch { config_ip_cache -export [get_ips -all p_system_rst_ps7_0_100M_0] }
INFO: [IP_Flow 19-4993] Using cached IP synthesis design for IP p_system_rst_ps7_0_100M_0, cache-ID = 414a1beca267105e; cache size = 1.900 MB.
catch { config_ip_cache -export [get_ips -all p_system_auto_pc_0] }
INFO: [IP_Flow 19-4993] Using cached IP synthesis design for IP p_system_auto_pc_0, cache-ID = 60c523c682fd8ebf; cache size = 1.900 MB.
export_ip_user_files -of_objects [get_files /home/petr/Projects/fpga/zedboard/wrk/Smart_JTAG_cable/rtl/src/ip/p_system/p_system.bd] -no_script -sync -force -quiet
create_ip_run [get_files -of_objects [get_fileset sources_1] /home/petr/Projects/fpga/zedboard/wrk/Smart_JTAG_cable/rtl/src/ip/p_system/p_system.bd]
launch_runs -jobs 4 p_system_jtag_cable_comm_0_0_synth_1
[Fri Mar 29 17:45:46 2019] Launched p_system_jtag_cable_comm_0_0_synth_1...
Run output will be captured here: /home/petr/Projects/fpga/zedboard/wrk/Smart_JTAG_cable/rtl/vivado/smart_jtag_cable.runs/p_system_jtag_cable_comm_0_0_synth_1/runme.log
export_simulation -of_objects [get_files /home/petr/Projects/fpga/zedboard/wrk/Smart_JTAG_cable/rtl/src/ip/p_system/p_system.bd] -directory /home/petr/Projects/fpga/zedboard/wrk/Smart_JTAG_cable/rtl/vivado/smart_jtag_cable.ip_user_files/sim_scripts -ip_user_files_dir /home/petr/Projects/fpga/zedboard/wrk/Smart_JTAG_cable/rtl/vivado/smart_jtag_cable.ip_user_files -ipstatic_source_dir /home/petr/Projects/fpga/zedboard/wrk/Smart_JTAG_cable/rtl/vivado/smart_jtag_cable.ip_user_files/ipstatic -lib_map_path [list {modelsim=/home/petr/Projects/fpga/zedboard/wrk/Smart_JTAG_cable/rtl/vivado/smart_jtag_cable.cache/compile_simlib/modelsim} {questa=/home/petr/Projects/fpga/zedboard/wrk/Smart_JTAG_cable/rtl/vivado/smart_jtag_cable.cache/compile_simlib/questa} {ies=/home/petr/Projects/fpga/zedboard/wrk/Smart_JTAG_cable/rtl/vivado/smart_jtag_cable.cache/compile_simlib/ies} {xcelium=/home/petr/Projects/fpga/zedboard/wrk/Smart_JTAG_cable/rtl/vivado/smart_jtag_cable.cache/compile_simlib/xcelium} {vcs=/home/petr/Projects/fpga/zedboard/wrk/Smart_JTAG_cable/rtl/vivado/smart_jtag_cable.cache/compile_simlib/vcs} {riviera=/home/petr/Projects/fpga/zedboard/wrk/Smart_JTAG_cable/rtl/vivado/smart_jtag_cable.cache/compile_simlib/riviera}] -use_ip_compiled_libs -force -quiet
reset_run synth_1
launch_runs impl_1 -jobs 4
[Fri Mar 29 17:46:32 2019] Launched synth_1...
Run output will be captured here: /home/petr/Projects/fpga/zedboard/wrk/Smart_JTAG_cable/rtl/vivado/smart_jtag_cable.runs/synth_1/runme.log
[Fri Mar 29 17:46:32 2019] Launched impl_1...
Run output will be captured here: /home/petr/Projects/fpga/zedboard/wrk/Smart_JTAG_cable/rtl/vivado/smart_jtag_cable.runs/impl_1/runme.log
open_run impl_1
INFO: [Netlist 29-17] Analyzing 20 Unisim elements for replacement
INFO: [Netlist 29-28] Unisim Transformation completed in 0 CPU seconds
INFO: [Project 1-479] Netlist was created with Vivado 2018.3
INFO: [Project 1-570] Preparing netlist for logic optimization
INFO: [Timing 38-478] Restoring timing data from binary archive.
INFO: [Timing 38-479] Binary timing data restore complete.
INFO: [Project 1-856] Restoring constraints from binary archive.
INFO: [Project 1-853] Binary constraint restore complete.
Reading XDEF placement.
Reading placer database...
Reading XDEF routing.
Read XDEF File: Time (s): cpu = 00:00:00.21 ; elapsed = 00:00:00.20 . Memory (MB): peak = 7806.453 ; gain = 1.000 ; free physical = 3387 ; free virtual = 7077
Restored from archive | CPU: 0.220000 secs | Memory: 1.736786 MB |
Finished XDEF File Restore: Time (s): cpu = 00:00:00.21 ; elapsed = 00:00:00.20 . Memory (MB): peak = 7806.453 ; gain = 1.000 ; free physical = 3387 ; free virtual = 7077
Netlist sorting complete. Time (s): cpu = 00:00:00 ; elapsed = 00:00:00 . Memory (MB): peak = 7806.453 ; gain = 0.000 ; free physical = 3387 ; free virtual = 7078
INFO: [Project 1-111] Unisim Transformation Summary:
No Unisim elements were transformed.

WARNING: [Designutils 20-3303] unexpected site type 'IOPAD' in HDPYFinalizeIO
WARNING: [Designutils 20-3303] unexpected site type 'IOPAD' in HDPYFinalizeIO
WARNING: [Designutils 20-3303] unexpected site type 'IOPAD' in HDPYFinalizeIO
WARNING: [Designutils 20-3303] unexpected site type 'IOPAD' in HDPYFinalizeIO
WARNING: [Designutils 20-3303] unexpected site type 'IOPAD' in HDPYFinalizeIO
WARNING: [Designutils 20-3303] unexpected site type 'IOPAD' in HDPYFinalizeIO
WARNING: [Designutils 20-3303] unexpected site type 'IOPAD' in HDPYFinalizeIO
WARNING: [Designutils 20-3303] unexpected site type 'IOPAD' in HDPYFinalizeIO
WARNING: [Designutils 20-3303] unexpected site type 'IOPAD' in HDPYFinalizeIO
WARNING: [Designutils 20-3303] unexpected site type 'IOPAD' in HDPYFinalizeIO
WARNING: [Designutils 20-3303] unexpected site type 'IOPAD' in HDPYFinalizeIO
WARNING: [Designutils 20-3303] unexpected site type 'IOPAD' in HDPYFinalizeIO
WARNING: [Designutils 20-3303] unexpected site type 'IOPAD' in HDPYFinalizeIO
WARNING: [Designutils 20-3303] unexpected site type 'IOPAD' in HDPYFinalizeIO
WARNING: [Designutils 20-3303] unexpected site type 'IOPAD' in HDPYFinalizeIO
WARNING: [Designutils 20-3303] unexpected site type 'IOPAD' in HDPYFinalizeIO
WARNING: [Designutils 20-3303] unexpected site type 'IOPAD' in HDPYFinalizeIO
WARNING: [Designutils 20-3303] unexpected site type 'IOPAD' in HDPYFinalizeIO
WARNING: [Designutils 20-3303] unexpected site type 'IOPAD' in HDPYFinalizeIO
WARNING: [Designutils 20-3303] unexpected site type 'IOPAD' in HDPYFinalizeIO
WARNING: [Designutils 20-3303] unexpected site type 'IOPAD' in HDPYFinalizeIO
WARNING: [Designutils 20-3303] unexpected site type 'IOPAD' in HDPYFinalizeIO
WARNING: [Designutils 20-3303] unexpected site type 'IOPAD' in HDPYFinalizeIO
WARNING: [Designutils 20-3303] unexpected site type 'IOPAD' in HDPYFinalizeIO
WARNING: [Designutils 20-3303] unexpected site type 'IOPAD' in HDPYFinalizeIO
WARNING: [Designutils 20-3303] unexpected site type 'IOPAD' in HDPYFinalizeIO
WARNING: [Designutils 20-3303] unexpected site type 'IOPAD' in HDPYFinalizeIO
WARNING: [Designutils 20-3303] unexpected site type 'IOPAD' in HDPYFinalizeIO
WARNING: [Designutils 20-3303] unexpected site type 'IOPAD' in HDPYFinalizeIO
WARNING: [Designutils 20-3303] unexpected site type 'IOPAD' in HDPYFinalizeIO
WARNING: [Designutils 20-3303] unexpected site type 'IOPAD' in HDPYFinalizeIO
WARNING: [Designutils 20-3303] unexpected site type 'IOPAD' in HDPYFinalizeIO
WARNING: [Designutils 20-3303] unexpected site type 'IOPAD' in HDPYFinalizeIO
WARNING: [Designutils 20-3303] unexpected site type 'IOPAD' in HDPYFinalizeIO
WARNING: [Designutils 20-3303] unexpected site type 'IOPAD' in HDPYFinalizeIO
WARNING: [Designutils 20-3303] unexpected site type 'IOPAD' in HDPYFinalizeIO
WARNING: [Designutils 20-3303] unexpected site type 'IOPAD' in HDPYFinalizeIO
WARNING: [Designutils 20-3303] unexpected site type 'IOPAD' in HDPYFinalizeIO
WARNING: [Designutils 20-3303] unexpected site type 'IOPAD' in HDPYFinalizeIO
WARNING: [Designutils 20-3303] unexpected site type 'IOPAD' in HDPYFinalizeIO
WARNING: [Designutils 20-3303] unexpected site type 'IOPAD' in HDPYFinalizeIO
WARNING: [Designutils 20-3303] unexpected site type 'IOPAD' in HDPYFinalizeIO
WARNING: [Designutils 20-3303] unexpected site type 'IOPAD' in HDPYFinalizeIO
WARNING: [Designutils 20-3303] unexpected site type 'IOPAD' in HDPYFinalizeIO
WARNING: [Designutils 20-3303] unexpected site type 'IOPAD' in HDPYFinalizeIO
WARNING: [Designutils 20-3303] unexpected site type 'IOPAD' in HDPYFinalizeIO
WARNING: [Designutils 20-3303] unexpected site type 'IOPAD' in HDPYFinalizeIO
WARNING: [Designutils 20-3303] unexpected site type 'IOPAD' in HDPYFinalizeIO
WARNING: [Designutils 20-3303] unexpected site type 'IOPAD' in HDPYFinalizeIO
WARNING: [Designutils 20-3303] unexpected site type 'IOPAD' in HDPYFinalizeIO
WARNING: [Designutils 20-3303] unexpected site type 'IOPAD' in HDPYFinalizeIO
WARNING: [Designutils 20-3303] unexpected site type 'IOPAD' in HDPYFinalizeIO
WARNING: [Designutils 20-3303] unexpected site type 'IOPAD' in HDPYFinalizeIO
WARNING: [Designutils 20-3303] unexpected site type 'IOPAD' in HDPYFinalizeIO
WARNING: [Designutils 20-3303] unexpected site type 'IOPAD' in HDPYFinalizeIO
WARNING: [Designutils 20-3303] unexpected site type 'IOPAD' in HDPYFinalizeIO
WARNING: [Designutils 20-3303] unexpected site type 'IOPAD' in HDPYFinalizeIO
WARNING: [Designutils 20-3303] unexpected site type 'IOPAD' in HDPYFinalizeIO
WARNING: [Designutils 20-3303] unexpected site type 'IOPAD' in HDPYFinalizeIO
WARNING: [Designutils 20-3303] unexpected site type 'IOPAD' in HDPYFinalizeIO
WARNING: [Designutils 20-3303] unexpected site type 'IOPAD' in HDPYFinalizeIO
WARNING: [Designutils 20-3303] unexpected site type 'IOPAD' in HDPYFinalizeIO
WARNING: [Designutils 20-3303] unexpected site type 'IOPAD' in HDPYFinalizeIO
WARNING: [Designutils 20-3303] unexpected site type 'IOPAD' in HDPYFinalizeIO
WARNING: [Designutils 20-3303] unexpected site type 'IOPAD' in HDPYFinalizeIO
WARNING: [Designutils 20-3303] unexpected site type 'IOPAD' in HDPYFinalizeIO
WARNING: [Designutils 20-3303] unexpected site type 'IOPAD' in HDPYFinalizeIO
WARNING: [Designutils 20-3303] unexpected site type 'IOPAD' in HDPYFinalizeIO
WARNING: [Designutils 20-3303] unexpected site type 'IOPAD' in HDPYFinalizeIO
WARNING: [Designutils 20-3303] unexpected site type 'IOPAD' in HDPYFinalizeIO
WARNING: [Designutils 20-3303] unexpected site type 'IOPAD' in HDPYFinalizeIO
WARNING: [Designutils 20-3303] unexpected site type 'IOPAD' in HDPYFinalizeIO
WARNING: [Designutils 20-3303] unexpected site type 'IOPAD' in HDPYFinalizeIO
WARNING: [Designutils 20-3303] unexpected site type 'IOPAD' in HDPYFinalizeIO
WARNING: [Designutils 20-3303] unexpected site type 'IOPAD' in HDPYFinalizeIO
WARNING: [Designutils 20-3303] unexpected site type 'IOPAD' in HDPYFinalizeIO
WARNING: [Designutils 20-3303] unexpected site type 'IOPAD' in HDPYFinalizeIO
WARNING: [Designutils 20-3303] unexpected site type 'IOPAD' in HDPYFinalizeIO
WARNING: [Designutils 20-3303] unexpected site type 'IOPAD' in HDPYFinalizeIO
WARNING: [Designutils 20-3303] unexpected site type 'IOPAD' in HDPYFinalizeIO
WARNING: [Designutils 20-3303] unexpected site type 'IOPAD' in HDPYFinalizeIO
WARNING: [Designutils 20-3303] unexpected site type 'IOPAD' in HDPYFinalizeIO
WARNING: [Designutils 20-3303] unexpected site type 'IOPAD' in HDPYFinalizeIO
WARNING: [Designutils 20-3303] unexpected site type 'IOPAD' in HDPYFinalizeIO
WARNING: [Designutils 20-3303] unexpected site type 'IOPAD' in HDPYFinalizeIO
WARNING: [Designutils 20-3303] unexpected site type 'IOPAD' in HDPYFinalizeIO
WARNING: [Designutils 20-3303] unexpected site type 'IOPAD' in HDPYFinalizeIO
WARNING: [Designutils 20-3303] unexpected site type 'IOPAD' in HDPYFinalizeIO
WARNING: [Designutils 20-3303] unexpected site type 'IOPAD' in HDPYFinalizeIO
WARNING: [Designutils 20-3303] unexpected site type 'IOPAD' in HDPYFinalizeIO
WARNING: [Designutils 20-3303] unexpected site type 'IOPAD' in HDPYFinalizeIO
WARNING: [Designutils 20-3303] unexpected site type 'IOPAD' in HDPYFinalizeIO
WARNING: [Designutils 20-3303] unexpected site type 'IOPAD' in HDPYFinalizeIO
WARNING: [Designutils 20-3303] unexpected site type 'IOPAD' in HDPYFinalizeIO
WARNING: [Designutils 20-3303] unexpected site type 'IOPAD' in HDPYFinalizeIO
WARNING: [Designutils 20-3303] unexpected site type 'IOPAD' in HDPYFinalizeIO
WARNING: [Designutils 20-3303] unexpected site type 'IOPAD' in HDPYFinalizeIO
WARNING: [Designutils 20-3303] unexpected site type 'IOPAD' in HDPYFinalizeIO
WARNING: [Designutils 20-3303] unexpected site type 'IOPAD' in HDPYFinalizeIO
WARNING: [Designutils 20-3303] unexpected site type 'IOPAD' in HDPYFinalizeIO
INFO: [Common 17-14] Message 'Designutils 20-3303' appears 100 times and further instances of the messages will be disabled. Use the Tcl command set_msg_config to change the current settings.
CRITICAL WARNING: [Chipscope 16-3] Cannot debug net 'jtag_tck'; it is not accessible from the fabric routing.
CRITICAL WARNING: [Chipscope 16-3] Cannot debug net 'jtag_tdi'; it is not accessible from the fabric routing.
CRITICAL WARNING: [Chipscope 16-3] Cannot debug net 'jtag_tms'; it is not accessible from the fabric routing.
close_design
launch_runs impl_1 -to_step write_bitstream -jobs 4
[Fri Mar 29 17:53:19 2019] Launched impl_1...
Run output will be captured here: /home/petr/Projects/fpga/zedboard/wrk/Smart_JTAG_cable/rtl/vivado/smart_jtag_cable.runs/impl_1/runme.log
file mkdir /home/petr/Projects/fpga/zedboard/wrk/Smart_JTAG_cable/rtl/vivado/smart_jtag_cable.sdk
file copy -force /home/petr/Projects/fpga/zedboard/wrk/Smart_JTAG_cable/rtl/vivado/smart_jtag_cable.runs/impl_1/top_module.sysdef /home/petr/Projects/fpga/zedboard/wrk/Smart_JTAG_cable/sdk/top_module.hdf

launch_sdk -workspace /home/petr/Projects/fpga/zedboard/wrk/Smart_JTAG_cable/sdk -hwspec /home/petr/Projects/fpga/zedboard/wrk/Smart_JTAG_cable/sdk/top_module.hdf
INFO: [Vivado 12-393] Launching SDK...
INFO: [Vivado 12-417] Running xsdk -workspace /home/petr/Projects/fpga/zedboard/wrk/Smart_JTAG_cable/sdk -hwspec /home/petr/Projects/fpga/zedboard/wrk/Smart_JTAG_cable/sdk/top_module.hdf
INFO: [Vivado 12-3157] SDK launch initiated. Please check console for any further messages.
exit
INFO: [Common 17-206] Exiting Vivado at Fri Mar 29 19:15:49 2019...
