#-----------------------------------------------------------
# Webtalk v2018.3 (64-bit)
# SW Build 2405991 on Thu Dec  6 23:36:41 MST 2018
# 
# Start of session at: Mon Apr  8 09:38:02 2019
# Process ID: 27698
# Current directory: /home/petr/Projects/fpga_edu/zedboard/wrk/ps_freertos_systems/sw/webtalk
# Command line: wbtcv -mode batch -source sdk_webtalk.tcl
# Log file: /home/petr/Projects/fpga_edu/zedboard/wrk/ps_freertos_systems/sw/webtalk/webtalk.log
# Journal file: /home/petr/Projects/fpga_edu/zedboard/wrk/ps_freertos_systems/sw/webtalk/webtalk.jou
#-----------------------------------------------------------
source sdk_webtalk.tcl
# webtalk_init -webtalk_dir /home/petr/Projects/fpga_edu/zedboard/wrk/ps_freertos_systems/sw/webtalk
# webtalk_register_client -client project
# webtalk_add_data -client project -key date_generated -value "2019-04-08 09:38:01" -context "software_version_and_target_device"
# webtalk_add_data -client project -key product_version -value "SDK v2018.3" -context "software_version_and_target_device"
# webtalk_add_data -client project -key build_version -value "2018.3" -context "software_version_and_target_device"
# webtalk_add_data -client project -key os_platform -value "amd64" -context "software_version_and_target_device"
# webtalk_add_data -client project -key registration_id -value "211317514_1777524756_210686428_848" -context "software_version_and_target_device"
# webtalk_add_data -client project -key tool_flow -value "SDK" -context "software_version_and_target_device"
# webtalk_add_data -client project -key beta -value "false" -context "software_version_and_target_device"
# webtalk_add_data -client project -key route_design -value "NA" -context "software_version_and_target_device"
# webtalk_add_data -client project -key target_family -value "NA" -context "software_version_and_target_device"
# webtalk_add_data -client project -key target_device -value "NA" -context "software_version_and_target_device"
# webtalk_add_data -client project -key target_package -value "NA" -context "software_version_and_target_device"
# webtalk_add_data -client project -key target_speed -value "NA" -context "software_version_and_target_device"
# webtalk_add_data -client project -key random_id -value "ontbnlbq1b28s0fghm5umknbve" -context "software_version_and_target_device"
# webtalk_add_data -client project -key project_id -value "2018.3_1" -context "software_version_and_target_device"
# webtalk_add_data -client project -key project_iteration -value "1" -context "software_version_and_target_device"
# webtalk_add_data -client project -key os_name -value "RedHatEnterpriseServer" -context "user_environment"
# webtalk_add_data -client project -key os_release -value "Red Hat Enterprise Linux Server release 7.6 (Maipo)" -context "user_environment"
# webtalk_add_data -client project -key cpu_name -value "Intel(R) Xeon(R) CPU E5-1607 v3 @ 3.10GHz" -context "user_environment"
# webtalk_add_data -client project -key cpu_speed -value "2899.438 MHz" -context "user_environment"
# webtalk_add_data -client project -key total_processors -value "1" -context "user_environment"
# webtalk_add_data -client project -key system_ram -value "8.123 GB" -context "user_environment"
# webtalk_register_client -client sdk
# webtalk_add_data -client sdk -key uid -value "1554648201000" -context "sdk\\\\hardware/1554648201000"
# webtalk_add_data -client sdk -key isZynq -value "true" -context "sdk\\\\hardware/1554648201000"
# webtalk_add_data -client sdk -key isZynqMP -value "false" -context "sdk\\\\hardware/1554648201000"
# webtalk_add_data -client sdk -key Processors -value "2" -context "sdk\\\\hardware/1554648201000"
# webtalk_add_data -client sdk -key VivadoVersion -value "2018.3" -context "sdk\\\\hardware/1554648201000"
# webtalk_add_data -client sdk -key Arch -value "zynq" -context "sdk\\\\hardware/1554648201000"
# webtalk_add_data -client sdk -key Device -value "7z020" -context "sdk\\\\hardware/1554648201000"
# webtalk_add_data -client sdk -key IsHandoff -value "true" -context "sdk\\\\hardware/1554648201000"
# webtalk_add_data -client sdk -key os -value "NA" -context "sdk\\\\hardware/1554648201000"
# webtalk_add_data -client sdk -key apptemplate -value "NA" -context "sdk\\\\hardware/1554648201000"
# webtalk_add_data -client sdk -key RecordType -value "HWCreation" -context "sdk\\\\hardware/1554648201000"
# webtalk_add_data -client sdk -key uid -value "1554648369000" -context "sdk\\\\bsp/1554648369000"
# webtalk_add_data -client sdk -key hwid -value "1554648201000" -context "sdk\\\\bsp/1554648369000"
# webtalk_add_data -client sdk -key os -value "freertos10_xilinx" -context "sdk\\\\bsp/1554648369000"
# webtalk_add_data -client sdk -key apptemplate -value "freertos_hello_world" -context "sdk\\\\bsp/1554648369000"
# webtalk_add_data -client sdk -key RecordType -value "BSPCreation" -context "sdk\\\\bsp/1554648369000"
# webtalk_add_data -client sdk -key uid -value "1554648374000" -context "sdk\\\\application/1554648374000"
# webtalk_add_data -client sdk -key hwid -value "1554648201000" -context "sdk\\\\application/1554648374000"
# webtalk_add_data -client sdk -key bspid -value "1554648369000" -context "sdk\\\\application/1554648374000"
# webtalk_add_data -client sdk -key newbsp -value "true" -context "sdk\\\\application/1554648374000"
# webtalk_add_data -client sdk -key os -value "freertos10_xilinx" -context "sdk\\\\application/1554648374000"
# webtalk_add_data -client sdk -key apptemplate -value "freertos_hello_world" -context "sdk\\\\application/1554648374000"
# webtalk_add_data -client sdk -key RecordType -value "APPCreation" -context "sdk\\\\application/1554648374000"
# webtalk_add_data -client sdk -key LangUsed -value "C" -context "sdk\\\\application/1554648374000"
# webtalk_add_data -client sdk -key Procused -value "ps7_cortexa9" -context "sdk\\\\application/1554648374000"
# webtalk_add_data -client sdk -key projSize -value "424.59375" -context "sdk\\\\application/1554648374000"
# webtalk_add_data -client sdk -key uid -value "1554658743000" -context "sdk\\\\bsp/1554658743000"
# webtalk_add_data -client sdk -key hwid -value "1554648201000" -context "sdk\\\\bsp/1554658743000"
# webtalk_add_data -client sdk -key os -value "standalone" -context "sdk\\\\bsp/1554658743000"
# webtalk_add_data -client sdk -key apptemplate -value "zynq_fsbl" -context "sdk\\\\bsp/1554658743000"
# webtalk_add_data -client sdk -key RecordType -value "BSPCreation" -context "sdk\\\\bsp/1554658743000"
# webtalk_add_data -client sdk -key uid -value "1554658751000" -context "sdk\\\\application/1554658751000"
# webtalk_add_data -client sdk -key hwid -value "1554648201000" -context "sdk\\\\application/1554658751000"
# webtalk_add_data -client sdk -key bspid -value "1554658743000" -context "sdk\\\\application/1554658751000"
# webtalk_add_data -client sdk -key newbsp -value "true" -context "sdk\\\\application/1554658751000"
# webtalk_add_data -client sdk -key os -value "standalone" -context "sdk\\\\application/1554658751000"
# webtalk_add_data -client sdk -key apptemplate -value "zynq_fsbl" -context "sdk\\\\application/1554658751000"
# webtalk_add_data -client sdk -key RecordType -value "APPCreation" -context "sdk\\\\application/1554658751000"
# webtalk_add_data -client sdk -key LangUsed -value "C" -context "sdk\\\\application/1554658751000"
# webtalk_add_data -client sdk -key Procused -value "ps7_cortexa9" -context "sdk\\\\application/1554658751000"
# webtalk_add_data -client sdk -key projSize -value "595.55859375" -context "sdk\\\\application/1554658751000"
# webtalk_add_data -client sdk -key uid -value "NA" -context "sdk\\\\bsp/1554709081133"
# webtalk_add_data -client sdk -key RecordType -value "ToolUsage" -context "sdk\\\\bsp/1554709081133"
# webtalk_add_data -client sdk -key BootgenCount -value "1" -context "sdk\\\\bsp/1554709081133"
# webtalk_add_data -client sdk -key DebugCount -value "0" -context "sdk\\\\bsp/1554709081133"
# webtalk_add_data -client sdk -key PerfCount -value "0" -context "sdk\\\\bsp/1554709081133"
# webtalk_add_data -client sdk -key FlashCount -value "0" -context "sdk\\\\bsp/1554709081133"
# webtalk_add_data -client sdk -key CrossTriggCount -value "0" -context "sdk\\\\bsp/1554709081133"
# webtalk_add_data -client sdk -key QemuDebugCount -value "0" -context "sdk\\\\bsp/1554709081133"
# webtalk_transmit -clientid 2520412355 -regid "211317514_1777524756_210686428_848" -xml /home/petr/Projects/fpga_edu/zedboard/wrk/ps_freertos_systems/sw/webtalk/usage_statistics_ext_sdk.xml -html /home/petr/Projects/fpga_edu/zedboard/wrk/ps_freertos_systems/sw/webtalk/usage_statistics_ext_sdk.html -wdm /home/petr/Projects/fpga_edu/zedboard/wrk/ps_freertos_systems/sw/webtalk/sdk_webtalk.wdm -intro "<H3>SDK Usage Report</H3><BR>"
# webtalk_terminate
INFO: [Common 17-206] Exiting Webtalk at Mon Apr  8 09:38:03 2019...
