# step 0 - setting peta linux environment
source ~/pkg/settings.sh

# step 1 - create project
petalinux-create -t project -n xvc_linux --template zynq

# from this step everything runs from this folder
cd xvc_linux

# step 2 - import hw configuration
petalinux-config --get-hw-description="../"

# configure SD card extfilesystem Boot - to create separate partition on the SD card with root file system
petalinux-config
                 +-- Select Image Packaging Configuration ---> Root filesystem type
                                                          ---> Select SD card
# configure kernel
petalinux-config -c kernel

# add custom c/c++ application
# this step goes after step 2
petalinux-create -t apps --template c --name xvcserver --enable

# change type of device for JTAG-Cable module in system-user.dtsi

# step 3 - build the system image
petalinux-build

# step 4 - generate boot image for Zynq 7000
petalinux-package --boot --fsbl images/linux/zynq_fsbl.elf  --fpga ../top_module.bit --u-boot images/linux/u-boot.elf


# step 5
# Copy a rootfs to SD card

sudo cp BOOT.BIN /run/media/petr/boot
sudo cp image.ub /run/media/petr/boot
sudo tar xvf rootfs.tar.gz -C /run/media/petr/root

kernel boot arguments
console=ttyPS0, 115200 earlyprintk uio_pdrv_genirq.of_id=generic-uio root=/dev/mmcblk0p2 rw rootwait


